<?xml version="1.0" encoding="UTF-8"?>
<robot generator="Robot 4.0 (Python 3.9.1 on win32)" generated="20220318 10:54:24.507" rpa="false" schemaversion="2">
<suite id="s1" name="Cadastro" source="c:\qaninja\robot\Web\Intranet\cadastro.robot">
<test id="s1-t1" name="Cadastro de cliente Pessoa Física e geração do contrato">
<for flavor="IN RANGE">
<var>${var}</var>
<value>1</value>
<iter>
<var name="${var}">0</var>
<kw name="Nova Sessão" library="base">
<kw name="Open Browser" library="SeleniumLibrary">
<arg>${url}</arg>
<arg>chrome</arg>
<doc>Opens a new browser instance to the optional ``url``.</doc>
<msg timestamp="20220318 10:54:25.424" level="INFO">Opening browser 'chrome' to base url 'https://hom1-intranet.sascar.com.br/sistemaWeb/index.php'.</msg>
<status status="PASS" starttime="20220318 10:54:25.424" endtime="20220318 10:54:29.256"/>
</kw>
<kw name="Maximize Browser Window" library="SeleniumLibrary">
<doc>Maximizes current browser window.</doc>
<status status="PASS" starttime="20220318 10:54:29.256" endtime="20220318 10:54:29.387"/>
</kw>
<kw name="Login With" library="base">
<kw name="Input Text" library="SeleniumLibrary">
<arg>css:input[name=login]</arg>
<arg>admin.desenv</arg>
<doc>Types the given ``text`` into the text field identified by ``locator``.</doc>
<msg timestamp="20220318 10:54:29.387" level="INFO">Typing text 'admin.desenv' into text field 'css:input[name=login]'.</msg>
<status status="PASS" starttime="20220318 10:54:29.387" endtime="20220318 10:54:29.507"/>
</kw>
<kw name="Input Text" library="SeleniumLibrary">
<arg>css:input[name=senha]</arg>
<arg>12345</arg>
<doc>Types the given ``text`` into the text field identified by ``locator``.</doc>
<msg timestamp="20220318 10:54:29.508" level="INFO">Typing text '12345' into text field 'css:input[name=senha]'.</msg>
<status status="PASS" starttime="20220318 10:54:29.507" endtime="20220318 10:54:29.619"/>
</kw>
<kw name="Click Element" library="SeleniumLibrary">
<arg>css:input[type=image]</arg>
<doc>Click the element identified by ``locator``.</doc>
<msg timestamp="20220318 10:54:29.619" level="INFO">Clicking element 'css:input[type=image]'.</msg>
<status status="PASS" starttime="20220318 10:54:29.619" endtime="20220318 10:54:30.771"/>
</kw>
<kw name="Evidencia" library="base">
<arg>login</arg>
<kw name="Evaluate" library="BuiltIn">
<var>${now}</var>
<arg>'{dt.day}.{dt.month}.{dt.year}.{dt.hour}.{dt.minute}.{dt.second}'.format(dt=datetime.datetime.now())</arg>
<arg>modules=datetime</arg>
<doc>Evaluates the given expression in Python and returns the result.</doc>
<msg timestamp="20220318 10:54:30.773" level="INFO">${now} = 18.3.2022.10.54.30</msg>
<status status="PASS" starttime="20220318 10:54:30.772" endtime="20220318 10:54:30.773"/>
</kw>
<kw name="Capture Page Screenshot" library="SeleniumLibrary">
<arg>${nome}-${now}.png</arg>
<doc>Takes a screenshot of the current page and embeds it into a log file.</doc>
<msg timestamp="20220318 10:54:30.974" level="INFO" html="true">&lt;/td&gt;&lt;/tr&gt;&lt;tr&gt;&lt;td colspan="3"&gt;&lt;a href="login-18.3.2022.10.54.30.png"&gt;&lt;img src="login-18.3.2022.10.54.30.png" width="800px"&gt;&lt;/a&gt;</msg>
<status status="PASS" starttime="20220318 10:54:30.773" endtime="20220318 10:54:30.974"/>
</kw>
<status status="PASS" starttime="20220318 10:54:30.772" endtime="20220318 10:54:30.975"/>
</kw>
<status status="PASS" starttime="20220318 10:54:29.387" endtime="20220318 10:54:30.975"/>
</kw>
<status status="PASS" starttime="20220318 10:54:25.424" endtime="20220318 10:54:30.975"/>
</kw>
<kw name="Classe Contrato" library="base">
<var>${classe}</var>
<kw name="Set Variable" library="BuiltIn">
<var>${classe2}</var>
<arg>2</arg>
<doc>Returns the given values which can then be assigned to a variables.</doc>
<msg timestamp="20220318 10:54:30.976" level="INFO">${classe2} = 2</msg>
<status status="PASS" starttime="20220318 10:54:30.976" endtime="20220318 10:54:30.976"/>
</kw>
<kw name="Set Variable" library="BuiltIn">
<var>${classe4}</var>
<arg>4</arg>
<doc>Returns the given values which can then be assigned to a variables.</doc>
<msg timestamp="20220318 10:54:30.977" level="INFO">${classe4} = 4</msg>
<status status="PASS" starttime="20220318 10:54:30.977" endtime="20220318 10:54:30.977"/>
</kw>
<kw name="Set Variable" library="BuiltIn">
<var>${classe5}</var>
<arg>5</arg>
<doc>Returns the given values which can then be assigned to a variables.</doc>
<msg timestamp="20220318 10:54:30.977" level="INFO">${classe5} = 5</msg>
<status status="PASS" starttime="20220318 10:54:30.977" endtime="20220318 10:54:30.977"/>
</kw>
<kw name="Set Variable" library="BuiltIn">
<var>${classe6}</var>
<arg>6</arg>
<doc>Returns the given values which can then be assigned to a variables.</doc>
<msg timestamp="20220318 10:54:30.978" level="INFO">${classe6} = 6</msg>
<status status="PASS" starttime="20220318 10:54:30.978" endtime="20220318 10:54:30.978"/>
</kw>
<kw name="Set Variable" library="BuiltIn">
<var>${classe7}</var>
<arg>7</arg>
<doc>Returns the given values which can then be assigned to a variables.</doc>
<msg timestamp="20220318 10:54:30.979" level="INFO">${classe7} = 7</msg>
<status status="PASS" starttime="20220318 10:54:30.978" endtime="20220318 10:54:30.979"/>
</kw>
<kw name="Set Variable" library="BuiltIn">
<var>${classe8}</var>
<arg>8</arg>
<doc>Returns the given values which can then be assigned to a variables.</doc>
<msg timestamp="20220318 10:54:30.979" level="INFO">${classe8} = 8</msg>
<status status="PASS" starttime="20220318 10:54:30.979" endtime="20220318 10:54:30.979"/>
</kw>
<kw name="Set Variable" library="BuiltIn">
<var>${classe9}</var>
<arg>9</arg>
<doc>Returns the given values which can then be assigned to a variables.</doc>
<msg timestamp="20220318 10:54:30.980" level="INFO">${classe9} = 9</msg>
<status status="PASS" starttime="20220318 10:54:30.980" endtime="20220318 10:54:30.980"/>
</kw>
<kw name="Set Variable" library="BuiltIn">
<var>${classe10}</var>
<arg>10</arg>
<doc>Returns the given values which can then be assigned to a variables.</doc>
<msg timestamp="20220318 10:54:30.980" level="INFO">${classe10} = 10</msg>
<status status="PASS" starttime="20220318 10:54:30.980" endtime="20220318 10:54:30.980"/>
</kw>
<kw name="Evaluate" library="BuiltIn">
<var>${random}</var>
<arg>random.randint(4, 10)</arg>
<doc>Evaluates the given expression in Python and returns the result.</doc>
<msg timestamp="20220318 10:54:30.981" level="INFO">${random} = 10</msg>
<status status="PASS" starttime="20220318 10:54:30.980" endtime="20220318 10:54:30.981"/>
</kw>
<if>
<branch type="IF" condition="'${random}' == '${classe2}'">
<kw name="Set Variable" library="BuiltIn">
<var>${classe.nome}</var>
<arg>CCO - MONITORAMENTO LOGÍSTICO</arg>
<doc>Returns the given values which can then be assigned to a variables.</doc>
<status status="NOT RUN" starttime="20220318 10:54:30.981" endtime="20220318 10:54:30.981"/>
</kw>
<kw name="Set Variable" library="BuiltIn">
<var>${classe.valorMonit}</var>
<arg>5000</arg>
<doc>Returns the given values which can then be assigned to a variables.</doc>
<status status="NOT RUN" starttime="20220318 10:54:30.981" endtime="20220318 10:54:30.981"/>
</kw>
<kw name="Set Variable" library="BuiltIn">
<var>${classe.valorServ}</var>
<arg>5000</arg>
<doc>Returns the given values which can then be assigned to a variables.</doc>
<status status="NOT RUN" starttime="20220318 10:54:30.981" endtime="20220318 10:54:30.981"/>
</kw>
<kw name="Set Variable" library="BuiltIn">
<var>${classe.valorTax}</var>
<arg>2500</arg>
<doc>Returns the given values which can then be assigned to a variables.</doc>
<status status="NOT RUN" starttime="20220318 10:54:30.981" endtime="20220318 10:54:30.982"/>
</kw>
<status status="NOT RUN" starttime="20220318 10:54:30.981" endtime="20220318 10:54:30.982"/>
</branch>
<status status="PASS" starttime="20220318 10:54:30.981" endtime="20220318 10:54:30.982"/>
</if>
<if>
<branch type="IF" condition="'${random}' == '${classe4}'">
<kw name="Set Variable" library="BuiltIn">
<var>${classe.nome}</var>
<arg>GPS/GSM</arg>
<doc>Returns the given values which can then be assigned to a variables.</doc>
<status status="NOT RUN" starttime="20220318 10:54:30.982" endtime="20220318 10:54:30.982"/>
</kw>
<kw name="Set Variable" library="BuiltIn">
<var>${classe.valorMonit}</var>
<arg>7000</arg>
<doc>Returns the given values which can then be assigned to a variables.</doc>
<status status="NOT RUN" starttime="20220318 10:54:30.982" endtime="20220318 10:54:30.982"/>
</kw>
<kw name="Set Variable" library="BuiltIn">
<var>${classe.valorServ}</var>
<arg>7000</arg>
<doc>Returns the given values which can then be assigned to a variables.</doc>
<status status="NOT RUN" starttime="20220318 10:54:30.983" endtime="20220318 10:54:30.983"/>
</kw>
<kw name="Set Variable" library="BuiltIn">
<var>${classe.valorTax}</var>
<arg>8500</arg>
<doc>Returns the given values which can then be assigned to a variables.</doc>
<status status="NOT RUN" starttime="20220318 10:54:30.983" endtime="20220318 10:54:30.983"/>
</kw>
<status status="NOT RUN" starttime="20220318 10:54:30.982" endtime="20220318 10:54:30.983"/>
</branch>
<status status="PASS" starttime="20220318 10:54:30.982" endtime="20220318 10:54:30.983"/>
</if>
<if>
<branch type="IF" condition="'${random}' == '${classe5}'">
<kw name="Set Variable" library="BuiltIn">
<var>${classe.nome}</var>
<arg>GSM/GPS PLUS</arg>
<doc>Returns the given values which can then be assigned to a variables.</doc>
<status status="NOT RUN" starttime="20220318 10:54:30.983" endtime="20220318 10:54:30.983"/>
</kw>
<kw name="Set Variable" library="BuiltIn">
<var>${classe.valorMonit}</var>
<arg>6000</arg>
<doc>Returns the given values which can then be assigned to a variables.</doc>
<status status="NOT RUN" starttime="20220318 10:54:30.983" endtime="20220318 10:54:30.983"/>
</kw>
<kw name="Set Variable" library="BuiltIn">
<var>${classe.valorServ}</var>
<arg>6000</arg>
<doc>Returns the given values which can then be assigned to a variables.</doc>
<status status="NOT RUN" starttime="20220318 10:54:30.984" endtime="20220318 10:54:30.984"/>
</kw>
<kw name="Set Variable" library="BuiltIn">
<var>${classe.valorTax}</var>
<arg>9000</arg>
<doc>Returns the given values which can then be assigned to a variables.</doc>
<status status="NOT RUN" starttime="20220318 10:54:30.984" endtime="20220318 10:54:30.984"/>
</kw>
<status status="NOT RUN" starttime="20220318 10:54:30.983" endtime="20220318 10:54:30.984"/>
</branch>
<status status="PASS" starttime="20220318 10:54:30.983" endtime="20220318 10:54:30.984"/>
</if>
<if>
<branch type="IF" condition="'${random}' == '${classe6}'">
<kw name="Set Variable" library="BuiltIn">
<var>${classe.nome}</var>
<arg>RF NACIONAL</arg>
<doc>Returns the given values which can then be assigned to a variables.</doc>
<status status="NOT RUN" starttime="20220318 10:54:30.984" endtime="20220318 10:54:30.984"/>
</kw>
<kw name="Set Variable" library="BuiltIn">
<var>${classe.valorMonit}</var>
<arg>5500</arg>
<doc>Returns the given values which can then be assigned to a variables.</doc>
<status status="NOT RUN" starttime="20220318 10:54:30.984" endtime="20220318 10:54:30.984"/>
</kw>
<kw name="Set Variable" library="BuiltIn">
<var>${classe.valorServ}</var>
<arg>5500</arg>
<doc>Returns the given values which can then be assigned to a variables.</doc>
<status status="NOT RUN" starttime="20220318 10:54:30.985" endtime="20220318 10:54:30.985"/>
</kw>
<kw name="Set Variable" library="BuiltIn">
<var>${classe.valorTax}</var>
<arg>18000</arg>
<doc>Returns the given values which can then be assigned to a variables.</doc>
<status status="NOT RUN" starttime="20220318 10:54:30.985" endtime="20220318 10:54:30.985"/>
</kw>
<status status="NOT RUN" starttime="20220318 10:54:30.984" endtime="20220318 10:54:30.985"/>
</branch>
<status status="PASS" starttime="20220318 10:54:30.984" endtime="20220318 10:54:30.985"/>
</if>
<if>
<branch type="IF" condition="'${random}' == '${classe7}'">
<kw name="Set Variable" library="BuiltIn">
<var>${classe.nome}</var>
<arg>SASCARGA</arg>
<doc>Returns the given values which can then be assigned to a variables.</doc>
<status status="NOT RUN" starttime="20220318 10:54:30.985" endtime="20220318 10:54:30.985"/>
</kw>
<kw name="Set Variable" library="BuiltIn">
<var>${classe.valorMonit}</var>
<arg>10000</arg>
<doc>Returns the given values which can then be assigned to a variables.</doc>
<status status="NOT RUN" starttime="20220318 10:54:30.985" endtime="20220318 10:54:30.985"/>
</kw>
<kw name="Set Variable" library="BuiltIn">
<var>${classe.valorServ}</var>
<arg>10000</arg>
<doc>Returns the given values which can then be assigned to a variables.</doc>
<status status="NOT RUN" starttime="20220318 10:54:30.986" endtime="20220318 10:54:30.986"/>
</kw>
<kw name="Set Variable" library="BuiltIn">
<var>${classe.valorTax}</var>
<arg>11590</arg>
<doc>Returns the given values which can then be assigned to a variables.</doc>
<status status="NOT RUN" starttime="20220318 10:54:30.986" endtime="20220318 10:54:30.986"/>
</kw>
<status status="NOT RUN" starttime="20220318 10:54:30.985" endtime="20220318 10:54:30.986"/>
</branch>
<status status="PASS" starttime="20220318 10:54:30.985" endtime="20220318 10:54:30.986"/>
</if>
<if>
<branch type="IF" condition="'${random}' == '${classe8}'">
<kw name="Set Variable" library="BuiltIn">
<var>${classe.nome}</var>
<arg>SASCARGA FULL SAT 500</arg>
<doc>Returns the given values which can then be assigned to a variables.</doc>
<status status="NOT RUN" starttime="20220318 10:54:30.987" endtime="20220318 10:54:30.987"/>
</kw>
<kw name="Set Variable" library="BuiltIn">
<var>${classe.valorMonit}</var>
<arg>18300</arg>
<doc>Returns the given values which can then be assigned to a variables.</doc>
<status status="NOT RUN" starttime="20220318 10:54:30.987" endtime="20220318 10:54:30.987"/>
</kw>
<kw name="Set Variable" library="BuiltIn">
<var>${classe.valorServ}</var>
<arg>18300</arg>
<doc>Returns the given values which can then be assigned to a variables.</doc>
<status status="NOT RUN" starttime="20220318 10:54:30.987" endtime="20220318 10:54:30.987"/>
</kw>
<kw name="Set Variable" library="BuiltIn">
<var>${classe.valorTax}</var>
<arg>12900</arg>
<doc>Returns the given values which can then be assigned to a variables.</doc>
<status status="NOT RUN" starttime="20220318 10:54:30.987" endtime="20220318 10:54:30.987"/>
</kw>
<status status="NOT RUN" starttime="20220318 10:54:30.987" endtime="20220318 10:54:30.987"/>
</branch>
<status status="PASS" starttime="20220318 10:54:30.986" endtime="20220318 10:54:30.987"/>
</if>
<if>
<branch type="IF" condition="'${random}' == '${classe9}'">
<kw name="Set Variable" library="BuiltIn">
<var>${classe.nome}</var>
<arg>SASMDT</arg>
<doc>Returns the given values which can then be assigned to a variables.</doc>
<status status="NOT RUN" starttime="20220318 10:54:30.988" endtime="20220318 10:54:30.988"/>
</kw>
<kw name="Set Variable" library="BuiltIn">
<var>${classe.valorMonit}</var>
<arg>10500</arg>
<doc>Returns the given values which can then be assigned to a variables.</doc>
<status status="NOT RUN" starttime="20220318 10:54:30.988" endtime="20220318 10:54:30.988"/>
</kw>
<kw name="Set Variable" library="BuiltIn">
<var>${classe.valorServ}</var>
<arg>10500</arg>
<doc>Returns the given values which can then be assigned to a variables.</doc>
<status status="NOT RUN" starttime="20220318 10:54:30.988" endtime="20220318 10:54:30.988"/>
</kw>
<kw name="Set Variable" library="BuiltIn">
<var>${classe.valorTax}</var>
<arg>10000</arg>
<doc>Returns the given values which can then be assigned to a variables.</doc>
<status status="NOT RUN" starttime="20220318 10:54:30.988" endtime="20220318 10:54:30.988"/>
</kw>
<status status="NOT RUN" starttime="20220318 10:54:30.987" endtime="20220318 10:54:30.988"/>
</branch>
<status status="PASS" starttime="20220318 10:54:30.987" endtime="20220318 10:54:30.988"/>
</if>
<if>
<branch type="IF" condition="'${random}' == '${classe10}'">
<kw name="Set Variable" library="BuiltIn">
<var>${classe.nome}</var>
<arg>SASTM FULL SAT III</arg>
<doc>Returns the given values which can then be assigned to a variables.</doc>
<msg timestamp="20220318 10:54:30.989" level="INFO">${classe.nome} = SASTM FULL SAT III</msg>
<status status="PASS" starttime="20220318 10:54:30.988" endtime="20220318 10:54:30.989"/>
</kw>
<kw name="Set Variable" library="BuiltIn">
<var>${classe.valorMonit}</var>
<arg>27000</arg>
<doc>Returns the given values which can then be assigned to a variables.</doc>
<msg timestamp="20220318 10:54:30.989" level="INFO">${classe.valorMonit} = 27000</msg>
<status status="PASS" starttime="20220318 10:54:30.989" endtime="20220318 10:54:30.989"/>
</kw>
<kw name="Set Variable" library="BuiltIn">
<var>${classe.valorServ}</var>
<arg>27000</arg>
<doc>Returns the given values which can then be assigned to a variables.</doc>
<msg timestamp="20220318 10:54:30.990" level="INFO">${classe.valorServ} = 27000</msg>
<status status="PASS" starttime="20220318 10:54:30.989" endtime="20220318 10:54:30.990"/>
</kw>
<kw name="Set Variable" library="BuiltIn">
<var>${classe.valorTax}</var>
<arg>13000</arg>
<doc>Returns the given values which can then be assigned to a variables.</doc>
<msg timestamp="20220318 10:54:30.990" level="INFO">${classe.valorTax} = 13000</msg>
<status status="PASS" starttime="20220318 10:54:30.990" endtime="20220318 10:54:30.990"/>
</kw>
<status status="PASS" starttime="20220318 10:54:30.988" endtime="20220318 10:54:30.990"/>
</branch>
<status status="PASS" starttime="20220318 10:54:30.988" endtime="20220318 10:54:30.990"/>
</if>
<msg timestamp="20220318 10:54:30.991" level="INFO">${classe} = {'nome': 'SASTM FULL SAT III', 'valorMonit': '27000', 'valorServ': '27000', 'valorTax': '13000'}</msg>
<status status="PASS" starttime="20220318 10:54:30.975" endtime="20220318 10:54:30.991"/>
</kw>
<kw name="Novo Contrato PF" library="base">
<var>${termo}</var>
<arg>${classe.nome}</arg>
<arg>${classe.valorMonit}</arg>
<arg>${classe.valorServ}</arg>
<arg>${classe.valorTax}</arg>
<kw name="Cpf" library="FakerLibrary">
<var>${cpf}</var>
<msg timestamp="20220318 10:54:30.996" level="INFO">${cpf} = 612.750.498-85</msg>
<status status="PASS" starttime="20220318 10:54:30.993" endtime="20220318 10:54:30.996"/>
</kw>
<kw name="Rg" library="FakerLibrary">
<var>${rg}</var>
<doc>Brazilian RG, return plain numbers.
Check:  https://www.ngmatematica.com/2014/02/como-determinar-o-digito-verificador-do.html</doc>
<msg timestamp="20220318 10:54:30.997" level="INFO">${rg} = 154206386</msg>
<status status="PASS" starttime="20220318 10:54:30.996" endtime="20220318 10:54:30.997"/>
</kw>
<kw name="Name" library="FakerLibrary">
<var>${nome}</var>
<doc>:example 'John Doe'</doc>
<msg timestamp="20220318 10:54:30.997" level="INFO">${nome} = Emanuella Novaes</msg>
<status status="PASS" starttime="20220318 10:54:30.997" endtime="20220318 10:54:30.998"/>
</kw>
<kw name="Name" library="FakerLibrary">
<var>${nomeMae}</var>
<doc>:example 'John Doe'</doc>
<msg timestamp="20220318 10:54:30.998" level="INFO">${nomeMae} = Clarice Correia</msg>
<status status="PASS" starttime="20220318 10:54:30.998" endtime="20220318 10:54:30.998"/>
</kw>
<kw name="Email" library="FakerLibrary">
<var>${email}</var>
<msg timestamp="20220318 10:54:30.998" level="INFO">${email} = maria-luiza48@da.net</msg>
<status status="PASS" starttime="20220318 10:54:30.998" endtime="20220318 10:54:30.998"/>
</kw>
<kw name="Email" library="FakerLibrary">
<var>${emailFinanceiro}</var>
<msg timestamp="20220318 10:54:30.999" level="INFO">${emailFinanceiro} = heitor73@nogueira.br</msg>
<status status="PASS" starttime="20220318 10:54:30.998" endtime="20220318 10:54:30.999"/>
</kw>
<kw name="Ean" library="FakerLibrary">
<var>${chassi}</var>
<doc>Generate an EAN barcode of the specified ``length``.</doc>
<msg timestamp="20220318 10:54:30.999" level="INFO">${chassi} = 7704660511243</msg>
<status status="PASS" starttime="20220318 10:54:30.999" endtime="20220318 10:54:30.999"/>
</kw>
<kw name="Ean 8" library="FakerLibrary">
<var>${placa}</var>
<doc>Generate an EAN-8 barcode.</doc>
<msg timestamp="20220318 10:54:30.999" level="INFO">${placa} = 53942227</msg>
<status status="PASS" starttime="20220318 10:54:30.999" endtime="20220318 10:54:30.999"/>
</kw>
<kw name="Phone Number" library="FakerLibrary">
<var>${fone1}</var>
<msg timestamp="20220318 10:54:31.000" level="INFO">${fone1} = 41 5949-5227</msg>
<status status="PASS" starttime="20220318 10:54:31.000" endtime="20220318 10:54:31.000"/>
</kw>
<kw name="Phone Number" library="FakerLibrary">
<var>${fone2}</var>
<msg timestamp="20220318 10:54:31.000" level="INFO">${fone2} = (081) 9171-5503</msg>
<status status="PASS" starttime="20220318 10:54:31.000" endtime="20220318 10:54:31.000"/>
</kw>
<kw name="Phone Number" library="FakerLibrary">
<var>${fone3}</var>
<msg timestamp="20220318 10:54:31.001" level="INFO">${fone3} = +55 61 5978-2543</msg>
<status status="PASS" starttime="20220318 10:54:31.000" endtime="20220318 10:54:31.001"/>
</kw>
<kw name="Year" library="FakerLibrary">
<var>${ano}</var>
<msg timestamp="20220318 10:54:31.001" level="INFO">${ano} = 1992</msg>
<status status="PASS" starttime="20220318 10:54:31.001" endtime="20220318 10:54:31.001"/>
</kw>
<kw name="Color Name" library="FakerLibrary">
<var>${cor}</var>
<doc>Generate a color name.</doc>
<msg timestamp="20220318 10:54:31.001" level="INFO">${cor} = Fúcsia</msg>
<status status="PASS" starttime="20220318 10:54:31.001" endtime="20220318 10:54:31.001"/>
</kw>
<kw name="Text" library="FakerLibrary">
<var>${texto}</var>
<doc>Generate a text string.</doc>
<msg timestamp="20220318 10:54:31.002" level="INFO">${texto} = Architecto vel et. Omnis nesciunt a nihil et nihil.
Quisquam officiis voluptate totam laborum voluptate. A incidunt consectetur illo. Nesciunt a quidem tenetur saepe qui.</msg>
<status status="PASS" starttime="20220318 10:54:31.002" endtime="20220318 10:54:31.002"/>
</kw>
<kw name="Click Element" library="SeleniumLibrary">
<arg>xpath=//a[contains(text(),'Principal')]</arg>
<doc>Click the element identified by ``locator``.</doc>
<msg timestamp="20220318 10:54:31.002" level="INFO">Clicking element 'xpath=//a[contains(text(),'Principal')]'.</msg>
<status status="PASS" starttime="20220318 10:54:31.002" endtime="20220318 10:54:31.427"/>
</kw>
<kw name="Click Element" library="SeleniumLibrary">
<arg>xpath=//a[contains(@href, 'pre_cadastro.php')]</arg>
<doc>Click the element identified by ``locator``.</doc>
<msg timestamp="20220318 10:54:31.428" level="INFO">Clicking element 'xpath=//a[contains(@href, 'pre_cadastro.php')]'.</msg>
<status status="PASS" starttime="20220318 10:54:31.428" endtime="20220318 10:54:32.369"/>
</kw>
<kw name="Click Element" library="SeleniumLibrary">
<arg>xpath=//input[@name='bt_envia']</arg>
<doc>Click the element identified by ``locator``.</doc>
<msg timestamp="20220318 10:54:32.369" level="INFO">Clicking element 'xpath=//input[@name='bt_envia']'.</msg>
<status status="PASS" starttime="20220318 10:54:32.369" endtime="20220318 10:54:34.103"/>
</kw>
<kw name="Click Element" library="SeleniumLibrary">
<arg>xpath=//select[@id='id_proposta']</arg>
<doc>Click the element identified by ``locator``.</doc>
<msg timestamp="20220318 10:54:34.103" level="INFO">Clicking element 'xpath=//select[@id='id_proposta']'.</msg>
<status status="PASS" starttime="20220318 10:54:34.103" endtime="20220318 10:54:34.186"/>
</kw>
<kw name="Select From List By Label" library="SeleniumLibrary">
<arg>id=id_proposta</arg>
<arg>Mensalidade Locação</arg>
<doc>Selects options from selection list ``locator`` by ``labels``.</doc>
<msg timestamp="20220318 10:54:34.187" level="INFO">Selecting options from selection list 'id=id_proposta' by label Mensalidade Locação.</msg>
<status status="PASS" starttime="20220318 10:54:34.187" endtime="20220318 10:54:34.285"/>
</kw>
<kw name="Select From List By Label" library="SeleniumLibrary">
<arg>xpath=//select[@id='prptpcoid']</arg>
<arg>Cliente</arg>
<doc>Selects options from selection list ``locator`` by ``labels``.</doc>
<msg timestamp="20220318 10:54:34.286" level="INFO">Selecting options from selection list 'xpath=//select[@id='prptpcoid']' by label Cliente.</msg>
<status status="PASS" starttime="20220318 10:54:34.286" endtime="20220318 10:54:35.745"/>
</kw>
<kw name="Click Element" library="SeleniumLibrary">
<arg>xpath=//input[@id='prptipo_pessoa_fis']</arg>
<doc>Click the element identified by ``locator``.</doc>
<msg timestamp="20220318 10:54:35.745" level="INFO">Clicking element 'xpath=//input[@id='prptipo_pessoa_fis']'.</msg>
<status status="PASS" starttime="20220318 10:54:35.745" endtime="20220318 10:54:36.342"/>
</kw>
<kw name="Input Text" library="SeleniumLibrary">
<arg>css=#prpno_cpf_cgc_fis</arg>
<arg>${cpf}</arg>
<doc>Types the given ``text`` into the text field identified by ``locator``.</doc>
<msg timestamp="20220318 10:54:36.343" level="INFO">Typing text '612.750.498-85' into text field 'css=#prpno_cpf_cgc_fis'.</msg>
<status status="PASS" starttime="20220318 10:54:36.342" endtime="20220318 10:54:36.524"/>
</kw>
<kw name="Input Text" library="SeleniumLibrary">
<arg>css=#prplocatario_fis</arg>
<arg>${nome}</arg>
<doc>Types the given ``text`` into the text field identified by ``locator``.</doc>
<msg timestamp="20220318 10:54:36.524" level="INFO">Typing text 'Emanuella Novaes' into text field 'css=#prplocatario_fis'.</msg>
<status status="PASS" starttime="20220318 10:54:36.524" endtime="20220318 10:54:36.710"/>
</kw>
<kw name="Input Text" library="SeleniumLibrary">
<arg>css=#prpno_rg</arg>
<arg>${rg}</arg>
<doc>Types the given ``text`` into the text field identified by ``locator``.</doc>
<msg timestamp="20220318 10:54:36.710" level="INFO">Typing text '154206386' into text field 'css=#prpno_rg'.</msg>
<status status="PASS" starttime="20220318 10:54:36.710" endtime="20220318 10:54:36.837"/>
</kw>
<kw name="Select From List By Label" library="SeleniumLibrary">
<arg>id=prpemissor_rg</arg>
<arg>SSP - Secretaria de Segurança Pública</arg>
<doc>Selects options from selection list ``locator`` by ``labels``.</doc>
<msg timestamp="20220318 10:54:36.838" level="INFO">Selecting options from selection list 'id=prpemissor_rg' by label SSP - Secretaria de Segurança Pública.</msg>
<status status="PASS" starttime="20220318 10:54:36.837" endtime="20220318 10:54:36.956"/>
</kw>
<kw name="Input Text" library="SeleniumLibrary">
<arg>css=#prpdt_nascimento_fis</arg>
<arg>01/01/1990</arg>
<doc>Types the given ``text`` into the text field identified by ``locator``.</doc>
<msg timestamp="20220318 10:54:36.956" level="INFO">Typing text '01/01/1990' into text field 'css=#prpdt_nascimento_fis'.</msg>
<status status="PASS" starttime="20220318 10:54:36.956" endtime="20220318 10:54:37.083"/>
</kw>
<kw name="Input Text" library="SeleniumLibrary">
<arg>css=#prpmae</arg>
<arg>${nomeMae}</arg>
<doc>Types the given ``text`` into the text field identified by ``locator``.</doc>
<msg timestamp="20220318 10:54:37.083" level="INFO">Typing text 'Clarice Correia' into text field 'css=#prpmae'.</msg>
<status status="PASS" starttime="20220318 10:54:37.083" endtime="20220318 10:54:37.222"/>
</kw>
<kw name="Input Text" library="SeleniumLibrary">
<arg>css=#prpno_cep1</arg>
<arg>80320180</arg>
<doc>Types the given ``text`` into the text field identified by ``locator``.</doc>
<msg timestamp="20220318 10:54:37.222" level="INFO">Typing text '80320180' into text field 'css=#prpno_cep1'.</msg>
<status status="PASS" starttime="20220318 10:54:37.222" endtime="20220318 10:54:37.426"/>
</kw>
<kw name="Input Text" library="SeleniumLibrary">
<arg>css=#prpno_endereco1</arg>
<arg>1234</arg>
<doc>Types the given ``text`` into the text field identified by ``locator``.</doc>
<msg timestamp="20220318 10:54:37.426" level="INFO">Typing text '1234' into text field 'css=#prpno_endereco1'.</msg>
<status status="PASS" starttime="20220318 10:54:37.426" endtime="20220318 10:54:37.617"/>
</kw>
<kw name="Input Text" library="SeleniumLibrary">
<arg>css=#prpcompl1</arg>
<arg>bloco 1 ap 1</arg>
<doc>Types the given ``text`` into the text field identified by ``locator``.</doc>
<msg timestamp="20220318 10:54:37.617" level="INFO">Typing text 'bloco 1 ap 1' into text field 'css=#prpcompl1'.</msg>
<status status="PASS" starttime="20220318 10:54:37.617" endtime="20220318 10:54:37.760"/>
</kw>
<kw name="Input Text" library="SeleniumLibrary">
<arg>css=#prpfone1</arg>
<arg>${fone1}</arg>
<doc>Types the given ``text`` into the text field identified by ``locator``.</doc>
<msg timestamp="20220318 10:54:37.760" level="INFO">Typing text '41 5949-5227' into text field 'css=#prpfone1'.</msg>
<status status="PASS" starttime="20220318 10:54:37.760" endtime="20220318 10:54:37.889"/>
</kw>
<kw name="Input Text" library="SeleniumLibrary">
<arg>css=#prpfone2</arg>
<arg>${fone2}</arg>
<doc>Types the given ``text`` into the text field identified by ``locator``.</doc>
<msg timestamp="20220318 10:54:37.890" level="INFO">Typing text '(081) 9171-5503' into text field 'css=#prpfone2'.</msg>
<status status="PASS" starttime="20220318 10:54:37.889" endtime="20220318 10:54:38.011"/>
</kw>
<kw name="Input Text" library="SeleniumLibrary">
<arg>css=#prpfone3</arg>
<arg>${fone3}</arg>
<doc>Types the given ``text`` into the text field identified by ``locator``.</doc>
<msg timestamp="20220318 10:54:38.011" level="INFO">Typing text '+55 61 5978-2543' into text field 'css=#prpfone3'.</msg>
<status status="PASS" starttime="20220318 10:54:38.011" endtime="20220318 10:54:38.136"/>
</kw>
<kw name="Input Text" library="SeleniumLibrary">
<arg>css=#prpemail</arg>
<arg>${email}</arg>
<doc>Types the given ``text`` into the text field identified by ``locator``.</doc>
<msg timestamp="20220318 10:54:38.137" level="INFO">Typing text 'maria-luiza48@da.net' into text field 'css=#prpemail'.</msg>
<status status="PASS" starttime="20220318 10:54:38.136" endtime="20220318 10:54:38.316"/>
</kw>
<kw name="Input Text" library="SeleniumLibrary">
<arg>css=#prpemail_nfe</arg>
<arg>${emailFinanceiro}</arg>
<doc>Types the given ``text`` into the text field identified by ``locator``.</doc>
<msg timestamp="20220318 10:54:38.327" level="INFO">Typing text 'heitor73@nogueira.br' into text field 'css=#prpemail_nfe'.</msg>
<status status="PASS" starttime="20220318 10:54:38.316" endtime="20220318 10:54:38.448"/>
</kw>
<kw name="Click Element" library="SeleniumLibrary">
<arg>xpath=//input[@id='copiar_dados_cobranca']</arg>
<doc>Click the element identified by ``locator``.</doc>
<msg timestamp="20220318 10:54:38.449" level="INFO">Clicking element 'xpath=//input[@id='copiar_dados_cobranca']'.</msg>
<status status="PASS" starttime="20220318 10:54:38.448" endtime="20220318 10:54:38.514"/>
</kw>
<kw name="Click Element" library="SeleniumLibrary">
<arg>xpath=//input[@id='copiar_dados']</arg>
<doc>Click the element identified by ``locator``.</doc>
<msg timestamp="20220318 10:54:38.514" level="INFO">Clicking element 'xpath=//input[@id='copiar_dados']'.</msg>
<status status="PASS" starttime="20220318 10:54:38.514" endtime="20220318 10:54:38.578"/>
</kw>
<kw name="Input Text" library="SeleniumLibrary">
<arg>css=#prpchassi</arg>
<arg>${chassi}</arg>
<doc>Types the given ``text`` into the text field identified by ``locator``.</doc>
<msg timestamp="20220318 10:54:38.579" level="INFO">Typing text '7704660511243' into text field 'css=#prpchassi'.</msg>
<status status="PASS" starttime="20220318 10:54:38.578" endtime="20220318 10:54:38.698"/>
</kw>
<kw name="Input Text" library="SeleniumLibrary">
<arg>css=#prpplaca</arg>
<arg>${placa}</arg>
<doc>Types the given ``text`` into the text field identified by ``locator``.</doc>
<msg timestamp="20220318 10:54:38.698" level="INFO">Typing text '53942227' into text field 'css=#prpplaca'.</msg>
<status status="PASS" starttime="20220318 10:54:38.698" endtime="20220318 10:54:38.807"/>
</kw>
<kw name="Select From List By Label" library="SeleniumLibrary">
<arg>id=prpmcaoid</arg>
<arg>8.160 DRC</arg>
<doc>Selects options from selection list ``locator`` by ``labels``.</doc>
<msg timestamp="20220318 10:54:38.808" level="INFO">Selecting options from selection list 'id=prpmcaoid' by label 8.160 DRC.</msg>
<status status="PASS" starttime="20220318 10:54:38.808" endtime="20220318 10:54:38.922"/>
</kw>
<kw name="Sleep" library="BuiltIn">
<arg>2</arg>
<doc>Pauses the test executed for the given time.</doc>
<msg timestamp="20220318 10:54:40.938" level="INFO">Slept 2 seconds</msg>
<status status="PASS" starttime="20220318 10:54:38.922" endtime="20220318 10:54:40.938"/>
</kw>
<kw name="Select From List By Label" library="SeleniumLibrary">
<arg>id=prpmlooid</arg>
<arg>TESTE</arg>
<doc>Selects options from selection list ``locator`` by ``labels``.</doc>
<msg timestamp="20220318 10:54:40.938" level="INFO">Selecting options from selection list 'id=prpmlooid' by label TESTE.</msg>
<status status="PASS" starttime="20220318 10:54:40.938" endtime="20220318 10:54:41.055"/>
</kw>
<kw name="Input Text" library="SeleniumLibrary">
<arg>css=#prpno_ano</arg>
<arg>2017</arg>
<doc>Types the given ``text`` into the text field identified by ``locator``.</doc>
<msg timestamp="20220318 10:54:41.056" level="INFO">Typing text '2017' into text field 'css=#prpno_ano'.</msg>
<status status="PASS" starttime="20220318 10:54:41.056" endtime="20220318 10:54:41.157"/>
</kw>
<kw name="Input Text" library="SeleniumLibrary">
<arg>css=#prpcor</arg>
<arg>${cor}</arg>
<doc>Types the given ``text`` into the text field identified by ``locator``.</doc>
<msg timestamp="20220318 10:54:41.158" level="INFO">Typing text 'Fúcsia' into text field 'css=#prpcor'.</msg>
<status status="PASS" starttime="20220318 10:54:41.157" endtime="20220318 10:54:41.297"/>
</kw>
<kw name="Input Text" library="SeleniumLibrary">
<arg>css=#prprenavam</arg>
<arg>${chassi}</arg>
<doc>Types the given ``text`` into the text field identified by ``locator``.</doc>
<msg timestamp="20220318 10:54:41.297" level="INFO">Typing text '7704660511243' into text field 'css=#prprenavam'.</msg>
<status status="PASS" starttime="20220318 10:54:41.297" endtime="20220318 10:54:41.416"/>
</kw>
<kw name="Click Element" library="SeleniumLibrary">
<arg>xpath=//input[@id='bt_add_veiculo']</arg>
<doc>Click the element identified by ``locator``.</doc>
<msg timestamp="20220318 10:54:41.416" level="INFO">Clicking element 'xpath=//input[@id='bt_add_veiculo']'.</msg>
<status status="PASS" starttime="20220318 10:54:41.416" endtime="20220318 10:54:41.475"/>
</kw>
<kw name="Sleep" library="BuiltIn">
<arg>2</arg>
<doc>Pauses the test executed for the given time.</doc>
<msg timestamp="20220318 10:54:43.487" level="INFO">Slept 2 seconds</msg>
<status status="PASS" starttime="20220318 10:54:41.475" endtime="20220318 10:54:43.487"/>
</kw>
<kw name="Select From List By Label" library="SeleniumLibrary">
<arg>id=execcontas</arg>
<arg>ALINE CAVALCANTE TEIXEIRA</arg>
<doc>Selects options from selection list ``locator`` by ``labels``.</doc>
<msg timestamp="20220318 10:54:43.487" level="INFO">Selecting options from selection list 'id=execcontas' by label ALINE CAVALCANTE TEIXEIRA.</msg>
<status status="PASS" starttime="20220318 10:54:43.487" endtime="20220318 10:54:46.630"/>
</kw>
<kw name="Sleep" library="BuiltIn">
<arg>4</arg>
<doc>Pauses the test executed for the given time.</doc>
<msg timestamp="20220318 10:54:50.645" level="INFO">Slept 4 seconds</msg>
<status status="PASS" starttime="20220318 10:54:46.630" endtime="20220318 10:54:50.645"/>
</kw>
<kw name="Select From List By Label" library="SeleniumLibrary">
<arg>css=#prpforcoid</arg>
<arg>Dinheiro</arg>
<doc>Selects options from selection list ``locator`` by ``labels``.</doc>
<msg timestamp="20220318 10:54:50.645" level="INFO">Selecting options from selection list 'css=#prpforcoid' by label Dinheiro.</msg>
<status status="PASS" starttime="20220318 10:54:50.645" endtime="20220318 10:54:50.742"/>
</kw>
<kw name="Sleep" library="BuiltIn">
<arg>4</arg>
<doc>Pauses the test executed for the given time.</doc>
<msg timestamp="20220318 10:54:54.751" level="INFO">Slept 4 seconds</msg>
<status status="PASS" starttime="20220318 10:54:50.742" endtime="20220318 10:54:54.751"/>
</kw>
<kw name="Select From List By Label" library="SeleniumLibrary">
<arg>id=prpdia_vcto_boleto</arg>
<arg>28</arg>
<doc>Selects options from selection list ``locator`` by ``labels``.</doc>
<msg timestamp="20220318 10:54:54.751" level="INFO">Selecting options from selection list 'id=prpdia_vcto_boleto' by label 28.</msg>
<status status="PASS" starttime="20220318 10:54:54.751" endtime="20220318 10:54:54.847"/>
</kw>
<kw name="Select From List By Label" library="SeleniumLibrary">
<arg>id=prpeqcoid</arg>
<arg>${tipoContrato}</arg>
<doc>Selects options from selection list ``locator`` by ``labels``.</doc>
<msg timestamp="20220318 10:54:54.848" level="INFO">Selecting options from selection list 'id=prpeqcoid' by label SASTM FULL SAT III.</msg>
<status status="PASS" starttime="20220318 10:54:54.847" endtime="20220318 10:54:54.957"/>
</kw>
<kw name="Select From List By Label" library="SeleniumLibrary">
<arg>id=prpcpvoid</arg>
<arg>999 x</arg>
<doc>Selects options from selection list ``locator`` by ``labels``.</doc>
<msg timestamp="20220318 10:54:54.957" level="INFO">Selecting options from selection list 'id=prpcpvoid' by label 999 x.</msg>
<status status="PASS" starttime="20220318 10:54:54.957" endtime="20220318 10:54:55.048"/>
</kw>
<kw name="Sleep" library="BuiltIn">
<arg>5</arg>
<doc>Pauses the test executed for the given time.</doc>
<msg timestamp="20220318 10:55:00.059" level="INFO">Slept 5 seconds</msg>
<status status="PASS" starttime="20220318 10:54:55.048" endtime="20220318 10:55:00.059"/>
</kw>
<kw name="Input Text" library="SeleniumLibrary">
<arg>css=#prpvl_servico</arg>
<arg>${valorService}</arg>
<doc>Types the given ``text`` into the text field identified by ``locator``.</doc>
<msg timestamp="20220318 10:55:00.060" level="INFO">Typing text '27000' into text field 'css=#prpvl_servico'.</msg>
<status status="PASS" starttime="20220318 10:55:00.059" endtime="20220318 10:55:00.181"/>
</kw>
<kw name="Input Text" library="SeleniumLibrary">
<arg>id=prpvl_monitoramento</arg>
<arg>${valorMonitoramento}</arg>
<doc>Types the given ``text`` into the text field identified by ``locator``.</doc>
<msg timestamp="20220318 10:55:00.181" level="INFO">Typing text '27000' into text field 'id=prpvl_monitoramento'.</msg>
<status status="PASS" starttime="20220318 10:55:00.181" endtime="20220318 10:55:00.296"/>
</kw>
<kw name="Input Text" library="SeleniumLibrary">
<arg>id=valorTaxaInstalacao</arg>
<arg>${valorTaxa}</arg>
<doc>Types the given ``text`` into the text field identified by ``locator``.</doc>
<msg timestamp="20220318 10:55:00.296" level="INFO">Typing text '13000' into text field 'id=valorTaxaInstalacao'.</msg>
<status status="PASS" starttime="20220318 10:55:00.296" endtime="20220318 10:55:00.429"/>
</kw>
<kw name="Select From List By Label" library="SeleniumLibrary">
<arg>id=prpprazo_contrato</arg>
<arg>15</arg>
<doc>Selects options from selection list ``locator`` by ``labels``.</doc>
<msg timestamp="20220318 10:55:00.429" level="INFO">Selecting options from selection list 'id=prpprazo_contrato' by label 15.</msg>
<status status="PASS" starttime="20220318 10:55:00.429" endtime="20220318 10:55:00.513"/>
</kw>
<kw name="Input Text" library="SeleniumLibrary">
<arg>css=#prcnome_aut</arg>
<arg>${nome}</arg>
<doc>Types the given ``text`` into the text field identified by ``locator``.</doc>
<msg timestamp="20220318 10:55:00.513" level="INFO">Typing text 'Emanuella Novaes' into text field 'css=#prcnome_aut'.</msg>
<status status="PASS" starttime="20220318 10:55:00.513" endtime="20220318 10:55:00.647"/>
</kw>
<kw name="Input Text" library="SeleniumLibrary">
<arg>css=#prccpf_aut</arg>
<arg>${cpf}</arg>
<doc>Types the given ``text`` into the text field identified by ``locator``.</doc>
<msg timestamp="20220318 10:55:00.647" level="INFO">Typing text '612.750.498-85' into text field 'css=#prccpf_aut'.</msg>
<status status="PASS" starttime="20220318 10:55:00.647" endtime="20220318 10:55:00.751"/>
</kw>
<kw name="Input Text" library="SeleniumLibrary">
<arg>css=#prcrg_aut</arg>
<arg>${rg}</arg>
<doc>Types the given ``text`` into the text field identified by ``locator``.</doc>
<msg timestamp="20220318 10:55:00.751" level="INFO">Typing text '154206386' into text field 'css=#prcrg_aut'.</msg>
<status status="PASS" starttime="20220318 10:55:00.751" endtime="20220318 10:55:00.866"/>
</kw>
<kw name="Input Text" library="SeleniumLibrary">
<arg>css=#prcfone_res_aut</arg>
<arg>${fone1}</arg>
<doc>Types the given ``text`` into the text field identified by ``locator``.</doc>
<msg timestamp="20220318 10:55:00.866" level="INFO">Typing text '41 5949-5227' into text field 'css=#prcfone_res_aut'.</msg>
<status status="PASS" starttime="20220318 10:55:00.866" endtime="20220318 10:55:00.982"/>
</kw>
<kw name="Click Element" library="SeleniumLibrary">
<arg>css=#bt_add_aut</arg>
<doc>Click the element identified by ``locator``.</doc>
<msg timestamp="20220318 10:55:00.982" level="INFO">Clicking element 'css=#bt_add_aut'.</msg>
<status status="PASS" starttime="20220318 10:55:00.982" endtime="20220318 10:55:01.067"/>
</kw>
<kw name="Sleep" library="BuiltIn">
<arg>2</arg>
<doc>Pauses the test executed for the given time.</doc>
<msg timestamp="20220318 10:55:03.071" level="INFO">Slept 2 seconds</msg>
<status status="PASS" starttime="20220318 10:55:01.067" endtime="20220318 10:55:03.071"/>
</kw>
<kw name="Click Element" library="SeleniumLibrary">
<arg>css=#replicar_aut</arg>
<doc>Click the element identified by ``locator``.</doc>
<msg timestamp="20220318 10:55:03.071" level="INFO">Clicking element 'css=#replicar_aut'.</msg>
<status status="PASS" starttime="20220318 10:55:03.071" endtime="20220318 10:55:03.148"/>
</kw>
<kw name="Select From List By Label" library="SeleniumLibrary">
<arg>id=replicar_aut</arg>
<arg>Todos</arg>
<doc>Selects options from selection list ``locator`` by ``labels``.</doc>
<msg timestamp="20220318 10:55:03.149" level="INFO">Selecting options from selection list 'id=replicar_aut' by label Todos.</msg>
<status status="PASS" starttime="20220318 10:55:03.149" endtime="20220318 10:55:03.250"/>
</kw>
<kw name="Sleep" library="BuiltIn">
<arg>5</arg>
<doc>Pauses the test executed for the given time.</doc>
<msg timestamp="20220318 10:55:08.257" level="INFO">Slept 5 seconds</msg>
<status status="PASS" starttime="20220318 10:55:03.250" endtime="20220318 10:55:08.257"/>
</kw>
<kw name="Click Element" library="SeleniumLibrary">
<arg>css=#bt_confirmar</arg>
<doc>Click the element identified by ``locator``.</doc>
<msg timestamp="20220318 10:55:08.257" level="INFO">Clicking element 'css=#bt_confirmar'.</msg>
<status status="PASS" starttime="20220318 10:55:08.257" endtime="20220318 10:55:19.653"/>
</kw>
<kw name="Sleep" library="BuiltIn">
<arg>20</arg>
<doc>Pauses the test executed for the given time.</doc>
<msg timestamp="20220318 10:55:39.663" level="INFO">Slept 20 seconds</msg>
<status status="PASS" starttime="20220318 10:55:19.653" endtime="20220318 10:55:39.663"/>
</kw>
<kw name="Get WebElement" library="SeleniumLibrary">
<var>${contrato}</var>
<arg>css:.tdc &gt; td:nth-child(7)</arg>
<doc>Returns the first WebElement matching the given ``locator``.</doc>
<msg timestamp="20220318 10:55:39.676" level="INFO">${contrato} = &lt;selenium.webdriver.remote.webelement.WebElement (session="ce225310c49a39176406146297836359", element="847adafd-aa08-4b47-9c11-d8a98cc22ee7")&gt;</msg>
<status status="PASS" starttime="20220318 10:55:39.663" endtime="20220318 10:55:39.676"/>
</kw>
<kw name="Click Element" library="SeleniumLibrary">
<arg>css=.tdc &gt; td:nth-child(7)</arg>
<doc>Click the element identified by ``locator``.</doc>
<msg timestamp="20220318 10:55:39.676" level="INFO">Clicking element 'css=.tdc &gt; td:nth-child(7)'.</msg>
<status status="PASS" starttime="20220318 10:55:39.676" endtime="20220318 10:55:39.719"/>
</kw>
<kw name="Evidencia" library="base">
<arg>contrato.${contrato.text}</arg>
<kw name="Evaluate" library="BuiltIn">
<var>${now}</var>
<arg>'{dt.day}.{dt.month}.{dt.year}.{dt.hour}.{dt.minute}.{dt.second}'.format(dt=datetime.datetime.now())</arg>
<arg>modules=datetime</arg>
<doc>Evaluates the given expression in Python and returns the result.</doc>
<msg timestamp="20220318 10:55:39.733" level="INFO">${now} = 18.3.2022.10.55.39</msg>
<status status="PASS" starttime="20220318 10:55:39.732" endtime="20220318 10:55:39.733"/>
</kw>
<kw name="Capture Page Screenshot" library="SeleniumLibrary">
<arg>${nome}-${now}.png</arg>
<doc>Takes a screenshot of the current page and embeds it into a log file.</doc>
<msg timestamp="20220318 10:55:39.949" level="INFO" html="true">&lt;/td&gt;&lt;/tr&gt;&lt;tr&gt;&lt;td colspan="3"&gt;&lt;a href="contrato.1051164598%20-18.3.2022.10.55.39.png"&gt;&lt;img src="contrato.1051164598%20-18.3.2022.10.55.39.png" width="800px"&gt;&lt;/a&gt;</msg>
<status status="PASS" starttime="20220318 10:55:39.733" endtime="20220318 10:55:39.949"/>
</kw>
<status status="PASS" starttime="20220318 10:55:39.719" endtime="20220318 10:55:39.949"/>
</kw>
<msg timestamp="20220318 10:55:39.958" level="INFO">${termo} = 1051164598 </msg>
<status status="PASS" starttime="20220318 10:54:30.991" endtime="20220318 10:55:39.958"/>
</kw>
<kw name="Geração de contrato" library="base">
<arg>${termo}</arg>
<kw name="Click Element" library="SeleniumLibrary">
<arg>css=.it_link</arg>
<doc>Click the element identified by ``locator``.</doc>
<msg timestamp="20220318 10:55:39.959" level="INFO">Clicking element 'css=.it_link'.</msg>
<status status="PASS" starttime="20220318 10:55:39.959" endtime="20220318 10:55:40.055"/>
</kw>
<kw name="Switch Window" library="SeleniumLibrary">
<arg>NEW</arg>
<doc>Switches to browser window matching ``locator``.</doc>
<status status="PASS" starttime="20220318 10:55:40.055" endtime="20220318 10:55:40.077"/>
</kw>
<kw name="Get Location" library="SeleniumLibrary">
<doc>Returns the current browser window URL.</doc>
<status status="PASS" starttime="20220318 10:55:40.077" endtime="20220318 10:55:45.780"/>
</kw>
<kw name="Click Element" library="SeleniumLibrary">
<arg>id=bt_gerar</arg>
<doc>Click the element identified by ``locator``.</doc>
<msg timestamp="20220318 10:55:45.780" level="INFO">Clicking element 'id=bt_gerar'.</msg>
<status status="PASS" starttime="20220318 10:55:45.780" endtime="20220318 10:55:52.685"/>
</kw>
<kw name="Sleep" library="BuiltIn">
<arg>5</arg>
<doc>Pauses the test executed for the given time.</doc>
<msg timestamp="20220318 10:55:57.688" level="INFO">Slept 5 seconds</msg>
<status status="PASS" starttime="20220318 10:55:52.685" endtime="20220318 10:55:57.688"/>
</kw>
<kw name="Evidencia" library="base">
<arg>termoGerado.${termo}</arg>
<kw name="Evaluate" library="BuiltIn">
<var>${now}</var>
<arg>'{dt.day}.{dt.month}.{dt.year}.{dt.hour}.{dt.minute}.{dt.second}'.format(dt=datetime.datetime.now())</arg>
<arg>modules=datetime</arg>
<doc>Evaluates the given expression in Python and returns the result.</doc>
<msg timestamp="20220318 10:55:57.689" level="INFO">${now} = 18.3.2022.10.55.57</msg>
<status status="PASS" starttime="20220318 10:55:57.689" endtime="20220318 10:55:57.690"/>
</kw>
<kw name="Capture Page Screenshot" library="SeleniumLibrary">
<arg>${nome}-${now}.png</arg>
<doc>Takes a screenshot of the current page and embeds it into a log file.</doc>
<msg timestamp="20220318 10:56:00.896" level="INFO" html="true">&lt;/td&gt;&lt;/tr&gt;&lt;tr&gt;&lt;td colspan="3"&gt;&lt;a href="termoGerado.1051164598%20-18.3.2022.10.55.57.png"&gt;&lt;img src="termoGerado.1051164598%20-18.3.2022.10.55.57.png" width="800px"&gt;&lt;/a&gt;</msg>
<status status="PASS" starttime="20220318 10:55:57.690" endtime="20220318 10:56:00.897"/>
</kw>
<status status="PASS" starttime="20220318 10:55:57.688" endtime="20220318 10:56:00.897"/>
</kw>
<kw name="Sleep" library="BuiltIn">
<arg>5</arg>
<doc>Pauses the test executed for the given time.</doc>
<msg timestamp="20220318 10:56:05.897" level="INFO">Slept 5 seconds</msg>
<status status="PASS" starttime="20220318 10:56:00.897" endtime="20220318 10:56:05.897"/>
</kw>
<kw name="Encerra Sessão" library="base">
<kw name="Evidencia" library="base">
<arg>fimProcessamento</arg>
<kw name="Evaluate" library="BuiltIn">
<var>${now}</var>
<arg>'{dt.day}.{dt.month}.{dt.year}.{dt.hour}.{dt.minute}.{dt.second}'.format(dt=datetime.datetime.now())</arg>
<arg>modules=datetime</arg>
<doc>Evaluates the given expression in Python and returns the result.</doc>
<msg timestamp="20220318 10:56:05.897" level="INFO">${now} = 18.3.2022.10.56.5</msg>
<status status="PASS" starttime="20220318 10:56:05.897" endtime="20220318 10:56:05.897"/>
</kw>
<kw name="Capture Page Screenshot" library="SeleniumLibrary">
<arg>${nome}-${now}.png</arg>
<doc>Takes a screenshot of the current page and embeds it into a log file.</doc>
<msg timestamp="20220318 10:56:06.066" level="INFO" html="true">&lt;/td&gt;&lt;/tr&gt;&lt;tr&gt;&lt;td colspan="3"&gt;&lt;a href="fimProcessamento-18.3.2022.10.56.5.png"&gt;&lt;img src="fimProcessamento-18.3.2022.10.56.5.png" width="800px"&gt;&lt;/a&gt;</msg>
<status status="PASS" starttime="20220318 10:56:05.897" endtime="20220318 10:56:06.066"/>
</kw>
<status status="PASS" starttime="20220318 10:56:05.897" endtime="20220318 10:56:06.066"/>
</kw>
<kw name="Close Browser" library="SeleniumLibrary">
<doc>Closes the current browser.</doc>
<status status="PASS" starttime="20220318 10:56:06.066" endtime="20220318 10:56:08.241"/>
</kw>
<status status="PASS" starttime="20220318 10:56:05.897" endtime="20220318 10:56:08.241"/>
</kw>
<status status="PASS" starttime="20220318 10:55:39.958" endtime="20220318 10:56:08.241"/>
</kw>
<kw name="Continue For Loop" library="BuiltIn">
<doc>Skips the current for loop iteration and continues from the next.</doc>
<msg timestamp="20220318 10:56:08.241" level="INFO">Continuing for loop from the next iteration.</msg>
<status status="PASS" starttime="20220318 10:56:08.241" endtime="20220318 10:56:08.241"/>
</kw>
<status status="PASS" starttime="20220318 10:54:25.424" endtime="20220318 10:56:08.241"/>
</iter>
<status status="PASS" starttime="20220318 10:54:25.424" endtime="20220318 10:56:08.241"/>
</for>
<status status="PASS" starttime="20220318 10:54:25.424" endtime="20220318 10:56:08.241"/>
</test>
<test id="s1-t2" name="Cadastro de cliente Pessoa Juridica e geração do contrato">
<for flavor="IN RANGE">
<var>${var}</var>
<value>1</value>
<iter>
<var name="${var}">0</var>
<kw name="Nova Sessão" library="base">
<kw name="Open Browser" library="SeleniumLibrary">
<arg>${url}</arg>
<arg>chrome</arg>
<doc>Opens a new browser instance to the optional ``url``.</doc>
<msg timestamp="20220318 10:56:08.241" level="INFO">Opening browser 'chrome' to base url 'https://hom1-intranet.sascar.com.br/sistemaWeb/index.php'.</msg>
<status status="PASS" starttime="20220318 10:56:08.241" endtime="20220318 10:56:11.933"/>
</kw>
<kw name="Maximize Browser Window" library="SeleniumLibrary">
<doc>Maximizes current browser window.</doc>
<status status="PASS" starttime="20220318 10:56:11.933" endtime="20220318 10:56:12.058"/>
</kw>
<kw name="Login With" library="base">
<kw name="Input Text" library="SeleniumLibrary">
<arg>css:input[name=login]</arg>
<arg>admin.desenv</arg>
<doc>Types the given ``text`` into the text field identified by ``locator``.</doc>
<msg timestamp="20220318 10:56:12.058" level="INFO">Typing text 'admin.desenv' into text field 'css:input[name=login]'.</msg>
<status status="PASS" starttime="20220318 10:56:12.058" endtime="20220318 10:56:12.188"/>
</kw>
<kw name="Input Text" library="SeleniumLibrary">
<arg>css:input[name=senha]</arg>
<arg>12345</arg>
<doc>Types the given ``text`` into the text field identified by ``locator``.</doc>
<msg timestamp="20220318 10:56:12.188" level="INFO">Typing text '12345' into text field 'css:input[name=senha]'.</msg>
<status status="PASS" starttime="20220318 10:56:12.188" endtime="20220318 10:56:12.281"/>
</kw>
<kw name="Click Element" library="SeleniumLibrary">
<arg>css:input[type=image]</arg>
<doc>Click the element identified by ``locator``.</doc>
<msg timestamp="20220318 10:56:12.281" level="INFO">Clicking element 'css:input[type=image]'.</msg>
<status status="PASS" starttime="20220318 10:56:12.281" endtime="20220318 10:56:13.433"/>
</kw>
<kw name="Evidencia" library="base">
<arg>login</arg>
<kw name="Evaluate" library="BuiltIn">
<var>${now}</var>
<arg>'{dt.day}.{dt.month}.{dt.year}.{dt.hour}.{dt.minute}.{dt.second}'.format(dt=datetime.datetime.now())</arg>
<arg>modules=datetime</arg>
<doc>Evaluates the given expression in Python and returns the result.</doc>
<msg timestamp="20220318 10:56:13.434" level="INFO">${now} = 18.3.2022.10.56.13</msg>
<status status="PASS" starttime="20220318 10:56:13.434" endtime="20220318 10:56:13.434"/>
</kw>
<kw name="Capture Page Screenshot" library="SeleniumLibrary">
<arg>${nome}-${now}.png</arg>
<doc>Takes a screenshot of the current page and embeds it into a log file.</doc>
<msg timestamp="20220318 10:56:13.610" level="INFO" html="true">&lt;/td&gt;&lt;/tr&gt;&lt;tr&gt;&lt;td colspan="3"&gt;&lt;a href="login-18.3.2022.10.56.13.png"&gt;&lt;img src="login-18.3.2022.10.56.13.png" width="800px"&gt;&lt;/a&gt;</msg>
<status status="PASS" starttime="20220318 10:56:13.434" endtime="20220318 10:56:13.610"/>
</kw>
<status status="PASS" starttime="20220318 10:56:13.433" endtime="20220318 10:56:13.610"/>
</kw>
<status status="PASS" starttime="20220318 10:56:12.058" endtime="20220318 10:56:13.610"/>
</kw>
<status status="PASS" starttime="20220318 10:56:08.241" endtime="20220318 10:56:13.610"/>
</kw>
<kw name="Classe Contrato" library="base">
<var>${classe}</var>
<kw name="Set Variable" library="BuiltIn">
<var>${classe2}</var>
<arg>2</arg>
<doc>Returns the given values which can then be assigned to a variables.</doc>
<msg timestamp="20220318 10:56:13.610" level="INFO">${classe2} = 2</msg>
<status status="PASS" starttime="20220318 10:56:13.610" endtime="20220318 10:56:13.610"/>
</kw>
<kw name="Set Variable" library="BuiltIn">
<var>${classe4}</var>
<arg>4</arg>
<doc>Returns the given values which can then be assigned to a variables.</doc>
<msg timestamp="20220318 10:56:13.610" level="INFO">${classe4} = 4</msg>
<status status="PASS" starttime="20220318 10:56:13.610" endtime="20220318 10:56:13.610"/>
</kw>
<kw name="Set Variable" library="BuiltIn">
<var>${classe5}</var>
<arg>5</arg>
<doc>Returns the given values which can then be assigned to a variables.</doc>
<msg timestamp="20220318 10:56:13.610" level="INFO">${classe5} = 5</msg>
<status status="PASS" starttime="20220318 10:56:13.610" endtime="20220318 10:56:13.610"/>
</kw>
<kw name="Set Variable" library="BuiltIn">
<var>${classe6}</var>
<arg>6</arg>
<doc>Returns the given values which can then be assigned to a variables.</doc>
<msg timestamp="20220318 10:56:13.610" level="INFO">${classe6} = 6</msg>
<status status="PASS" starttime="20220318 10:56:13.610" endtime="20220318 10:56:13.610"/>
</kw>
<kw name="Set Variable" library="BuiltIn">
<var>${classe7}</var>
<arg>7</arg>
<doc>Returns the given values which can then be assigned to a variables.</doc>
<msg timestamp="20220318 10:56:13.610" level="INFO">${classe7} = 7</msg>
<status status="PASS" starttime="20220318 10:56:13.610" endtime="20220318 10:56:13.610"/>
</kw>
<kw name="Set Variable" library="BuiltIn">
<var>${classe8}</var>
<arg>8</arg>
<doc>Returns the given values which can then be assigned to a variables.</doc>
<msg timestamp="20220318 10:56:13.610" level="INFO">${classe8} = 8</msg>
<status status="PASS" starttime="20220318 10:56:13.610" endtime="20220318 10:56:13.610"/>
</kw>
<kw name="Set Variable" library="BuiltIn">
<var>${classe9}</var>
<arg>9</arg>
<doc>Returns the given values which can then be assigned to a variables.</doc>
<msg timestamp="20220318 10:56:13.610" level="INFO">${classe9} = 9</msg>
<status status="PASS" starttime="20220318 10:56:13.610" endtime="20220318 10:56:13.610"/>
</kw>
<kw name="Set Variable" library="BuiltIn">
<var>${classe10}</var>
<arg>10</arg>
<doc>Returns the given values which can then be assigned to a variables.</doc>
<msg timestamp="20220318 10:56:13.610" level="INFO">${classe10} = 10</msg>
<status status="PASS" starttime="20220318 10:56:13.610" endtime="20220318 10:56:13.610"/>
</kw>
<kw name="Evaluate" library="BuiltIn">
<var>${random}</var>
<arg>random.randint(4, 10)</arg>
<doc>Evaluates the given expression in Python and returns the result.</doc>
<msg timestamp="20220318 10:56:13.610" level="INFO">${random} = 7</msg>
<status status="PASS" starttime="20220318 10:56:13.610" endtime="20220318 10:56:13.610"/>
</kw>
<if>
<branch type="IF" condition="'${random}' == '${classe2}'">
<kw name="Set Variable" library="BuiltIn">
<var>${classe.nome}</var>
<arg>CCO - MONITORAMENTO LOGÍSTICO</arg>
<doc>Returns the given values which can then be assigned to a variables.</doc>
<status status="NOT RUN" starttime="20220318 10:56:13.610" endtime="20220318 10:56:13.610"/>
</kw>
<kw name="Set Variable" library="BuiltIn">
<var>${classe.valorMonit}</var>
<arg>5000</arg>
<doc>Returns the given values which can then be assigned to a variables.</doc>
<status status="NOT RUN" starttime="20220318 10:56:13.610" endtime="20220318 10:56:13.610"/>
</kw>
<kw name="Set Variable" library="BuiltIn">
<var>${classe.valorServ}</var>
<arg>5000</arg>
<doc>Returns the given values which can then be assigned to a variables.</doc>
<status status="NOT RUN" starttime="20220318 10:56:13.610" endtime="20220318 10:56:13.610"/>
</kw>
<kw name="Set Variable" library="BuiltIn">
<var>${classe.valorTax}</var>
<arg>2500</arg>
<doc>Returns the given values which can then be assigned to a variables.</doc>
<status status="NOT RUN" starttime="20220318 10:56:13.610" endtime="20220318 10:56:13.610"/>
</kw>
<status status="NOT RUN" starttime="20220318 10:56:13.610" endtime="20220318 10:56:13.610"/>
</branch>
<status status="PASS" starttime="20220318 10:56:13.610" endtime="20220318 10:56:13.610"/>
</if>
<if>
<branch type="IF" condition="'${random}' == '${classe4}'">
<kw name="Set Variable" library="BuiltIn">
<var>${classe.nome}</var>
<arg>GPS/GSM</arg>
<doc>Returns the given values which can then be assigned to a variables.</doc>
<status status="NOT RUN" starttime="20220318 10:56:13.610" endtime="20220318 10:56:13.610"/>
</kw>
<kw name="Set Variable" library="BuiltIn">
<var>${classe.valorMonit}</var>
<arg>7000</arg>
<doc>Returns the given values which can then be assigned to a variables.</doc>
<status status="NOT RUN" starttime="20220318 10:56:13.610" endtime="20220318 10:56:13.610"/>
</kw>
<kw name="Set Variable" library="BuiltIn">
<var>${classe.valorServ}</var>
<arg>7000</arg>
<doc>Returns the given values which can then be assigned to a variables.</doc>
<status status="NOT RUN" starttime="20220318 10:56:13.610" endtime="20220318 10:56:13.610"/>
</kw>
<kw name="Set Variable" library="BuiltIn">
<var>${classe.valorTax}</var>
<arg>8500</arg>
<doc>Returns the given values which can then be assigned to a variables.</doc>
<status status="NOT RUN" starttime="20220318 10:56:13.610" endtime="20220318 10:56:13.610"/>
</kw>
<status status="NOT RUN" starttime="20220318 10:56:13.610" endtime="20220318 10:56:13.610"/>
</branch>
<status status="PASS" starttime="20220318 10:56:13.610" endtime="20220318 10:56:13.610"/>
</if>
<if>
<branch type="IF" condition="'${random}' == '${classe5}'">
<kw name="Set Variable" library="BuiltIn">
<var>${classe.nome}</var>
<arg>GSM/GPS PLUS</arg>
<doc>Returns the given values which can then be assigned to a variables.</doc>
<status status="NOT RUN" starttime="20220318 10:56:13.610" endtime="20220318 10:56:13.610"/>
</kw>
<kw name="Set Variable" library="BuiltIn">
<var>${classe.valorMonit}</var>
<arg>6000</arg>
<doc>Returns the given values which can then be assigned to a variables.</doc>
<status status="NOT RUN" starttime="20220318 10:56:13.610" endtime="20220318 10:56:13.610"/>
</kw>
<kw name="Set Variable" library="BuiltIn">
<var>${classe.valorServ}</var>
<arg>6000</arg>
<doc>Returns the given values which can then be assigned to a variables.</doc>
<status status="NOT RUN" starttime="20220318 10:56:13.610" endtime="20220318 10:56:13.610"/>
</kw>
<kw name="Set Variable" library="BuiltIn">
<var>${classe.valorTax}</var>
<arg>9000</arg>
<doc>Returns the given values which can then be assigned to a variables.</doc>
<status status="NOT RUN" starttime="20220318 10:56:13.610" endtime="20220318 10:56:13.610"/>
</kw>
<status status="NOT RUN" starttime="20220318 10:56:13.610" endtime="20220318 10:56:13.610"/>
</branch>
<status status="PASS" starttime="20220318 10:56:13.610" endtime="20220318 10:56:13.610"/>
</if>
<if>
<branch type="IF" condition="'${random}' == '${classe6}'">
<kw name="Set Variable" library="BuiltIn">
<var>${classe.nome}</var>
<arg>RF NACIONAL</arg>
<doc>Returns the given values which can then be assigned to a variables.</doc>
<status status="NOT RUN" starttime="20220318 10:56:13.610" endtime="20220318 10:56:13.610"/>
</kw>
<kw name="Set Variable" library="BuiltIn">
<var>${classe.valorMonit}</var>
<arg>5500</arg>
<doc>Returns the given values which can then be assigned to a variables.</doc>
<status status="NOT RUN" starttime="20220318 10:56:13.610" endtime="20220318 10:56:13.610"/>
</kw>
<kw name="Set Variable" library="BuiltIn">
<var>${classe.valorServ}</var>
<arg>5500</arg>
<doc>Returns the given values which can then be assigned to a variables.</doc>
<status status="NOT RUN" starttime="20220318 10:56:13.610" endtime="20220318 10:56:13.610"/>
</kw>
<kw name="Set Variable" library="BuiltIn">
<var>${classe.valorTax}</var>
<arg>18000</arg>
<doc>Returns the given values which can then be assigned to a variables.</doc>
<status status="NOT RUN" starttime="20220318 10:56:13.610" endtime="20220318 10:56:13.610"/>
</kw>
<status status="NOT RUN" starttime="20220318 10:56:13.610" endtime="20220318 10:56:13.610"/>
</branch>
<status status="PASS" starttime="20220318 10:56:13.610" endtime="20220318 10:56:13.610"/>
</if>
<if>
<branch type="IF" condition="'${random}' == '${classe7}'">
<kw name="Set Variable" library="BuiltIn">
<var>${classe.nome}</var>
<arg>SASCARGA</arg>
<doc>Returns the given values which can then be assigned to a variables.</doc>
<msg timestamp="20220318 10:56:13.610" level="INFO">${classe.nome} = SASCARGA</msg>
<status status="PASS" starttime="20220318 10:56:13.610" endtime="20220318 10:56:13.610"/>
</kw>
<kw name="Set Variable" library="BuiltIn">
<var>${classe.valorMonit}</var>
<arg>10000</arg>
<doc>Returns the given values which can then be assigned to a variables.</doc>
<msg timestamp="20220318 10:56:13.610" level="INFO">${classe.valorMonit} = 10000</msg>
<status status="PASS" starttime="20220318 10:56:13.610" endtime="20220318 10:56:13.610"/>
</kw>
<kw name="Set Variable" library="BuiltIn">
<var>${classe.valorServ}</var>
<arg>10000</arg>
<doc>Returns the given values which can then be assigned to a variables.</doc>
<msg timestamp="20220318 10:56:13.610" level="INFO">${classe.valorServ} = 10000</msg>
<status status="PASS" starttime="20220318 10:56:13.610" endtime="20220318 10:56:13.610"/>
</kw>
<kw name="Set Variable" library="BuiltIn">
<var>${classe.valorTax}</var>
<arg>11590</arg>
<doc>Returns the given values which can then be assigned to a variables.</doc>
<msg timestamp="20220318 10:56:13.610" level="INFO">${classe.valorTax} = 11590</msg>
<status status="PASS" starttime="20220318 10:56:13.610" endtime="20220318 10:56:13.610"/>
</kw>
<status status="PASS" starttime="20220318 10:56:13.610" endtime="20220318 10:56:13.610"/>
</branch>
<status status="PASS" starttime="20220318 10:56:13.610" endtime="20220318 10:56:13.610"/>
</if>
<if>
<branch type="IF" condition="'${random}' == '${classe8}'">
<kw name="Set Variable" library="BuiltIn">
<var>${classe.nome}</var>
<arg>SASCARGA FULL SAT 500</arg>
<doc>Returns the given values which can then be assigned to a variables.</doc>
<status status="NOT RUN" starttime="20220318 10:56:13.610" endtime="20220318 10:56:13.610"/>
</kw>
<kw name="Set Variable" library="BuiltIn">
<var>${classe.valorMonit}</var>
<arg>18300</arg>
<doc>Returns the given values which can then be assigned to a variables.</doc>
<status status="NOT RUN" starttime="20220318 10:56:13.610" endtime="20220318 10:56:13.610"/>
</kw>
<kw name="Set Variable" library="BuiltIn">
<var>${classe.valorServ}</var>
<arg>18300</arg>
<doc>Returns the given values which can then be assigned to a variables.</doc>
<status status="NOT RUN" starttime="20220318 10:56:13.610" endtime="20220318 10:56:13.610"/>
</kw>
<kw name="Set Variable" library="BuiltIn">
<var>${classe.valorTax}</var>
<arg>12900</arg>
<doc>Returns the given values which can then be assigned to a variables.</doc>
<status status="NOT RUN" starttime="20220318 10:56:13.610" endtime="20220318 10:56:13.610"/>
</kw>
<status status="NOT RUN" starttime="20220318 10:56:13.610" endtime="20220318 10:56:13.610"/>
</branch>
<status status="PASS" starttime="20220318 10:56:13.610" endtime="20220318 10:56:13.610"/>
</if>
<if>
<branch type="IF" condition="'${random}' == '${classe9}'">
<kw name="Set Variable" library="BuiltIn">
<var>${classe.nome}</var>
<arg>SASMDT</arg>
<doc>Returns the given values which can then be assigned to a variables.</doc>
<status status="NOT RUN" starttime="20220318 10:56:13.610" endtime="20220318 10:56:13.610"/>
</kw>
<kw name="Set Variable" library="BuiltIn">
<var>${classe.valorMonit}</var>
<arg>10500</arg>
<doc>Returns the given values which can then be assigned to a variables.</doc>
<status status="NOT RUN" starttime="20220318 10:56:13.610" endtime="20220318 10:56:13.610"/>
</kw>
<kw name="Set Variable" library="BuiltIn">
<var>${classe.valorServ}</var>
<arg>10500</arg>
<doc>Returns the given values which can then be assigned to a variables.</doc>
<status status="NOT RUN" starttime="20220318 10:56:13.610" endtime="20220318 10:56:13.610"/>
</kw>
<kw name="Set Variable" library="BuiltIn">
<var>${classe.valorTax}</var>
<arg>10000</arg>
<doc>Returns the given values which can then be assigned to a variables.</doc>
<status status="NOT RUN" starttime="20220318 10:56:13.610" endtime="20220318 10:56:13.610"/>
</kw>
<status status="NOT RUN" starttime="20220318 10:56:13.610" endtime="20220318 10:56:13.610"/>
</branch>
<status status="PASS" starttime="20220318 10:56:13.610" endtime="20220318 10:56:13.610"/>
</if>
<if>
<branch type="IF" condition="'${random}' == '${classe10}'">
<kw name="Set Variable" library="BuiltIn">
<var>${classe.nome}</var>
<arg>SASTM FULL SAT III</arg>
<doc>Returns the given values which can then be assigned to a variables.</doc>
<status status="NOT RUN" starttime="20220318 10:56:13.610" endtime="20220318 10:56:13.610"/>
</kw>
<kw name="Set Variable" library="BuiltIn">
<var>${classe.valorMonit}</var>
<arg>27000</arg>
<doc>Returns the given values which can then be assigned to a variables.</doc>
<status status="NOT RUN" starttime="20220318 10:56:13.610" endtime="20220318 10:56:13.610"/>
</kw>
<kw name="Set Variable" library="BuiltIn">
<var>${classe.valorServ}</var>
<arg>27000</arg>
<doc>Returns the given values which can then be assigned to a variables.</doc>
<status status="NOT RUN" starttime="20220318 10:56:13.610" endtime="20220318 10:56:13.610"/>
</kw>
<kw name="Set Variable" library="BuiltIn">
<var>${classe.valorTax}</var>
<arg>13000</arg>
<doc>Returns the given values which can then be assigned to a variables.</doc>
<status status="NOT RUN" starttime="20220318 10:56:13.610" endtime="20220318 10:56:13.610"/>
</kw>
<status status="NOT RUN" starttime="20220318 10:56:13.610" endtime="20220318 10:56:13.610"/>
</branch>
<status status="PASS" starttime="20220318 10:56:13.610" endtime="20220318 10:56:13.610"/>
</if>
<msg timestamp="20220318 10:56:13.610" level="INFO">${classe} = {'nome': 'SASCARGA', 'valorMonit': '10000', 'valorServ': '10000', 'valorTax': '11590'}</msg>
<status status="PASS" starttime="20220318 10:56:13.610" endtime="20220318 10:56:13.610"/>
</kw>
<kw name="Novo Contrato PJ" library="base">
<var>${termo}</var>
<arg>${classe.nome}</arg>
<arg>${classe.valorMonit}</arg>
<arg>${classe.valorServ}</arg>
<arg>${classe.valorTax}</arg>
<kw name="Cnpj" library="FakerLibrary">
<var>${cnpj}</var>
<msg timestamp="20220318 10:56:13.626" level="INFO">${cnpj} = 64.905.218/0001-78</msg>
<status status="PASS" starttime="20220318 10:56:13.626" endtime="20220318 10:56:13.626"/>
</kw>
<kw name="Name" library="FakerLibrary">
<var>${contratante}</var>
<doc>:example 'John Doe'</doc>
<msg timestamp="20220318 10:56:13.626" level="INFO">${contratante} = Nicolas Azevedo</msg>
<status status="PASS" starttime="20220318 10:56:13.626" endtime="20220318 10:56:13.626"/>
</kw>
<kw name="Cpf" library="FakerLibrary">
<var>${cpf}</var>
<msg timestamp="20220318 10:56:13.626" level="INFO">${cpf} = 109.547.286-02</msg>
<status status="PASS" starttime="20220318 10:56:13.626" endtime="20220318 10:56:13.626"/>
</kw>
<kw name="Rg" library="FakerLibrary">
<var>${rg}</var>
<doc>Brazilian RG, return plain numbers.
Check:  https://www.ngmatematica.com/2014/02/como-determinar-o-digito-verificador-do.html</doc>
<msg timestamp="20220318 10:56:13.626" level="INFO">${rg} = 258471037</msg>
<status status="PASS" starttime="20220318 10:56:13.626" endtime="20220318 10:56:13.626"/>
</kw>
<kw name="Name" library="FakerLibrary">
<var>${nome}</var>
<doc>:example 'John Doe'</doc>
<msg timestamp="20220318 10:56:13.626" level="INFO">${nome} = Davi Peixoto</msg>
<status status="PASS" starttime="20220318 10:56:13.626" endtime="20220318 10:56:13.626"/>
</kw>
<kw name="Email" library="FakerLibrary">
<var>${email}</var>
<msg timestamp="20220318 10:56:13.626" level="INFO">${email} = ana-carolina36@hotmail.com</msg>
<status status="PASS" starttime="20220318 10:56:13.626" endtime="20220318 10:56:13.626"/>
</kw>
<kw name="Email" library="FakerLibrary">
<var>${emailFinanceiro}</var>
<msg timestamp="20220318 10:56:13.626" level="INFO">${emailFinanceiro} = monteirolucca@gmail.com</msg>
<status status="PASS" starttime="20220318 10:56:13.626" endtime="20220318 10:56:13.626"/>
</kw>
<kw name="Ean" library="FakerLibrary">
<var>${chassi}</var>
<doc>Generate an EAN barcode of the specified ``length``.</doc>
<msg timestamp="20220318 10:56:13.626" level="INFO">${chassi} = 3469813509921</msg>
<status status="PASS" starttime="20220318 10:56:13.626" endtime="20220318 10:56:13.626"/>
</kw>
<kw name="Ean 8" library="FakerLibrary">
<var>${placa}</var>
<doc>Generate an EAN-8 barcode.</doc>
<msg timestamp="20220318 10:56:13.626" level="INFO">${placa} = 94848021</msg>
<status status="PASS" starttime="20220318 10:56:13.626" endtime="20220318 10:56:13.626"/>
</kw>
<kw name="Phone Number" library="FakerLibrary">
<var>${fone1}</var>
<msg timestamp="20220318 10:56:13.626" level="INFO">${fone1} = (084) 8785-7949</msg>
<status status="PASS" starttime="20220318 10:56:13.626" endtime="20220318 10:56:13.626"/>
</kw>
<kw name="Phone Number" library="FakerLibrary">
<var>${fone2}</var>
<msg timestamp="20220318 10:56:13.626" level="INFO">${fone2} = +55 (084) 9214 5856</msg>
<status status="PASS" starttime="20220318 10:56:13.626" endtime="20220318 10:56:13.626"/>
</kw>
<kw name="Phone Number" library="FakerLibrary">
<var>${fone3}</var>
<msg timestamp="20220318 10:56:13.626" level="INFO">${fone3} = (084) 9077-0934</msg>
<status status="PASS" starttime="20220318 10:56:13.626" endtime="20220318 10:56:13.626"/>
</kw>
<kw name="Year" library="FakerLibrary">
<var>${ano}</var>
<msg timestamp="20220318 10:56:13.626" level="INFO">${ano} = 2006</msg>
<status status="PASS" starttime="20220318 10:56:13.626" endtime="20220318 10:56:13.626"/>
</kw>
<kw name="Color Name" library="FakerLibrary">
<var>${cor}</var>
<doc>Generate a color name.</doc>
<msg timestamp="20220318 10:56:13.626" level="INFO">${cor} = Glicínia</msg>
<status status="PASS" starttime="20220318 10:56:13.626" endtime="20220318 10:56:13.626"/>
</kw>
<kw name="Text" library="FakerLibrary">
<var>${texto}</var>
<doc>Generate a text string.</doc>
<msg timestamp="20220318 10:56:13.626" level="INFO">${texto} = Laudantium consequuntur iure beatae vitae quaerat perferendis vero.</msg>
<status status="PASS" starttime="20220318 10:56:13.626" endtime="20220318 10:56:13.626"/>
</kw>
<kw name="Click Element" library="SeleniumLibrary">
<arg>xpath=//a[contains(text(),'Principal')]</arg>
<doc>Click the element identified by ``locator``.</doc>
<msg timestamp="20220318 10:56:13.626" level="INFO">Clicking element 'xpath=//a[contains(text(),'Principal')]'.</msg>
<status status="PASS" starttime="20220318 10:56:13.626" endtime="20220318 10:56:14.040"/>
</kw>
<kw name="Click Element" library="SeleniumLibrary">
<arg>xpath=//a[contains(@href, 'pre_cadastro.php')]</arg>
<doc>Click the element identified by ``locator``.</doc>
<msg timestamp="20220318 10:56:14.041" level="INFO">Clicking element 'xpath=//a[contains(@href, 'pre_cadastro.php')]'.</msg>
<status status="PASS" starttime="20220318 10:56:14.041" endtime="20220318 10:56:14.972"/>
</kw>
<kw name="Click Element" library="SeleniumLibrary">
<arg>xpath=//input[@name='bt_envia']</arg>
<doc>Click the element identified by ``locator``.</doc>
<msg timestamp="20220318 10:56:14.972" level="INFO">Clicking element 'xpath=//input[@name='bt_envia']'.</msg>
<status status="PASS" starttime="20220318 10:56:14.972" endtime="20220318 10:56:17.053"/>
</kw>
<kw name="Click Element" library="SeleniumLibrary">
<arg>xpath=//select[@id='id_proposta']</arg>
<doc>Click the element identified by ``locator``.</doc>
<msg timestamp="20220318 10:56:17.053" level="INFO">Clicking element 'xpath=//select[@id='id_proposta']'.</msg>
<status status="PASS" starttime="20220318 10:56:17.053" endtime="20220318 10:56:17.132"/>
</kw>
<kw name="Select From List By Label" library="SeleniumLibrary">
<arg>id=id_proposta</arg>
<arg>Mensalidade Locação</arg>
<doc>Selects options from selection list ``locator`` by ``labels``.</doc>
<msg timestamp="20220318 10:56:17.132" level="INFO">Selecting options from selection list 'id=id_proposta' by label Mensalidade Locação.</msg>
<status status="PASS" starttime="20220318 10:56:17.132" endtime="20220318 10:56:17.233"/>
</kw>
<kw name="Select From List By Label" library="SeleniumLibrary">
<arg>xpath=//select[@id='prptpcoid']</arg>
<arg>Cliente</arg>
<doc>Selects options from selection list ``locator`` by ``labels``.</doc>
<msg timestamp="20220318 10:56:17.233" level="INFO">Selecting options from selection list 'xpath=//select[@id='prptpcoid']' by label Cliente.</msg>
<status status="PASS" starttime="20220318 10:56:17.233" endtime="20220318 10:56:18.721"/>
</kw>
<kw name="Click Element" library="SeleniumLibrary">
<arg>xpath=//input[@id='prptipo_pessoa_jur']</arg>
<doc>Click the element identified by ``locator``.</doc>
<msg timestamp="20220318 10:56:18.721" level="INFO">Clicking element 'xpath=//input[@id='prptipo_pessoa_jur']'.</msg>
<status status="PASS" starttime="20220318 10:56:18.721" endtime="20220318 10:56:19.171"/>
</kw>
<kw name="Input Text" library="SeleniumLibrary">
<arg>css=#prpno_cpf_cgc_jur</arg>
<arg>${cnpj}</arg>
<doc>Types the given ``text`` into the text field identified by ``locator``.</doc>
<msg timestamp="20220318 10:56:19.171" level="INFO">Typing text '64.905.218/0001-78' into text field 'css=#prpno_cpf_cgc_jur'.</msg>
<status status="PASS" starttime="20220318 10:56:19.171" endtime="20220318 10:56:19.355"/>
</kw>
<kw name="Select From List By Label" library="SeleniumLibrary">
<arg>css=#prpoptante_simples</arg>
<arg>Sim</arg>
<doc>Selects options from selection list ``locator`` by ``labels``.</doc>
<msg timestamp="20220318 10:56:19.355" level="INFO">Selecting options from selection list 'css=#prpoptante_simples' by label Sim.</msg>
<status status="PASS" starttime="20220318 10:56:19.355" endtime="20220318 10:56:19.482"/>
</kw>
<kw name="Input Text" library="SeleniumLibrary">
<arg>css=#prplocatario_jur</arg>
<arg>${contratante}</arg>
<doc>Types the given ``text`` into the text field identified by ``locator``.</doc>
<msg timestamp="20220318 10:56:19.483" level="INFO">Typing text 'Nicolas Azevedo' into text field 'css=#prplocatario_jur'.</msg>
<status status="PASS" starttime="20220318 10:56:19.482" endtime="20220318 10:56:19.628"/>
</kw>
<kw name="Select From List By Label" library="SeleniumLibrary">
<arg>css=#prpinscricao_uf</arg>
<arg>PR</arg>
<doc>Selects options from selection list ``locator`` by ``labels``.</doc>
<msg timestamp="20220318 10:56:19.629" level="INFO">Selecting options from selection list 'css=#prpinscricao_uf' by label PR.</msg>
<status status="PASS" starttime="20220318 10:56:19.629" endtime="20220318 10:56:19.731"/>
</kw>
<kw name="Input Text" library="SeleniumLibrary">
<arg>css=#prpno_cep1</arg>
<arg>80620210</arg>
<doc>Types the given ``text`` into the text field identified by ``locator``.</doc>
<msg timestamp="20220318 10:56:19.731" level="INFO">Typing text '80620210' into text field 'css=#prpno_cep1'.</msg>
<status status="PASS" starttime="20220318 10:56:19.731" endtime="20220318 10:56:19.853"/>
</kw>
<kw name="Input Text" library="SeleniumLibrary">
<arg>css=#prpno_endereco1</arg>
<arg>1234</arg>
<doc>Types the given ``text`` into the text field identified by ``locator``.</doc>
<msg timestamp="20220318 10:56:19.853" level="INFO">Typing text '1234' into text field 'css=#prpno_endereco1'.</msg>
<status status="PASS" starttime="20220318 10:56:19.853" endtime="20220318 10:56:19.996"/>
</kw>
<kw name="Input Text" library="SeleniumLibrary">
<arg>css=#prpcompl1</arg>
<arg>bloco 1 ap 1</arg>
<doc>Types the given ``text`` into the text field identified by ``locator``.</doc>
<msg timestamp="20220318 10:56:19.997" level="INFO">Typing text 'bloco 1 ap 1' into text field 'css=#prpcompl1'.</msg>
<status status="PASS" starttime="20220318 10:56:19.997" endtime="20220318 10:56:20.138"/>
</kw>
<kw name="Input Text" library="SeleniumLibrary">
<arg>css=#prpfone1</arg>
<arg>${fone1}</arg>
<doc>Types the given ``text`` into the text field identified by ``locator``.</doc>
<msg timestamp="20220318 10:56:20.139" level="INFO">Typing text '(084) 8785-7949' into text field 'css=#prpfone1'.</msg>
<status status="PASS" starttime="20220318 10:56:20.139" endtime="20220318 10:56:20.314"/>
</kw>
<kw name="Input Text" library="SeleniumLibrary">
<arg>css=#prpfone2</arg>
<arg>${fone2}</arg>
<doc>Types the given ``text`` into the text field identified by ``locator``.</doc>
<msg timestamp="20220318 10:56:20.315" level="INFO">Typing text '+55 (084) 9214 5856' into text field 'css=#prpfone2'.</msg>
<status status="PASS" starttime="20220318 10:56:20.314" endtime="20220318 10:56:20.464"/>
</kw>
<kw name="Input Text" library="SeleniumLibrary">
<arg>css=#prpfone3</arg>
<arg>${fone3}</arg>
<doc>Types the given ``text`` into the text field identified by ``locator``.</doc>
<msg timestamp="20220318 10:56:20.465" level="INFO">Typing text '(084) 9077-0934' into text field 'css=#prpfone3'.</msg>
<status status="PASS" starttime="20220318 10:56:20.464" endtime="20220318 10:56:20.611"/>
</kw>
<kw name="Input Text" library="SeleniumLibrary">
<arg>css=#prpemail</arg>
<arg>${email}</arg>
<doc>Types the given ``text`` into the text field identified by ``locator``.</doc>
<msg timestamp="20220318 10:56:20.612" level="INFO">Typing text 'ana-carolina36@hotmail.com' into text field 'css=#prpemail'.</msg>
<status status="PASS" starttime="20220318 10:56:20.612" endtime="20220318 10:56:20.781"/>
</kw>
<kw name="Input Text" library="SeleniumLibrary">
<arg>css=#prpemail_nfe</arg>
<arg>${emailFinanceiro}</arg>
<doc>Types the given ``text`` into the text field identified by ``locator``.</doc>
<msg timestamp="20220318 10:56:20.782" level="INFO">Typing text 'monteirolucca@gmail.com' into text field 'css=#prpemail_nfe'.</msg>
<status status="PASS" starttime="20220318 10:56:20.782" endtime="20220318 10:56:20.927"/>
</kw>
<kw name="Click Element" library="SeleniumLibrary">
<arg>xpath=//input[@id='copiar_dados_cobranca']</arg>
[...]
<kw name="Click Element" library="SeleniumLibrary">
<arg>xpath=//input[@id='copiar_dados']</arg>
<doc>Click the element identified by ``locator``.</doc>
<msg timestamp="20220318 10:56:20.995" level="INFO">Clicking element 'xpath=//input[@id='copiar_dados']'.</msg>
<status status="PASS" starttime="20220318 10:56:20.995" endtime="20220318 10:56:21.060"/>
</kw>
<kw name="Input Text" library="SeleniumLibrary">
<arg>css=#prpchassi</arg>
<arg>${chassi}</arg>
<doc>Types the given ``text`` into the text field identified by ``locator``.</doc>
<msg timestamp="20220318 10:56:21.061" level="INFO">Typing text '3469813509921' into text field 'css=#prpchassi'.</msg>
<status status="PASS" starttime="20220318 10:56:21.060" endtime="20220318 10:56:21.183"/>
</kw>
<kw name="Input Text" library="SeleniumLibrary">
<arg>css=#prpplaca</arg>
<arg>${placa}</arg>
<doc>Types the given ``text`` into the text field identified by ``locator``.</doc>
<msg timestamp="20220318 10:56:21.184" level="INFO">Typing text '94848021' into text field 'css=#prpplaca'.</msg>
<status status="PASS" starttime="20220318 10:56:21.183" endtime="20220318 10:56:21.287"/>
</kw>
<kw name="Select From List By Label" library="SeleniumLibrary">
<arg>id=prpmcaoid</arg>
<arg>8.160 DRC</arg>
<doc>Selects options from selection list ``locator`` by ``labels``.</doc>
<msg timestamp="20220318 10:56:21.287" level="INFO">Selecting options from selection list 'id=prpmcaoid' by label 8.160 DRC.</msg>
<status status="PASS" starttime="20220318 10:56:21.287" endtime="20220318 10:56:21.381"/>
</kw>
<kw name="Sleep" library="BuiltIn">
<arg>2</arg>
<doc>Pauses the test executed for the given time.</doc>
<msg timestamp="20220318 10:56:23.392" level="INFO">Slept 2 seconds</msg>
<status status="PASS" starttime="20220318 10:56:21.381" endtime="20220318 10:56:23.392"/>
</kw>
<kw name="Select From List By Label" library="SeleniumLibrary">
<arg>id=prpmlooid</arg>
<arg>TESTE</arg>
<doc>Selects options from selection list ``locator`` by ``labels``.</doc>
<msg timestamp="20220318 10:56:23.392" level="INFO">Selecting options from selection list 'id=prpmlooid' by label TESTE.</msg>
<status status="PASS" starttime="20220318 10:56:23.392" endtime="20220318 10:56:23.511"/>
</kw>
<kw name="Input Text" library="SeleniumLibrary">
<arg>css=#prpno_ano</arg>
<arg>2017</arg>
<doc>Types the given ``text`` into the text field identified by ``locator``.</doc>
<msg timestamp="20220318 10:56:23.512" level="INFO">Typing text '2017' into text field 'css=#prpno_ano'.</msg>
<status status="PASS" starttime="20220318 10:56:23.511" endtime="20220318 10:56:23.606"/>
</kw>
<kw name="Input Text" library="SeleniumLibrary">
<arg>css=#prpcor</arg>
<arg>${cor}</arg>
<doc>Types the given ``text`` into the text field identified by ``locator``.</doc>
<msg timestamp="20220318 10:56:23.607" level="INFO">Typing text 'Glicínia' into text field 'css=#prpcor'.</msg>
<status status="PASS" starttime="20220318 10:56:23.606" endtime="20220318 10:56:23.725"/>
</kw>
<kw name="Input Text" library="SeleniumLibrary">
<arg>css=#prprenavam</arg>
<arg>${chassi}</arg>
<doc>Types the given ``text`` into the text field identified by ``locator``.</doc>
<msg timestamp="20220318 10:56:23.726" level="INFO">Typing text '3469813509921' into text field 'css=#prprenavam'.</msg>
<status status="PASS" starttime="20220318 10:56:23.725" endtime="20220318 10:56:23.871"/>
</kw>
<kw name="Click Element" library="SeleniumLibrary">
<arg>xpath=//input[@id='bt_add_veiculo']</arg>
<doc>Click the element identified by ``locator``.</doc>
<msg timestamp="20220318 10:56:23.872" level="INFO">Clicking element 'xpath=//input[@id='bt_add_veiculo']'.</msg>
<status status="PASS" starttime="20220318 10:56:23.872" endtime="20220318 10:56:24.012"/>
</kw>
<kw name="Sleep" library="BuiltIn">
<arg>2</arg>
<doc>Pauses the test executed for the given time.</doc>
<msg timestamp="20220318 10:56:26.023" level="INFO">Slept 2 seconds</msg>
<status status="PASS" starttime="20220318 10:56:24.012" endtime="20220318 10:56:26.023"/>
</kw>
<kw name="Select From List By Label" library="SeleniumLibrary">
<arg>id=execcontas</arg>
<arg>ALINE CAVALCANTE TEIXEIRA</arg>
<doc>Selects options from selection list ``locator`` by ``labels``.</doc>
<msg timestamp="20220318 10:56:26.023" level="INFO">Selecting options from selection list 'id=execcontas' by label ALINE CAVALCANTE TEIXEIRA.</msg>
<status status="PASS" starttime="20220318 10:56:26.023" endtime="20220318 10:56:29.102"/>
</kw>
<kw name="Sleep" library="BuiltIn">
<arg>4</arg>
<doc>Pauses the test executed for the given time.</doc>
<msg timestamp="20220318 10:56:33.110" level="INFO">Slept 4 seconds</msg>
<status status="PASS" starttime="20220318 10:56:29.102" endtime="20220318 10:56:33.110"/>
</kw>
<kw name="Select From List By Label" library="SeleniumLibrary">
<arg>css=#prpforcoid</arg>
<arg>Dinheiro</arg>
<doc>Selects options from selection list ``locator`` by ``labels``.</doc>
<msg timestamp="20220318 10:56:33.111" level="INFO">Selecting options from selection list 'css=#prpforcoid' by label Dinheiro.</msg>
<status status="PASS" starttime="20220318 10:56:33.110" endtime="20220318 10:56:33.202"/>
</kw>
<kw name="Sleep" library="BuiltIn">
<arg>4</arg>
<doc>Pauses the test executed for the given time.</doc>
<msg timestamp="20220318 10:56:37.209" level="INFO">Slept 4 seconds</msg>
<status status="PASS" starttime="20220318 10:56:33.202" endtime="20220318 10:56:37.209"/>
</kw>
<kw name="Select From List By Label" library="SeleniumLibrary">
<arg>id=prpdia_vcto_boleto</arg>
<arg>28</arg>
<doc>Selects options from selection list ``locator`` by ``labels``.</doc>
<msg timestamp="20220318 10:56:37.209" level="INFO">Selecting options from selection list 'id=prpdia_vcto_boleto' by label 28.</msg>
<status status="PASS" starttime="20220318 10:56:37.209" endtime="20220318 10:56:37.278"/>
</kw>
<kw name="Select From List By Label" library="SeleniumLibrary">
<arg>id=prpeqcoid</arg>
<arg>${tipoContrato}</arg>
<doc>Selects options from selection list ``locator`` by ``labels``.</doc>
<msg timestamp="20220318 10:56:37.280" level="INFO">Selecting options from selection list 'id=prpeqcoid' by label SASCARGA.</msg>
<status status="PASS" starttime="20220318 10:56:37.278" endtime="20220318 10:56:37.374"/>
</kw>
<kw name="Select From List By Label" library="SeleniumLibrary">
<arg>id=prpcpvoid</arg>
<arg>999 x</arg>
<doc>Selects options from selection list ``locator`` by ``labels``.</doc>
<msg timestamp="20220318 10:56:37.374" level="INFO">Selecting options from selection list 'id=prpcpvoid' by label 999 x.</msg>
<status status="PASS" starttime="20220318 10:56:37.374" endtime="20220318 10:56:37.447"/>
</kw>
<kw name="Sleep" library="BuiltIn">
<arg>5</arg>
<doc>Pauses the test executed for the given time.</doc>
<msg timestamp="20220318 10:56:42.463" level="INFO">Slept 5 seconds</msg>
<status status="PASS" starttime="20220318 10:56:37.447" endtime="20220318 10:56:42.463"/>
</kw>
<kw name="Input Text" library="SeleniumLibrary">
<arg>css=#prpvl_servico</arg>
<arg>${valorService}</arg>
<doc>Types the given ``text`` into the text field identified by ``locator``.</doc>
<msg timestamp="20220318 10:56:42.463" level="INFO">Typing text '10000' into text field 'css=#prpvl_servico'.</msg>
<status status="PASS" starttime="20220318 10:56:42.463" endtime="20220318 10:56:42.598"/>
</kw>
<kw name="Input Text" library="SeleniumLibrary">
<arg>id=prpvl_monitoramento</arg>
<arg>${valorMonitoramento}</arg>
<doc>Types the given ``text`` into the text field identified by ``locator``.</doc>
<msg timestamp="20220318 10:56:42.598" level="INFO">Typing text '10000' into text field 'id=prpvl_monitoramento'.</msg>
<status status="PASS" starttime="20220318 10:56:42.598" endtime="20220318 10:56:42.724"/>
</kw>
<kw name="Input Text" library="SeleniumLibrary">
<arg>id=valorTaxaInstalacao</arg>
<arg>${valorTaxa}</arg>
<doc>Types the given ``text`` into the text field identified by ``locator``.</doc>
<msg timestamp="20220318 10:56:42.724" level="INFO">Typing text '11590' into text field 'id=valorTaxaInstalacao'.</msg>
<status status="PASS" starttime="20220318 10:56:42.724" endtime="20220318 10:56:42.937"/>
</kw>
<kw name="Select From List By Label" library="SeleniumLibrary">
<arg>id=prpprazo_contrato</arg>
<arg>24</arg>
<doc>Selects options from selection list ``locator`` by ``labels``.</doc>
<msg timestamp="20220318 10:56:42.938" level="INFO">Selecting options from selection list 'id=prpprazo_contrato' by label 24.</msg>
<status status="PASS" starttime="20220318 10:56:42.938" endtime="20220318 10:56:43.068"/>
</kw>
<kw name="Input Text" library="SeleniumLibrary">
<arg>css=#prcnome_aut</arg>
<arg>${nome}</arg>
<doc>Types the given ``text`` into the text field identified by ``locator``.</doc>
<msg timestamp="20220318 10:56:43.069" level="INFO">Typing text 'Davi Peixoto' into text field 'css=#prcnome_aut'.</msg>
<status status="PASS" starttime="20220318 10:56:43.069" endtime="20220318 10:56:43.187"/>
</kw>
<kw name="Input Text" library="SeleniumLibrary">
<arg>css=#prccpf_aut</arg>
<arg>${cpf}</arg>
<doc>Types the given ``text`` into the text field identified by ``locator``.</doc>
<msg timestamp="20220318 10:56:43.188" level="INFO">Typing text '109.547.286-02' into text field 'css=#prccpf_aut'.</msg>
<status status="PASS" starttime="20220318 10:56:43.187" endtime="20220318 10:56:43.302"/>
</kw>
<kw name="Input Text" library="SeleniumLibrary">
<arg>css=#prcrg_aut</arg>
<arg>${rg}</arg>
<doc>Types the given ``text`` into the text field identified by ``locator``.</doc>
<msg timestamp="20220318 10:56:43.303" level="INFO">Typing text '258471037' into text field 'css=#prcrg_aut'.</msg>
<status status="PASS" starttime="20220318 10:56:43.302" endtime="20220318 10:56:43.417"/>
</kw>
<kw name="Input Text" library="SeleniumLibrary">
<arg>css=#prcfone_res_aut</arg>
<arg>${fone1}</arg>
<doc>Types the given ``text`` into the text field identified by ``locator``.</doc>
<msg timestamp="20220318 10:56:43.418" level="INFO">Typing text '(084) 8785-7949' into text field 'css=#prcfone_res_aut'.</msg>
<status status="PASS" starttime="20220318 10:56:43.417" endtime="20220318 10:56:43.544"/>
</kw>
<kw name="Click Element" library="SeleniumLibrary">
<arg>css=#bt_add_aut</arg>
<doc>Click the element identified by ``locator``.</doc>
<msg timestamp="20220318 10:56:43.544" level="INFO">Clicking element 'css=#bt_add_aut'.</msg>
<status status="PASS" starttime="20220318 10:56:43.544" endtime="20220318 10:56:43.623"/>
</kw>
<kw name="Sleep" library="BuiltIn">
<arg>2</arg>
<doc>Pauses the test executed for the given time.</doc>
<msg timestamp="20220318 10:56:45.631" level="INFO">Slept 2 seconds</msg>
<status status="PASS" starttime="20220318 10:56:43.623" endtime="20220318 10:56:45.631"/>
</kw>
<kw name="Click Element" library="SeleniumLibrary">
<arg>css=#replicar_aut</arg>
<doc>Click the element identified by ``locator``.</doc>
<msg timestamp="20220318 10:56:45.631" level="INFO">Clicking element 'css=#replicar_aut'.</msg>
<status status="PASS" starttime="20220318 10:56:45.631" endtime="20220318 10:56:45.698"/>
</kw>
<kw name="Select From List By Label" library="SeleniumLibrary">
<arg>id=replicar_aut</arg>
<arg>Todos</arg>
<doc>Selects options from selection list ``locator`` by ``labels``.</doc>
<msg timestamp="20220318 10:56:45.698" level="INFO">Selecting options from selection list 'id=replicar_aut' by label Todos.</msg>
<status status="PASS" starttime="20220318 10:56:45.698" endtime="20220318 10:56:45.799"/>
</kw>
<kw name="Sleep" library="BuiltIn">
<arg>5</arg>
<doc>Pauses the test executed for the given time.</doc>
<msg timestamp="20220318 10:56:50.810" level="INFO">Slept 5 seconds</msg>
<status status="PASS" starttime="20220318 10:56:45.799" endtime="20220318 10:56:50.810"/>
</kw>
<kw name="Click Element" library="SeleniumLibrary">
<arg>css=#chk_prpinscricao</arg>
<doc>Click the element identified by ``locator``.</doc>
<msg timestamp="20220318 10:56:50.810" level="INFO">Clicking element 'css=#chk_prpinscricao'.</msg>
<status status="PASS" starttime="20220318 10:56:50.810" endtime="20220318 10:56:50.883"/>
</kw>
<kw name="Click Element" library="SeleniumLibrary">
<arg>css=#bt_confirmar</arg>
<doc>Click the element identified by ``locator``.</doc>
<msg timestamp="20220318 10:56:50.883" level="INFO">Clicking element 'css=#bt_confirmar'.</msg>
<status status="PASS" starttime="20220318 10:56:50.883" endtime="20220318 10:57:07.735"/>
</kw>
<kw name="Get WebElement" library="SeleniumLibrary">
<var>${contrato}</var>
<arg>css:.tdc &gt; td:nth-child(7)</arg>
<doc>Returns the first WebElement matching the given ``locator``.</doc>
<msg timestamp="20220318 10:57:07.751" level="INFO">${contrato} = &lt;selenium.webdriver.remote.webelement.WebElement (session="491c91c047c58de7bc9820807b2fcf80", element="cf8126ab-e51d-4bfd-b932-068afc390637")&gt;</msg>
<status status="PASS" starttime="20220318 10:57:07.735" endtime="20220318 10:57:07.751"/>
</kw>
<kw name="Click Element" library="SeleniumLibrary">
<arg>css=.tdc &gt; td:nth-child(7)</arg>
<doc>Click the element identified by ``locator``.</doc>
<msg timestamp="20220318 10:57:07.751" level="INFO">Clicking element 'css=.tdc &gt; td:nth-child(7)'.</msg>
<status status="PASS" starttime="20220318 10:57:07.751" endtime="20220318 10:57:07.796"/>
</kw>
<kw name="Evidencia" library="base">
<arg>contrato.${contrato.text}</arg>
<kw name="Evaluate" library="BuiltIn">
<var>${now}</var>
<arg>'{dt.day}.{dt.month}.{dt.year}.{dt.hour}.{dt.minute}.{dt.second}'.format(dt=datetime.datetime.now())</arg>
<arg>modules=datetime</arg>
<doc>Evaluates the given expression in Python and returns the result.</doc>
<msg timestamp="20220318 10:57:07.811" level="INFO">${now} = 18.3.2022.10.57.7</msg>
<status status="PASS" starttime="20220318 10:57:07.810" endtime="20220318 10:57:07.811"/>
</kw>
<kw name="Capture Page Screenshot" library="SeleniumLibrary">
<arg>${nome}-${now}.png</arg>
<doc>Takes a screenshot of the current page and embeds it into a log file.</doc>
<msg timestamp="20220318 10:57:07.903" level="INFO" html="true">&lt;/td&gt;&lt;/tr&gt;&lt;tr&gt;&lt;td colspan="3"&gt;&lt;a href="contrato.1051164599%20-18.3.2022.10.57.7.png"&gt;&lt;img src="contrato.1051164599%20-18.3.2022.10.57.7.png" width="800px"&gt;&lt;/a&gt;</msg>
<status status="PASS" starttime="20220318 10:57:07.811" endtime="20220318 10:57:07.903"/>
</kw>
<status status="PASS" starttime="20220318 10:57:07.796" endtime="20220318 10:57:07.903"/>
</kw>
<msg timestamp="20220318 10:57:07.921" level="INFO">${termo} = 1051164599 </msg>
<status status="PASS" starttime="20220318 10:56:13.610" endtime="20220318 10:57:07.921"/>
</kw>
<kw name="Geração de contrato" library="base">
<arg>${termo}</arg>
<kw name="Click Element" library="SeleniumLibrary">
<arg>css=.it_link</arg>
<doc>Click the element identified by ``locator``.</doc>
<msg timestamp="20220318 10:57:07.922" level="INFO">Clicking element 'css=.it_link'.</msg>
<status status="PASS" starttime="20220318 10:57:07.921" endtime="20220318 10:57:08.006"/>
</kw>
<kw name="Switch Window" library="SeleniumLibrary">
<arg>NEW</arg>
<doc>Switches to browser window matching ``locator``.</doc>
<status status="PASS" starttime="20220318 10:57:08.006" endtime="20220318 10:57:08.018"/>
</kw>
<kw name="Get Location" library="SeleniumLibrary">
<doc>Returns the current browser window URL.</doc>
<status status="PASS" starttime="20220318 10:57:08.019" endtime="20220318 10:57:13.125"/>
</kw>
<kw name="Click Element" library="SeleniumLibrary">
<arg>id=bt_gerar</arg>
<doc>Click the element identified by ``locator``.</doc>
<msg timestamp="20220318 10:57:13.125" level="INFO">Clicking element 'id=bt_gerar'.</msg>
<status status="PASS" starttime="20220318 10:57:13.125" endtime="20220318 10:57:20.146"/>
</kw>
<kw name="Sleep" library="BuiltIn">
<arg>5</arg>
<doc>Pauses the test executed for the given time.</doc>
<msg timestamp="20220318 10:57:25.152" level="INFO">Slept 5 seconds</msg>
<status status="PASS" starttime="20220318 10:57:20.146" endtime="20220318 10:57:25.152"/>
</kw>
<kw name="Evidencia" library="base">
<arg>termoGerado.${termo}</arg>
<kw name="Evaluate" library="BuiltIn">
<var>${now}</var>
<arg>'{dt.day}.{dt.month}.{dt.year}.{dt.hour}.{dt.minute}.{dt.second}'.format(dt=datetime.datetime.now())</arg>
<arg>modules=datetime</arg>
<doc>Evaluates the given expression in Python and returns the result.</doc>
<msg timestamp="20220318 10:57:25.153" level="INFO">${now} = 18.3.2022.10.57.25</msg>
<status status="PASS" starttime="20220318 10:57:25.152" endtime="20220318 10:57:25.153"/>
</kw>
<kw name="Capture Page Screenshot" library="SeleniumLibrary">
<arg>${nome}-${now}.png</arg>
<doc>Takes a screenshot of the current page and embeds it into a log file.</doc>
<msg timestamp="20220318 10:57:29.484" level="INFO" html="true">&lt;/td&gt;&lt;/tr&gt;&lt;tr&gt;&lt;td colspan="3"&gt;&lt;a href="termoGerado.1051164599%20-18.3.2022.10.57.25.png"&gt;&lt;img src="termoGerado.1051164599%20-18.3.2022.10.57.25.png" width="800px"&gt;&lt;/a&gt;</msg>
<status status="PASS" starttime="20220318 10:57:25.153" endtime="20220318 10:57:29.485"/>
</kw>
<status status="PASS" starttime="20220318 10:57:25.152" endtime="20220318 10:57:29.485"/>
</kw>
<kw name="Sleep" library="BuiltIn">
<arg>5</arg>
<doc>Pauses the test executed for the given time.</doc>
<msg timestamp="20220318 10:57:34.494" level="INFO">Slept 5 seconds</msg>
<status status="PASS" starttime="20220318 10:57:29.486" endtime="20220318 10:57:34.494"/>
</kw>
<kw name="Encerra Sessão" library="base">
<kw name="Evidencia" library="base">
<arg>fimProcessamento</arg>
<kw name="Evaluate" library="BuiltIn">
<var>${now}</var>
<arg>'{dt.day}.{dt.month}.{dt.year}.{dt.hour}.{dt.minute}.{dt.second}'.format(dt=datetime.datetime.now())</arg>
<arg>modules=datetime</arg>
<doc>Evaluates the given expression in Python and returns the result.</doc>
<msg timestamp="20220318 10:57:34.495" level="INFO">${now} = 18.3.2022.10.57.34</msg>
<status status="PASS" starttime="20220318 10:57:34.495" endtime="20220318 10:57:34.495"/>
</kw>
<kw name="Capture Page Screenshot" library="SeleniumLibrary">
<arg>${nome}-${now}.png</arg>
<doc>Takes a screenshot of the current page and embeds it into a log file.</doc>
<msg timestamp="20220318 10:57:34.601" level="INFO" html="true">&lt;/td&gt;&lt;/tr&gt;&lt;tr&gt;&lt;td colspan="3"&gt;&lt;a href="fimProcessamento-18.3.2022.10.57.34.png"&gt;&lt;img src="fimProcessamento-18.3.2022.10.57.34.png" width="800px"&gt;&lt;/a&gt;</msg>
<status status="PASS" starttime="20220318 10:57:34.495" endtime="20220318 10:57:34.601"/>
</kw>
<status status="PASS" starttime="20220318 10:57:34.494" endtime="20220318 10:57:34.601"/>
</kw>
<kw name="Close Browser" library="SeleniumLibrary">
<doc>Closes the current browser.</doc>
<status status="PASS" starttime="20220318 10:57:34.601" endtime="20220318 10:57:37.136"/>
</kw>
<status status="PASS" starttime="20220318 10:57:34.494" endtime="20220318 10:57:37.136"/>
</kw>
<status status="PASS" starttime="20220318 10:57:07.921" endtime="20220318 10:57:37.136"/>
</kw>
<kw name="Continue For Loop" library="BuiltIn">
<doc>Skips the current for loop iteration and continues from the next.</doc>
<msg timestamp="20220318 10:57:37.136" level="INFO">Continuing for loop from the next iteration.</msg>
<status status="PASS" starttime="20220318 10:57:37.136" endtime="20220318 10:57:37.136"/>
</kw>
<status status="PASS" starttime="20220318 10:56:08.241" endtime="20220318 10:57:37.136"/>
</iter>
<status status="PASS" starttime="20220318 10:56:08.241" endtime="20220318 10:57:37.136"/>
</for>
<status status="PASS" starttime="20220318 10:56:08.241" endtime="20220318 10:57:37.136"/>
</test>
<status status="PASS" starttime="20220318 10:54:24.522" endtime="20220318 10:57:37.136"/>
</suite>
<statistics>
<total>
<stat pass="2" fail="0" skip="0">All Tests</stat>
</total>
<tag>
</tag>
<suite>
<stat pass="2" fail="0" skip="0" id="s1" name="Cadastro">Cadastro</stat>
</suite>
</statistics>
<errors>
</errors>
</robot>
