<?xml version="1.0" encoding="UTF-8"?>
<robot generator="Robot 4.0 (Python 3.9.1 on win32)" generated="20211211 13:28:18.390" rpa="false" schemaversion="2">
<suite id="s1" name="Cadastro" source="C:\qaninja\robot\Web\Intranet\cadastro.robot">
<test id="s1-t1" name="Cadastro de cliente Pessoa Física e geração do contrato">
<for flavor="IN RANGE">
<var>${var}</var>
<value>2</value>
<iter>
<var name="${var}">0</var>
<kw name="Nova Sessão" library="base">
<kw name="Open Browser" library="SeleniumLibrary">
<arg>${url}</arg>
<arg>chrome</arg>
<doc>Opens a new browser instance to the optional ``url``.</doc>
<msg timestamp="20211211 13:28:19.533" level="INFO">Opening browser 'chrome' to base url 'https://hom1-intranet.sascar.com.br/sistemaWeb/index.php'.</msg>
<status status="PASS" starttime="20211211 13:28:19.533" endtime="20211211 13:28:24.706"/>
</kw>
<kw name="Maximize Browser Window" library="SeleniumLibrary">
<doc>Maximizes current browser window.</doc>
<status status="PASS" starttime="20211211 13:28:24.706" endtime="20211211 13:28:24.857"/>
</kw>
<kw name="Login With" library="base">
<kw name="Input Text" library="SeleniumLibrary">
<arg>css:input[name=login]</arg>
<arg>admin.desenv</arg>
<doc>Types the given ``text`` into the text field identified by ``locator``.</doc>
<msg timestamp="20211211 13:28:24.857" level="INFO">Typing text 'admin.desenv' into text field 'css:input[name=login]'.</msg>
<status status="PASS" starttime="20211211 13:28:24.857" endtime="20211211 13:28:25.125"/>
</kw>
<kw name="Input Text" library="SeleniumLibrary">
<arg>css:input[name=senha]</arg>
<arg>12345</arg>
<doc>Types the given ``text`` into the text field identified by ``locator``.</doc>
<msg timestamp="20211211 13:28:25.129" level="INFO">Typing text '12345' into text field 'css:input[name=senha]'.</msg>
<status status="PASS" starttime="20211211 13:28:25.125" endtime="20211211 13:28:25.362"/>
</kw>
<kw name="Click Element" library="SeleniumLibrary">
<arg>css:input[type=image]</arg>
<doc>Click the element identified by ``locator``.</doc>
<msg timestamp="20211211 13:28:25.362" level="INFO">Clicking element 'css:input[type=image]'.</msg>
<status status="PASS" starttime="20211211 13:28:25.362" endtime="20211211 13:28:27.936"/>
</kw>
<kw name="Evidencia" library="base">
<arg>login</arg>
<kw name="Evaluate" library="BuiltIn">
<var>${now}</var>
<arg>'{dt.day}.{dt.month}.{dt.year}.{dt.hour}.{dt.minute}.{dt.second}'.format(dt=datetime.datetime.now())</arg>
<arg>modules=datetime</arg>
<doc>Evaluates the given expression in Python and returns the result.</doc>
<msg timestamp="20211211 13:28:27.936" level="INFO">${now} = 11.12.2021.13.28.27</msg>
<status status="PASS" starttime="20211211 13:28:27.936" endtime="20211211 13:28:27.936"/>
</kw>
<kw name="Capture Page Screenshot" library="SeleniumLibrary">
<arg>${nome}-${now}.png</arg>
<doc>Takes a screenshot of the current page and embeds it into a log file.</doc>
<msg timestamp="20211211 13:28:28.586" level="INFO" html="true">&lt;/td&gt;&lt;/tr&gt;&lt;tr&gt;&lt;td colspan="3"&gt;&lt;a href="login-11.12.2021.13.28.27.png"&gt;&lt;img src="login-11.12.2021.13.28.27.png" width="800px"&gt;&lt;/a&gt;</msg>
<status status="PASS" starttime="20211211 13:28:27.936" endtime="20211211 13:28:28.587"/>
</kw>
<status status="PASS" starttime="20211211 13:28:27.936" endtime="20211211 13:28:28.588"/>
</kw>
<status status="PASS" starttime="20211211 13:28:24.857" endtime="20211211 13:28:28.589"/>
</kw>
<status status="PASS" starttime="20211211 13:28:19.532" endtime="20211211 13:28:28.590"/>
</kw>
<kw name="Classe Contrato" library="base">
<var>${classe}</var>
<kw name="Set Variable" library="BuiltIn">
<var>${classe2}</var>
<arg>2</arg>
<doc>Returns the given values which can then be assigned to a variables.</doc>
<msg timestamp="20211211 13:28:28.590" level="INFO">${classe2} = 2</msg>
<status status="PASS" starttime="20211211 13:28:28.590" endtime="20211211 13:28:28.590"/>
</kw>
<kw name="Set Variable" library="BuiltIn">
<var>${classe4}</var>
<arg>4</arg>
<doc>Returns the given values which can then be assigned to a variables.</doc>
<msg timestamp="20211211 13:28:28.590" level="INFO">${classe4} = 4</msg>
<status status="PASS" starttime="20211211 13:28:28.590" endtime="20211211 13:28:28.590"/>
</kw>
<kw name="Set Variable" library="BuiltIn">
<var>${classe5}</var>
<arg>5</arg>
<doc>Returns the given values which can then be assigned to a variables.</doc>
<msg timestamp="20211211 13:28:28.590" level="INFO">${classe5} = 5</msg>
<status status="PASS" starttime="20211211 13:28:28.590" endtime="20211211 13:28:28.590"/>
</kw>
<kw name="Set Variable" library="BuiltIn">
<var>${classe6}</var>
<arg>6</arg>
<doc>Returns the given values which can then be assigned to a variables.</doc>
<msg timestamp="20211211 13:28:28.590" level="INFO">${classe6} = 6</msg>
<status status="PASS" starttime="20211211 13:28:28.590" endtime="20211211 13:28:28.590"/>
</kw>
<kw name="Set Variable" library="BuiltIn">
<var>${classe7}</var>
<arg>7</arg>
<doc>Returns the given values which can then be assigned to a variables.</doc>
<msg timestamp="20211211 13:28:28.590" level="INFO">${classe7} = 7</msg>
<status status="PASS" starttime="20211211 13:28:28.590" endtime="20211211 13:28:28.590"/>
</kw>
<kw name="Set Variable" library="BuiltIn">
<var>${classe8}</var>
<arg>8</arg>
<doc>Returns the given values which can then be assigned to a variables.</doc>
<msg timestamp="20211211 13:28:28.590" level="INFO">${classe8} = 8</msg>
<status status="PASS" starttime="20211211 13:28:28.590" endtime="20211211 13:28:28.590"/>
</kw>
<kw name="Set Variable" library="BuiltIn">
<var>${classe9}</var>
<arg>9</arg>
<doc>Returns the given values which can then be assigned to a variables.</doc>
<msg timestamp="20211211 13:28:28.590" level="INFO">${classe9} = 9</msg>
<status status="PASS" starttime="20211211 13:28:28.590" endtime="20211211 13:28:28.590"/>
</kw>
<kw name="Set Variable" library="BuiltIn">
<var>${classe10}</var>
<arg>10</arg>
<doc>Returns the given values which can then be assigned to a variables.</doc>
<msg timestamp="20211211 13:28:28.590" level="INFO">${classe10} = 10</msg>
<status status="PASS" starttime="20211211 13:28:28.590" endtime="20211211 13:28:28.590"/>
</kw>
<kw name="Set Variable" library="BuiltIn">
<var>${classe11}</var>
<arg>11</arg>
<doc>Returns the given values which can then be assigned to a variables.</doc>
<msg timestamp="20211211 13:28:28.590" level="INFO">${classe11} = 11</msg>
<status status="PASS" starttime="20211211 13:28:28.590" endtime="20211211 13:28:28.590"/>
</kw>
<kw name="Evaluate" library="BuiltIn">
<var>${random}</var>
<arg>random.randint(4, 11)</arg>
<doc>Evaluates the given expression in Python and returns the result.</doc>
<msg timestamp="20211211 13:28:28.590" level="INFO">${random} = 9</msg>
<status status="PASS" starttime="20211211 13:28:28.590" endtime="20211211 13:28:28.590"/>
</kw>
<if>
<branch type="IF" condition="'${random}' == '${classe2}'">
<kw name="Set Variable" library="BuiltIn">
<var>${classe.nome}</var>
<arg>CCO - MONITORAMENTO LOGÍSTICO</arg>
<doc>Returns the given values which can then be assigned to a variables.</doc>
<status status="NOT RUN" starttime="20211211 13:28:28.590" endtime="20211211 13:28:28.590"/>
</kw>
<kw name="Set Variable" library="BuiltIn">
<var>${classe.valorMonit}</var>
<arg>5000</arg>
<doc>Returns the given values which can then be assigned to a variables.</doc>
<status status="NOT RUN" starttime="20211211 13:28:28.590" endtime="20211211 13:28:28.606"/>
</kw>
<kw name="Set Variable" library="BuiltIn">
<var>${classe.valorServ}</var>
<arg>5000</arg>
<doc>Returns the given values which can then be assigned to a variables.</doc>
<status status="NOT RUN" starttime="20211211 13:28:28.606" endtime="20211211 13:28:28.606"/>
</kw>
<kw name="Set Variable" library="BuiltIn">
<var>${classe.valorTax}</var>
<arg>2500</arg>
<doc>Returns the given values which can then be assigned to a variables.</doc>
<status status="NOT RUN" starttime="20211211 13:28:28.607" endtime="20211211 13:28:28.607"/>
</kw>
<status status="NOT RUN" starttime="20211211 13:28:28.590" endtime="20211211 13:28:28.607"/>
</branch>
<status status="PASS" starttime="20211211 13:28:28.590" endtime="20211211 13:28:28.607"/>
</if>
<if>
<branch type="IF" condition="'${random}' == '${classe4}'">
<kw name="Set Variable" library="BuiltIn">
<var>${classe.nome}</var>
<arg>GPS/GSM</arg>
<doc>Returns the given values which can then be assigned to a variables.</doc>
<status status="NOT RUN" starttime="20211211 13:28:28.607" endtime="20211211 13:28:28.607"/>
</kw>
<kw name="Set Variable" library="BuiltIn">
<var>${classe.valorMonit}</var>
<arg>7000</arg>
<doc>Returns the given values which can then be assigned to a variables.</doc>
<status status="NOT RUN" starttime="20211211 13:28:28.607" endtime="20211211 13:28:28.607"/>
</kw>
<kw name="Set Variable" library="BuiltIn">
<var>${classe.valorServ}</var>
<arg>7000</arg>
<doc>Returns the given values which can then be assigned to a variables.</doc>
<status status="NOT RUN" starttime="20211211 13:28:28.607" endtime="20211211 13:28:28.607"/>
</kw>
<kw name="Set Variable" library="BuiltIn">
<var>${classe.valorTax}</var>
<arg>8500</arg>
<doc>Returns the given values which can then be assigned to a variables.</doc>
<status status="NOT RUN" starttime="20211211 13:28:28.607" endtime="20211211 13:28:28.607"/>
</kw>
<status status="NOT RUN" starttime="20211211 13:28:28.607" endtime="20211211 13:28:28.607"/>
</branch>
<status status="PASS" starttime="20211211 13:28:28.607" endtime="20211211 13:28:28.607"/>
</if>
<if>
<branch type="IF" condition="'${random}' == '${classe5}'">
<kw name="Set Variable" library="BuiltIn">
<var>${classe.nome}</var>
<arg>GSM/GPS PLUS</arg>
<doc>Returns the given values which can then be assigned to a variables.</doc>
<status status="NOT RUN" starttime="20211211 13:28:28.607" endtime="20211211 13:28:28.607"/>
</kw>
<kw name="Set Variable" library="BuiltIn">
<var>${classe.valorMonit}</var>
<arg>6000</arg>
<doc>Returns the given values which can then be assigned to a variables.</doc>
<status status="NOT RUN" starttime="20211211 13:28:28.607" endtime="20211211 13:28:28.607"/>
</kw>
<kw name="Set Variable" library="BuiltIn">
<var>${classe.valorServ}</var>
<arg>6000</arg>
<doc>Returns the given values which can then be assigned to a variables.</doc>
<status status="NOT RUN" starttime="20211211 13:28:28.607" endtime="20211211 13:28:28.607"/>
</kw>
<kw name="Set Variable" library="BuiltIn">
<var>${classe.valorTax}</var>
<arg>9000</arg>
<doc>Returns the given values which can then be assigned to a variables.</doc>
<status status="NOT RUN" starttime="20211211 13:28:28.607" endtime="20211211 13:28:28.607"/>
</kw>
<status status="NOT RUN" starttime="20211211 13:28:28.607" endtime="20211211 13:28:28.607"/>
</branch>
<status status="PASS" starttime="20211211 13:28:28.607" endtime="20211211 13:28:28.607"/>
</if>
<if>
<branch type="IF" condition="'${random}' == '${classe6}'">
<kw name="Set Variable" library="BuiltIn">
<var>${classe.nome}</var>
<arg>RF NACIONAL</arg>
<doc>Returns the given values which can then be assigned to a variables.</doc>
<status status="NOT RUN" starttime="20211211 13:28:28.607" endtime="20211211 13:28:28.607"/>
</kw>
<kw name="Set Variable" library="BuiltIn">
<var>${classe.valorMonit}</var>
<arg>5500</arg>
<doc>Returns the given values which can then be assigned to a variables.</doc>
<status status="NOT RUN" starttime="20211211 13:28:28.607" endtime="20211211 13:28:28.607"/>
</kw>
<kw name="Set Variable" library="BuiltIn">
<var>${classe.valorServ}</var>
<arg>5500</arg>
<doc>Returns the given values which can then be assigned to a variables.</doc>
<status status="NOT RUN" starttime="20211211 13:28:28.607" endtime="20211211 13:28:28.607"/>
</kw>
<kw name="Set Variable" library="BuiltIn">
<var>${classe.valorTax}</var>
<arg>18000</arg>
<doc>Returns the given values which can then be assigned to a variables.</doc>
<status status="NOT RUN" starttime="20211211 13:28:28.607" endtime="20211211 13:28:28.607"/>
</kw>
<status status="NOT RUN" starttime="20211211 13:28:28.607" endtime="20211211 13:28:28.607"/>
</branch>
<status status="PASS" starttime="20211211 13:28:28.607" endtime="20211211 13:28:28.607"/>
</if>
<if>
<branch type="IF" condition="'${random}' == '${classe7}'">
<kw name="Set Variable" library="BuiltIn">
<var>${classe.nome}</var>
<arg>SASCARGA</arg>
<doc>Returns the given values which can then be assigned to a variables.</doc>
<status status="NOT RUN" starttime="20211211 13:28:28.607" endtime="20211211 13:28:28.607"/>
</kw>
<kw name="Set Variable" library="BuiltIn">
<var>${classe.valorMonit}</var>
<arg>10000</arg>
<doc>Returns the given values which can then be assigned to a variables.</doc>
<status status="NOT RUN" starttime="20211211 13:28:28.607" endtime="20211211 13:28:28.607"/>
</kw>
<kw name="Set Variable" library="BuiltIn">
<var>${classe.valorServ}</var>
<arg>10000</arg>
<doc>Returns the given values which can then be assigned to a variables.</doc>
<status status="NOT RUN" starttime="20211211 13:28:28.623" endtime="20211211 13:28:28.624"/>
</kw>
<kw name="Set Variable" library="BuiltIn">
<var>${classe.valorTax}</var>
<arg>11590</arg>
<doc>Returns the given values which can then be assigned to a variables.</doc>
<status status="NOT RUN" starttime="20211211 13:28:28.624" endtime="20211211 13:28:28.625"/>
</kw>
<status status="NOT RUN" starttime="20211211 13:28:28.607" endtime="20211211 13:28:28.625"/>
</branch>
<status status="PASS" starttime="20211211 13:28:28.607" endtime="20211211 13:28:28.625"/>
</if>
<if>
<branch type="IF" condition="'${random}' == '${classe8}'">
<kw name="Set Variable" library="BuiltIn">
<var>${classe.nome}</var>
<arg>SASCARGA FULL SAT 500</arg>
<doc>Returns the given values which can then be assigned to a variables.</doc>
<status status="NOT RUN" starttime="20211211 13:28:28.627" endtime="20211211 13:28:28.627"/>
</kw>
<kw name="Set Variable" library="BuiltIn">
<var>${classe.valorMonit}</var>
<arg>18300</arg>
<doc>Returns the given values which can then be assigned to a variables.</doc>
<status status="NOT RUN" starttime="20211211 13:28:28.628" endtime="20211211 13:28:28.628"/>
</kw>
<kw name="Set Variable" library="BuiltIn">
<var>${classe.valorServ}</var>
<arg>18300</arg>
<doc>Returns the given values which can then be assigned to a variables.</doc>
<status status="NOT RUN" starttime="20211211 13:28:28.628" endtime="20211211 13:28:28.629"/>
</kw>
<kw name="Set Variable" library="BuiltIn">
<var>${classe.valorTax}</var>
<arg>12900</arg>
<doc>Returns the given values which can then be assigned to a variables.</doc>
<status status="NOT RUN" starttime="20211211 13:28:28.629" endtime="20211211 13:28:28.630"/>
</kw>
<status status="NOT RUN" starttime="20211211 13:28:28.626" endtime="20211211 13:28:28.630"/>
</branch>
<status status="PASS" starttime="20211211 13:28:28.626" endtime="20211211 13:28:28.630"/>
</if>
<if>
<branch type="IF" condition="'${random}' == '${classe9}'">
<kw name="Set Variable" library="BuiltIn">
<var>${classe.nome}</var>
<arg>SASMDT</arg>
<doc>Returns the given values which can then be assigned to a variables.</doc>
<msg timestamp="20211211 13:28:28.631" level="INFO">${classe.nome} = SASMDT</msg>
<status status="PASS" starttime="20211211 13:28:28.631" endtime="20211211 13:28:28.631"/>
</kw>
<kw name="Set Variable" library="BuiltIn">
<var>${classe.valorMonit}</var>
<arg>10500</arg>
<doc>Returns the given values which can then be assigned to a variables.</doc>
<msg timestamp="20211211 13:28:28.631" level="INFO">${classe.valorMonit} = 10500</msg>
<status status="PASS" starttime="20211211 13:28:28.631" endtime="20211211 13:28:28.631"/>
</kw>
<kw name="Set Variable" library="BuiltIn">
<var>${classe.valorServ}</var>
<arg>10500</arg>
<doc>Returns the given values which can then be assigned to a variables.</doc>
<msg timestamp="20211211 13:28:28.631" level="INFO">${classe.valorServ} = 10500</msg>
<status status="PASS" starttime="20211211 13:28:28.631" endtime="20211211 13:28:28.631"/>
</kw>
<kw name="Set Variable" library="BuiltIn">
<var>${classe.valorTax}</var>
<arg>10000</arg>
<doc>Returns the given values which can then be assigned to a variables.</doc>
<msg timestamp="20211211 13:28:28.631" level="INFO">${classe.valorTax} = 10000</msg>
<status status="PASS" starttime="20211211 13:28:28.631" endtime="20211211 13:28:28.631"/>
</kw>
<status status="PASS" starttime="20211211 13:28:28.631" endtime="20211211 13:28:28.631"/>
</branch>
<status status="PASS" starttime="20211211 13:28:28.631" endtime="20211211 13:28:28.631"/>
</if>
<if>
<branch type="IF" condition="'${random}' == '${classe10}'">
<kw name="Set Variable" library="BuiltIn">
<var>${classe.nome}</var>
<arg>SASTM FULL SAT III</arg>
<doc>Returns the given values which can then be assigned to a variables.</doc>
<status status="NOT RUN" starttime="20211211 13:28:28.631" endtime="20211211 13:28:28.631"/>
</kw>
<kw name="Set Variable" library="BuiltIn">
<var>${classe.valorMonit}</var>
<arg>27000</arg>
<doc>Returns the given values which can then be assigned to a variables.</doc>
<status status="NOT RUN" starttime="20211211 13:28:28.631" endtime="20211211 13:28:28.631"/>
</kw>
<kw name="Set Variable" library="BuiltIn">
<var>${classe.valorServ}</var>
<arg>27000</arg>
<doc>Returns the given values which can then be assigned to a variables.</doc>
<status status="NOT RUN" starttime="20211211 13:28:28.631" endtime="20211211 13:28:28.631"/>
</kw>
<kw name="Set Variable" library="BuiltIn">
<var>${classe.valorTax}</var>
<arg>13000</arg>
<doc>Returns the given values which can then be assigned to a variables.</doc>
<status status="NOT RUN" starttime="20211211 13:28:28.631" endtime="20211211 13:28:28.631"/>
</kw>
<status status="NOT RUN" starttime="20211211 13:28:28.631" endtime="20211211 13:28:28.631"/>
</branch>
<status status="PASS" starttime="20211211 13:28:28.631" endtime="20211211 13:28:28.631"/>
</if>
<if>
<branch type="IF" condition="'${random}' == '${classe11}'">
<kw name="Set Variable" library="BuiltIn">
<var>${classe.nome}</var>
<arg>SASMDT COM TELEMETRIA</arg>
<doc>Returns the given values which can then be assigned to a variables.</doc>
<status status="NOT RUN" starttime="20211211 13:28:28.631" endtime="20211211 13:28:28.631"/>
</kw>
<kw name="Evaluate" library="BuiltIn">
<var>${classe.valorMonit}</var>
<arg>random.randint(8000, 22000)</arg>
<doc>Evaluates the given expression in Python and returns the result.</doc>
<status status="NOT RUN" starttime="20211211 13:28:28.631" endtime="20211211 13:28:28.631"/>
</kw>
<kw name="Evaluate" library="BuiltIn">
<var>${classe.valorServ}</var>
<arg>random.randint(8000, 22000)</arg>
<doc>Evaluates the given expression in Python and returns the result.</doc>
<status status="NOT RUN" starttime="20211211 13:28:28.631" endtime="20211211 13:28:28.631"/>
</kw>
<kw name="Evaluate" library="BuiltIn">
<var>${classe.valorTax}</var>
<arg>random.randint(5000, 15000)</arg>
<doc>Evaluates the given expression in Python and returns the result.</doc>
<status status="NOT RUN" starttime="20211211 13:28:28.631" endtime="20211211 13:28:28.631"/>
</kw>
<status status="NOT RUN" starttime="20211211 13:28:28.631" endtime="20211211 13:28:28.631"/>
</branch>
<status status="PASS" starttime="20211211 13:28:28.631" endtime="20211211 13:28:28.631"/>
</if>
<msg timestamp="20211211 13:28:28.646" level="INFO">${classe} = {'nome': 'SASMDT', 'valorMonit': '10500', 'valorServ': '10500', 'valorTax': '10000'}</msg>
<status status="PASS" starttime="20211211 13:28:28.590" endtime="20211211 13:28:28.646"/>
</kw>
<kw name="Novo Contrato PF" library="base">
<var>${termo}</var>
<arg>${classe.nome}</arg>
<arg>${classe.valorMonit}</arg>
<arg>${classe.valorServ}</arg>
<arg>${classe.valorTax}</arg>
<kw name="Cpf" library="FakerLibrary">
<var>${cpf}</var>
<msg timestamp="20211211 13:28:28.666" level="INFO">${cpf} = 247.309.516-70</msg>
<status status="PASS" starttime="20211211 13:28:28.647" endtime="20211211 13:28:28.666"/>
</kw>
<kw name="Rg" library="FakerLibrary">
<var>${rg}</var>
<doc>Brazilian RG, return plain numbers.
Check:  https://www.ngmatematica.com/2014/02/como-determinar-o-digito-verificador-do.html</doc>
<msg timestamp="20211211 13:28:28.667" level="INFO">${rg} = 147036525</msg>
<status status="PASS" starttime="20211211 13:28:28.666" endtime="20211211 13:28:28.667"/>
</kw>
<kw name="Name" library="FakerLibrary">
<var>${nome}</var>
<doc>:example 'John Doe'</doc>
<msg timestamp="20211211 13:28:28.667" level="INFO">${nome} = Valentina Sales</msg>
<status status="PASS" starttime="20211211 13:28:28.667" endtime="20211211 13:28:28.667"/>
</kw>
<kw name="Name" library="FakerLibrary">
<var>${nomeMae}</var>
<doc>:example 'John Doe'</doc>
<msg timestamp="20211211 13:28:28.667" level="INFO">${nomeMae} = Alexandre Freitas</msg>
<status status="PASS" starttime="20211211 13:28:28.667" endtime="20211211 13:28:28.667"/>
</kw>
<kw name="Email" library="FakerLibrary">
<var>${email}</var>
<msg timestamp="20211211 13:28:28.667" level="INFO">${email} = costelaana-vitoria@ig.com.br</msg>
<status status="PASS" starttime="20211211 13:28:28.667" endtime="20211211 13:28:28.667"/>
</kw>
<kw name="Email" library="FakerLibrary">
<var>${emailFinanceiro}</var>
<msg timestamp="20211211 13:28:28.667" level="INFO">${emailFinanceiro} = pietrada-cruz@hotmail.com</msg>
<status status="PASS" starttime="20211211 13:28:28.667" endtime="20211211 13:28:28.667"/>
</kw>
<kw name="Ean" library="FakerLibrary">
<var>${chassi}</var>
<doc>Generate an EAN barcode of the specified ``length``.</doc>
<msg timestamp="20211211 13:28:28.667" level="INFO">${chassi} = 7040488421723</msg>
<status status="PASS" starttime="20211211 13:28:28.667" endtime="20211211 13:28:28.667"/>
</kw>
<kw name="Ean 8" library="FakerLibrary">
<var>${placa}</var>
<doc>Generate an EAN-8 barcode.</doc>
<msg timestamp="20211211 13:28:28.683" level="INFO">${placa} = 89645314</msg>
<status status="PASS" starttime="20211211 13:28:28.667" endtime="20211211 13:28:28.683"/>
</kw>
<kw name="Phone Number" library="FakerLibrary">
<var>${fone1}</var>
<msg timestamp="20211211 13:28:28.684" level="INFO">${fone1} = +55 (051) 0968 3310</msg>
<status status="PASS" starttime="20211211 13:28:28.683" endtime="20211211 13:28:28.684"/>
</kw>
<kw name="Phone Number" library="FakerLibrary">
<var>${fone2}</var>
<msg timestamp="20211211 13:28:28.684" level="INFO">${fone2} = (061) 6130-3888</msg>
<status status="PASS" starttime="20211211 13:28:28.684" endtime="20211211 13:28:28.684"/>
</kw>
<kw name="Phone Number" library="FakerLibrary">
<var>${fone3}</var>
<msg timestamp="20211211 13:28:28.684" level="INFO">${fone3} = +55 (031) 5290 4519</msg>
<status status="PASS" starttime="20211211 13:28:28.684" endtime="20211211 13:28:28.684"/>
</kw>
<kw name="Year" library="FakerLibrary">
<var>${ano}</var>
<msg timestamp="20211211 13:28:28.684" level="INFO">${ano} = 1970</msg>
<status status="PASS" starttime="20211211 13:28:28.684" endtime="20211211 13:28:28.684"/>
</kw>
<kw name="Color Name" library="FakerLibrary">
<var>${cor}</var>
<doc>Generate a color name.</doc>
<msg timestamp="20211211 13:28:28.684" level="INFO">${cor} = Verde</msg>
<status status="PASS" starttime="20211211 13:28:28.684" endtime="20211211 13:28:28.684"/>
</kw>
<kw name="Text" library="FakerLibrary">
<var>${texto}</var>
<doc>Generate a text string.</doc>
<msg timestamp="20211211 13:28:28.684" level="INFO">${texto} = Aliquid molestiae natus numquam error doloremque corrupti. Quam beatae laborum consequuntur. Eveniet recusandae doloremque.</msg>
<status status="PASS" starttime="20211211 13:28:28.684" endtime="20211211 13:28:28.684"/>
</kw>
<kw name="Click Element" library="SeleniumLibrary">
<arg>xpath=//a[contains(text(),'Principal')]</arg>
<doc>Click the element identified by ``locator``.</doc>
<msg timestamp="20211211 13:28:28.684" level="INFO">Clicking element 'xpath=//a[contains(text(),'Principal')]'.</msg>
<status status="PASS" starttime="20211211 13:28:28.684" endtime="20211211 13:28:29.477"/>
</kw>
<kw name="Click Element" library="SeleniumLibrary">
<arg>xpath=//a[contains(@href, 'pre_cadastro.php')]</arg>
<doc>Click the element identified by ``locator``.</doc>
<msg timestamp="20211211 13:28:29.477" level="INFO">Clicking element 'xpath=//a[contains(@href, 'pre_cadastro.php')]'.</msg>
<status status="PASS" starttime="20211211 13:28:29.477" endtime="20211211 13:28:31.047"/>
</kw>
<kw name="Click Element" library="SeleniumLibrary">
<arg>xpath=//input[@name='bt_envia']</arg>
<doc>Click the element identified by ``locator``.</doc>
<msg timestamp="20211211 13:28:31.047" level="INFO">Clicking element 'xpath=//input[@name='bt_envia']'.</msg>
<status status="PASS" starttime="20211211 13:28:31.047" endtime="20211211 13:28:33.168"/>
</kw>
<kw name="Click Element" library="SeleniumLibrary">
<arg>xpath=//select[@id='id_proposta']</arg>
<doc>Click the element identified by ``locator``.</doc>
<msg timestamp="20211211 13:28:33.169" level="INFO">Clicking element 'xpath=//select[@id='id_proposta']'.</msg>
<status status="PASS" starttime="20211211 13:28:33.168" endtime="20211211 13:28:33.348"/>
</kw>
<kw name="Select From List By Label" library="SeleniumLibrary">
<arg>id=id_proposta</arg>
<arg>Mensalidade Locação</arg>
<doc>Selects options from selection list ``locator`` by ``labels``.</doc>
<msg timestamp="20211211 13:28:33.351" level="INFO">Selecting options from selection list 'id=id_proposta' by label Mensalidade Locação.</msg>
<status status="PASS" starttime="20211211 13:28:33.350" endtime="20211211 13:28:33.556"/>
</kw>
<kw name="Select From List By Label" library="SeleniumLibrary">
<arg>xpath=//select[@id='prptpcoid']</arg>
<arg>Cliente</arg>
<doc>Selects options from selection list ``locator`` by ``labels``.</doc>
<msg timestamp="20211211 13:28:33.556" level="INFO">Selecting options from selection list 'xpath=//select[@id='prptpcoid']' by label Cliente.</msg>
<status status="PASS" starttime="20211211 13:28:33.556" endtime="20211211 13:28:35.211"/>
</kw>
<kw name="Click Element" library="SeleniumLibrary">
<arg>xpath=//input[@id='prptipo_pessoa_fis']</arg>
<doc>Click the element identified by ``locator``.</doc>
<msg timestamp="20211211 13:28:35.212" level="INFO">Clicking element 'xpath=//input[@id='prptipo_pessoa_fis']'.</msg>
<status status="PASS" starttime="20211211 13:28:35.211" endtime="20211211 13:28:35.387"/>
</kw>
<kw name="Input Text" library="SeleniumLibrary">
<arg>css=#prpno_cpf_cgc_fis</arg>
<arg>${cpf}</arg>
<doc>Types the given ``text`` into the text field identified by ``locator``.</doc>
<msg timestamp="20211211 13:28:35.387" level="INFO">Typing text '247.309.516-70' into text field 'css=#prpno_cpf_cgc_fis'.</msg>
<status status="PASS" starttime="20211211 13:28:35.387" endtime="20211211 13:28:35.748"/>
</kw>
<kw name="Input Text" library="SeleniumLibrary">
<arg>css=#prplocatario_fis</arg>
<arg>${nome}</arg>
<doc>Types the given ``text`` into the text field identified by ``locator``.</doc>
<msg timestamp="20211211 13:28:35.748" level="INFO">Typing text 'Valentina Sales' into text field 'css=#prplocatario_fis'.</msg>
<status status="PASS" starttime="20211211 13:28:35.748" endtime="20211211 13:28:36.001"/>
</kw>
<kw name="Input Text" library="SeleniumLibrary">
<arg>css=#prpno_rg</arg>
<arg>${rg}</arg>
<doc>Types the given ``text`` into the text field identified by ``locator``.</doc>
<msg timestamp="20211211 13:28:36.002" level="INFO">Typing text '147036525' into text field 'css=#prpno_rg'.</msg>
<status status="PASS" starttime="20211211 13:28:36.002" endtime="20211211 13:28:36.250"/>
</kw>
<kw name="Select From List By Label" library="SeleniumLibrary">
<arg>id=prpemissor_rg</arg>
<arg>SSP - Secretaria de Segurança Pública</arg>
<doc>Selects options from selection list ``locator`` by ``labels``.</doc>
<msg timestamp="20211211 13:28:36.251" level="INFO">Selecting options from selection list 'id=prpemissor_rg' by label SSP - Secretaria de Segurança Pública.</msg>
<status status="PASS" starttime="20211211 13:28:36.250" endtime="20211211 13:28:36.384"/>
</kw>
<kw name="Input Text" library="SeleniumLibrary">
<arg>css=#prpdt_nascimento_fis</arg>
<arg>01/01/1990</arg>
<doc>Types the given ``text`` into the text field identified by ``locator``.</doc>
<msg timestamp="20211211 13:28:36.384" level="INFO">Typing text '01/01/1990' into text field 'css=#prpdt_nascimento_fis'.</msg>
<status status="PASS" starttime="20211211 13:28:36.384" endtime="20211211 13:28:36.642"/>
</kw>
<kw name="Input Text" library="SeleniumLibrary">
<arg>css=#prpmae</arg>
<arg>${nomeMae}</arg>
<doc>Types the given ``text`` into the text field identified by ``locator``.</doc>
<msg timestamp="20211211 13:28:36.643" level="INFO">Typing text 'Alexandre Freitas' into text field 'css=#prpmae'.</msg>
<status status="PASS" starttime="20211211 13:28:36.642" endtime="20211211 13:28:36.935"/>
</kw>
<kw name="Input Text" library="SeleniumLibrary">
<arg>css=#prpno_cep1</arg>
<arg>80320180</arg>
<doc>Types the given ``text`` into the text field identified by ``locator``.</doc>
<msg timestamp="20211211 13:28:36.936" level="INFO">Typing text '80320180' into text field 'css=#prpno_cep1'.</msg>
<status status="PASS" starttime="20211211 13:28:36.935" endtime="20211211 13:28:37.173"/>
</kw>
<kw name="Input Text" library="SeleniumLibrary">
<arg>css=#prpno_endereco1</arg>
<arg>1234</arg>
<doc>Types the given ``text`` into the text field identified by ``locator``.</doc>
<msg timestamp="20211211 13:28:37.173" level="INFO">Typing text '1234' into text field 'css=#prpno_endereco1'.</msg>
<status status="PASS" starttime="20211211 13:28:37.173" endtime="20211211 13:28:37.474"/>
</kw>
<kw name="Input Text" library="SeleniumLibrary">
<arg>css=#prpcompl1</arg>
<arg>bloco 1 ap 1</arg>
<doc>Types the given ``text`` into the text field identified by ``locator``.</doc>
<msg timestamp="20211211 13:28:37.475" level="INFO">Typing text 'bloco 1 ap 1' into text field 'css=#prpcompl1'.</msg>
<status status="PASS" starttime="20211211 13:28:37.474" endtime="20211211 13:28:37.745"/>
</kw>
<kw name="Input Text" library="SeleniumLibrary">
<arg>css=#prpfone1</arg>
<arg>${fone1}</arg>
<doc>Types the given ``text`` into the text field identified by ``locator``.</doc>
<msg timestamp="20211211 13:28:37.746" level="INFO">Typing text '+55 (051) 0968 3310' into text field 'css=#prpfone1'.</msg>
<status status="PASS" starttime="20211211 13:28:37.746" endtime="20211211 13:28:38.059"/>
</kw>
<kw name="Input Text" library="SeleniumLibrary">
<arg>css=#prpfone2</arg>
<arg>${fone2}</arg>
<doc>Types the given ``text`` into the text field identified by ``locator``.</doc>
<msg timestamp="20211211 13:28:38.059" level="INFO">Typing text '(061) 6130-3888' into text field 'css=#prpfone2'.</msg>
<status status="PASS" starttime="20211211 13:28:38.059" endtime="20211211 13:28:38.347"/>
</kw>
<kw name="Input Text" library="SeleniumLibrary">
<arg>css=#prpfone3</arg>
<arg>${fone3}</arg>
<doc>Types the given ``text`` into the text field identified by ``locator``.</doc>
<msg timestamp="20211211 13:28:38.347" level="INFO">Typing text '+55 (031) 5290 4519' into text field 'css=#prpfone3'.</msg>
<status status="PASS" starttime="20211211 13:28:38.347" endtime="20211211 13:28:38.642"/>
</kw>
<kw name="Input Text" library="SeleniumLibrary">
<arg>css=#prpemail</arg>
<arg>${email}</arg>
<doc>Types the given ``text`` into the text field identified by ``locator``.</doc>
<msg timestamp="20211211 13:28:38.644" level="INFO">Typing text 'costelaana-vitoria@ig.com.br' into text field 'css=#prpemail'.</msg>
<status status="PASS" starttime="20211211 13:28:38.643" endtime="20211211 13:28:38.996"/>
</kw>
<kw name="Input Text" library="SeleniumLibrary">
<arg>css=#prpemail_nfe</arg>
<arg>${emailFinanceiro}</arg>
<doc>Types the given ``text`` into the text field identified by ``locator``.</doc>
<msg timestamp="20211211 13:28:38.998" level="INFO">Typing text 'pietrada-cruz@hotmail.com' into text field 'css=#prpemail_nfe'.</msg>
<status status="PASS" starttime="20211211 13:28:38.997" endtime="20211211 13:28:39.318"/>
</kw>
<kw name="Click Element" library="SeleniumLibrary">
<arg>xpath=//input[@id='copiar_dados_cobranca']</arg>
<doc>Click the element identified by ``locator``.</doc>
<msg timestamp="20211211 13:28:39.319" level="INFO">Clicking element 'xpath=//input[@id='copiar_dados_cobranca']'.</msg>
<status status="PASS" starttime="20211211 13:28:39.318" endtime="20211211 13:28:39.478"/>
</kw>
<kw name="Click Element" library="SeleniumLibrary">
<arg>xpath=//input[@id='copiar_dados']</arg>
<doc>Click the element identified by ``locator``.</doc>
<msg timestamp="20211211 13:28:39.478" level="INFO">Clicking element 'xpath=//input[@id='copiar_dados']'.</msg>
<status status="PASS" starttime="20211211 13:28:39.478" endtime="20211211 13:28:39.630"/>
</kw>
<kw name="Input Text" library="SeleniumLibrary">
<arg>css=#prpchassi</arg>
<arg>${chassi}</arg>
<doc>Types the given ``text`` into the text field identified by ``locator``.</doc>
<msg timestamp="20211211 13:28:39.630" level="INFO">Typing text '7040488421723' into text field 'css=#prpchassi'.</msg>
<status status="PASS" starttime="20211211 13:28:39.630" endtime="20211211 13:28:39.885"/>
</kw>
<kw name="Input Text" library="SeleniumLibrary">
<arg>css=#prpplaca</arg>
<arg>${placa}</arg>
<doc>Types the given ``text`` into the text field identified by ``locator``.</doc>
<msg timestamp="20211211 13:28:39.886" level="INFO">Typing text '89645314' into text field 'css=#prpplaca'.</msg>
<status status="PASS" starttime="20211211 13:28:39.886" endtime="20211211 13:28:40.093"/>
</kw>
<kw name="Select From List By Label" library="SeleniumLibrary">
<arg>id=prpmcaoid</arg>
<arg>8.160 DRC</arg>
<doc>Selects options from selection list ``locator`` by ``labels``.</doc>
<msg timestamp="20211211 13:28:40.093" level="INFO">Selecting options from selection list 'id=prpmcaoid' by label 8.160 DRC.</msg>
<status status="PASS" starttime="20211211 13:28:40.093" endtime="20211211 13:28:40.295"/>
</kw>
<kw name="Sleep" library="BuiltIn">
<arg>2</arg>
<doc>Pauses the test executed for the given time.</doc>
<msg timestamp="20211211 13:28:42.313" level="INFO">Slept 2 seconds</msg>
<status status="PASS" starttime="20211211 13:28:40.295" endtime="20211211 13:28:42.314"/>
</kw>
<kw name="Select From List By Label" library="SeleniumLibrary">
<arg>id=prpmlooid</arg>
<arg>TESTE</arg>
<doc>Selects options from selection list ``locator`` by ``labels``.</doc>
<msg timestamp="20211211 13:28:42.314" level="INFO">Selecting options from selection list 'id=prpmlooid' by label TESTE.</msg>
<status status="PASS" starttime="20211211 13:28:42.314" endtime="20211211 13:28:42.584"/>
</kw>
<kw name="Input Text" library="SeleniumLibrary">
<arg>css=#prpno_ano</arg>
<arg>2017</arg>
<doc>Types the given ``text`` into the text field identified by ``locator``.</doc>
<msg timestamp="20211211 13:28:42.584" level="INFO">Typing text '2017' into text field 'css=#prpno_ano'.</msg>
<status status="PASS" starttime="20211211 13:28:42.584" endtime="20211211 13:28:42.719"/>
</kw>
<kw name="Input Text" library="SeleniumLibrary">
<arg>css=#prpcor</arg>
<arg>${cor}</arg>
<doc>Types the given ``text`` into the text field identified by ``locator``.</doc>
<msg timestamp="20211211 13:28:42.720" level="INFO">Typing text 'Verde' into text field 'css=#prpcor'.</msg>
<status status="PASS" starttime="20211211 13:28:42.719" endtime="20211211 13:28:42.970"/>
</kw>
<kw name="Input Text" library="SeleniumLibrary">
<arg>css=#prprenavam</arg>
<arg>${chassi}</arg>
<doc>Types the given ``text`` into the text field identified by ``locator``.</doc>
<msg timestamp="20211211 13:28:42.972" level="INFO">Typing text '7040488421723' into text field 'css=#prprenavam'.</msg>
<status status="PASS" starttime="20211211 13:28:42.970" endtime="20211211 13:28:43.245"/>
</kw>
<kw name="Click Element" library="SeleniumLibrary">
<arg>xpath=//input[@id='bt_add_veiculo']</arg>
<doc>Click the element identified by ``locator``.</doc>
<msg timestamp="20211211 13:28:43.245" level="INFO">Clicking element 'xpath=//input[@id='bt_add_veiculo']'.</msg>
<status status="PASS" starttime="20211211 13:28:43.245" endtime="20211211 13:28:43.332"/>
</kw>
<kw name="Sleep" library="BuiltIn">
<arg>2</arg>
<doc>Pauses the test executed for the given time.</doc>
<msg timestamp="20211211 13:28:45.333" level="INFO">Slept 2 seconds</msg>
<status status="PASS" starttime="20211211 13:28:43.332" endtime="20211211 13:28:45.335"/>
</kw>
<kw name="Select From List By Label" library="SeleniumLibrary">
<arg>id=execcontas</arg>
<arg>ALINE CAVALCANTE TEIXEIRA</arg>
<doc>Selects options from selection list ``locator`` by ``labels``.</doc>
<msg timestamp="20211211 13:28:45.336" level="INFO">Selecting options from selection list 'id=execcontas' by label ALINE CAVALCANTE TEIXEIRA.</msg>
<status status="PASS" starttime="20211211 13:28:45.335" endtime="20211211 13:29:06.168"/>
</kw>
<kw name="Sleep" library="BuiltIn">
<arg>4</arg>
<doc>Pauses the test executed for the given time.</doc>
<msg timestamp="20211211 13:29:10.172" level="INFO">Slept 4 seconds</msg>
<status status="PASS" starttime="20211211 13:29:06.169" endtime="20211211 13:29:10.173"/>
</kw>
<kw name="Select From List By Label" library="SeleniumLibrary">
<arg>css=#prpforcoid</arg>
<arg>Dinheiro</arg>
<doc>Selects options from selection list ``locator`` by ``labels``.</doc>
<msg timestamp="20211211 13:29:10.174" level="INFO">Selecting options from selection list 'css=#prpforcoid' by label Dinheiro.</msg>
<status status="PASS" starttime="20211211 13:29:10.173" endtime="20211211 13:29:10.533"/>
</kw>
<kw name="Sleep" library="BuiltIn">
<arg>4</arg>
<doc>Pauses the test executed for the given time.</doc>
<msg timestamp="20211211 13:29:14.538" level="INFO">Slept 4 seconds</msg>
<status status="PASS" starttime="20211211 13:29:10.533" endtime="20211211 13:29:14.538"/>
</kw>
<kw name="Select From List By Label" library="SeleniumLibrary">
<arg>id=prpdia_vcto_boleto</arg>
<arg>28</arg>
<doc>Selects options from selection list ``locator`` by ``labels``.</doc>
<msg timestamp="20211211 13:29:14.540" level="INFO">Selecting options from selection list 'id=prpdia_vcto_boleto' by label 28.</msg>
<status status="PASS" starttime="20211211 13:29:14.539" endtime="20211211 13:29:14.806"/>
</kw>
<kw name="Select From List By Label" library="SeleniumLibrary">
<arg>id=prpeqcoid</arg>
<arg>${tipoContrato}</arg>
<doc>Selects options from selection list ``locator`` by ``labels``.</doc>
<msg timestamp="20211211 13:29:14.808" level="INFO">Selecting options from selection list 'id=prpeqcoid' by label SASMDT.</msg>
<status status="PASS" starttime="20211211 13:29:14.806" endtime="20211211 13:29:15.004"/>
</kw>
<kw name="Select From List By Label" library="SeleniumLibrary">
<arg>id=prpcpvoid</arg>
<arg>999 x</arg>
<doc>Selects options from selection list ``locator`` by ``labels``.</doc>
<msg timestamp="20211211 13:29:15.004" level="INFO">Selecting options from selection list 'id=prpcpvoid' by label 999 x.</msg>
<status status="PASS" starttime="20211211 13:29:15.004" endtime="20211211 13:29:15.158"/>
</kw>
<kw name="Sleep" library="BuiltIn">
<arg>5</arg>
<doc>Pauses the test executed for the given time.</doc>
<msg timestamp="20211211 13:29:20.170" level="INFO">Slept 5 seconds</msg>
<status status="PASS" starttime="20211211 13:29:15.158" endtime="20211211 13:29:20.170"/>
</kw>
<kw name="Input Text" library="SeleniumLibrary">
<arg>css=#prpvl_servico</arg>
<arg>${valorService}</arg>
<doc>Types the given ``text`` into the text field identified by ``locator``.</doc>
<msg timestamp="20211211 13:29:20.172" level="INFO">Typing text '10500' into text field 'css=#prpvl_servico'.</msg>
<status status="PASS" starttime="20211211 13:29:20.171" endtime="20211211 13:29:20.547"/>
</kw>
<kw name="Input Text" library="SeleniumLibrary">
<arg>id=prpvl_monitoramento</arg>
<arg>${valorMonitoramento}</arg>
<doc>Types the given ``text`` into the text field identified by ``locator``.</doc>
<msg timestamp="20211211 13:29:20.547" level="INFO">Typing text '10500' into text field 'id=prpvl_monitoramento'.</msg>
<status status="PASS" starttime="20211211 13:29:20.547" endtime="20211211 13:29:20.788"/>
</kw>
<kw name="Input Text" library="SeleniumLibrary">
<arg>id=valorTaxaInstalacao</arg>
<arg>${valorTaxa}</arg>
<doc>Types the given ``text`` into the text field identified by ``locator``.</doc>
<msg timestamp="20211211 13:29:20.789" level="INFO">Typing text '10000' into text field 'id=valorTaxaInstalacao'.</msg>
<status status="PASS" starttime="20211211 13:29:20.789" endtime="20211211 13:29:20.987"/>
</kw>
<kw name="Select From List By Label" library="SeleniumLibrary">
<arg>id=prpprazo_contrato</arg>
<arg>15</arg>
<doc>Selects options from selection list ``locator`` by ``labels``.</doc>
<msg timestamp="20211211 13:29:20.987" level="INFO">Selecting options from selection list 'id=prpprazo_contrato' by label 15.</msg>
<status status="PASS" starttime="20211211 13:29:20.987" endtime="20211211 13:29:21.222"/>
</kw>
<kw name="Input Text" library="SeleniumLibrary">
<arg>css=#prcnome_aut</arg>
<arg>${nome}</arg>
<doc>Types the given ``text`` into the text field identified by ``locator``.</doc>
<msg timestamp="20211211 13:29:21.222" level="INFO">Typing text 'Valentina Sales' into text field 'css=#prcnome_aut'.</msg>
<status status="PASS" starttime="20211211 13:29:21.222" endtime="20211211 13:29:21.490"/>
</kw>
<kw name="Input Text" library="SeleniumLibrary">
<arg>css=#prccpf_aut</arg>
<arg>${cpf}</arg>
<doc>Types the given ``text`` into the text field identified by ``locator``.</doc>
<msg timestamp="20211211 13:29:21.491" level="INFO">Typing text '247.309.516-70' into text field 'css=#prccpf_aut'.</msg>
<status status="PASS" starttime="20211211 13:29:21.491" endtime="20211211 13:29:21.736"/>
</kw>
<kw name="Input Text" library="SeleniumLibrary">
<arg>css=#prcrg_aut</arg>
<arg>${rg}</arg>
<doc>Types the given ``text`` into the text field identified by ``locator``.</doc>
<msg timestamp="20211211 13:29:21.737" level="INFO">Typing text '147036525' into text field 'css=#prcrg_aut'.</msg>
<status status="PASS" starttime="20211211 13:29:21.736" endtime="20211211 13:29:21.957"/>
</kw>
<kw name="Input Text" library="SeleniumLibrary">
<arg>css=#prcfone_res_aut</arg>
<arg>${fone1}</arg>
<doc>Types the given ``text`` into the text field identified by ``locator``.</doc>
<msg timestamp="20211211 13:29:21.958" level="INFO">Typing text '+55 (051) 0968 3310' into text field 'css=#prcfone_res_aut'.</msg>
<status status="PASS" starttime="20211211 13:29:21.958" endtime="20211211 13:29:22.205"/>
</kw>
<kw name="Click Element" library="SeleniumLibrary">
<arg>css=#bt_add_aut</arg>
<doc>Click the element identified by ``locator``.</doc>
<msg timestamp="20211211 13:29:22.206" level="INFO">Clicking element 'css=#bt_add_aut'.</msg>
<status status="PASS" starttime="20211211 13:29:22.205" endtime="20211211 13:29:22.302"/>
</kw>
<kw name="Sleep" library="BuiltIn">
<arg>2</arg>
<doc>Pauses the test executed for the given time.</doc>
<msg timestamp="20211211 13:29:24.307" level="INFO">Slept 2 seconds</msg>
<status status="PASS" starttime="20211211 13:29:22.302" endtime="20211211 13:29:24.307"/>
</kw>
<kw name="Click Element" library="SeleniumLibrary">
<arg>css=#replicar_aut</arg>
<doc>Click the element identified by ``locator``.</doc>
<msg timestamp="20211211 13:29:24.309" level="INFO">Clicking element 'css=#replicar_aut'.</msg>
<status status="PASS" starttime="20211211 13:29:24.308" endtime="20211211 13:29:24.596"/>
</kw>
<kw name="Select From List By Label" library="SeleniumLibrary">
<arg>id=replicar_aut</arg>
<arg>Todos</arg>
<doc>Selects options from selection list ``locator`` by ``labels``.</doc>
<msg timestamp="20211211 13:29:24.598" level="INFO">Selecting options from selection list 'id=replicar_aut' by label Todos.</msg>
<status status="PASS" starttime="20211211 13:29:24.597" endtime="20211211 13:29:24.852"/>
</kw>
<kw name="Sleep" library="BuiltIn">
<arg>5</arg>
<doc>Pauses the test executed for the given time.</doc>
<msg timestamp="20211211 13:29:29.857" level="INFO">Slept 5 seconds</msg>
<status status="PASS" starttime="20211211 13:29:24.852" endtime="20211211 13:29:29.857"/>
</kw>
<kw name="Click Element" library="SeleniumLibrary">
<arg>css=#bt_confirmar</arg>
<doc>Click the element identified by ``locator``.</doc>
<msg timestamp="20211211 13:29:29.858" level="INFO">Clicking element 'css=#bt_confirmar'.</msg>
<status status="PASS" starttime="20211211 13:29:29.858" endtime="20211211 13:30:46.698"/>
</kw>
<kw name="Get WebElement" library="SeleniumLibrary">
<var>${contrato}</var>
<arg>css:.tdc &gt; td:nth-child(7)</arg>
<doc>Returns the first WebElement matching the given ``locator``.</doc>
<msg timestamp="20211211 13:30:46.716" level="INFO">${contrato} = &lt;selenium.webdriver.remote.webelement.WebElement (session="25c3971976b7ac6b63ca639085241453", element="07033150-5919-4798-a81c-ba97762ec933")&gt;</msg>
<status status="PASS" starttime="20211211 13:30:46.698" endtime="20211211 13:30:46.717"/>
</kw>
<kw name="Click Element" library="SeleniumLibrary">
<arg>css=.tdc &gt; td:nth-child(7)</arg>
<doc>Click the element identified by ``locator``.</doc>
<msg timestamp="20211211 13:30:46.717" level="INFO">Clicking element 'css=.tdc &gt; td:nth-child(7)'.</msg>
<status status="PASS" starttime="20211211 13:30:46.717" endtime="20211211 13:30:46.844"/>
</kw>
<kw name="Evidencia" library="base">
<arg>contrato.${contrato.text}</arg>
<kw name="Evaluate" library="BuiltIn">
<var>${now}</var>
<arg>'{dt.day}.{dt.month}.{dt.year}.{dt.hour}.{dt.minute}.{dt.second}'.format(dt=datetime.datetime.now())</arg>
<arg>modules=datetime</arg>
<doc>Evaluates the given expression in Python and returns the result.</doc>
<msg timestamp="20211211 13:30:46.892" level="INFO">${now} = 11.12.2021.13.30.46</msg>
<status status="PASS" starttime="20211211 13:30:46.892" endtime="20211211 13:30:46.892"/>
</kw>
<kw name="Capture Page Screenshot" library="SeleniumLibrary">
<arg>${nome}-${now}.png</arg>
<doc>Takes a screenshot of the current page and embeds it into a log file.</doc>
<msg timestamp="20211211 13:30:47.162" level="INFO" html="true">&lt;/td&gt;&lt;/tr&gt;&lt;tr&gt;&lt;td colspan="3"&gt;&lt;a href="contrato.1051162274%20-11.12.2021.13.30.46.png"&gt;&lt;img src="contrato.1051162274%20-11.12.2021.13.30.46.png" width="800px"&gt;&lt;/a&gt;</msg>
<status status="PASS" starttime="20211211 13:30:46.892" endtime="20211211 13:30:47.162"/>
</kw>
<status status="PASS" starttime="20211211 13:30:46.844" endtime="20211211 13:30:47.162"/>
</kw>
<msg timestamp="20211211 13:30:47.186" level="INFO">${termo} = 1051162274 </msg>
<status status="PASS" starttime="20211211 13:28:28.647" endtime="20211211 13:30:47.187"/>
</kw>
<kw name="Geração de contrato" library="base">
<arg>${termo}</arg>
<kw name="Encerra Sessão" library="base">
<kw name="Evidencia" library="base">
<arg>fimProcessamento</arg>
<kw name="Evaluate" library="BuiltIn">
<var>${now}</var>
<arg>'{dt.day}.{dt.month}.{dt.year}.{dt.hour}.{dt.minute}.{dt.second}'.format(dt=datetime.datetime.now())</arg>
<arg>modules=datetime</arg>
<doc>Evaluates the given expression in Python and returns the result.</doc>
<msg timestamp="20211211 13:30:47.190" level="INFO">${now} = 11.12.2021.13.30.47</msg>
<status status="PASS" starttime="20211211 13:30:47.190" endtime="20211211 13:30:47.190"/>
</kw>
<kw name="Capture Page Screenshot" library="SeleniumLibrary">
<arg>${nome}-${now}.png</arg>
<doc>Takes a screenshot of the current page and embeds it into a log file.</doc>
<msg timestamp="20211211 13:30:47.380" level="INFO" html="true">&lt;/td&gt;&lt;/tr&gt;&lt;tr&gt;&lt;td colspan="3"&gt;&lt;a href="fimProcessamento-11.12.2021.13.30.47.png"&gt;&lt;img src="fimProcessamento-11.12.2021.13.30.47.png" width="800px"&gt;&lt;/a&gt;</msg>
<status status="PASS" starttime="20211211 13:30:47.190" endtime="20211211 13:30:47.381"/>
</kw>
<status status="PASS" starttime="20211211 13:30:47.189" endtime="20211211 13:30:47.381"/>
</kw>
<kw name="Close Browser" library="SeleniumLibrary">
<doc>Closes the current browser.</doc>
<status status="PASS" starttime="20211211 13:30:47.381" endtime="20211211 13:30:49.626"/>
</kw>
<status status="PASS" starttime="20211211 13:30:47.188" endtime="20211211 13:30:49.627"/>
</kw>
<kw name="Nova Sessão" library="base">
<kw name="Open Browser" library="SeleniumLibrary">
<arg>${url}</arg>
<arg>chrome</arg>
<doc>Opens a new browser instance to the optional ``url``.</doc>
<msg timestamp="20211211 13:30:49.632" level="INFO">Opening browser 'chrome' to base url 'https://hom1-intranet.sascar.com.br/sistemaWeb/index.php'.</msg>
<status status="PASS" starttime="20211211 13:30:49.631" endtime="20211211 13:30:54.264"/>
</kw>
<kw name="Maximize Browser Window" library="SeleniumLibrary">
<doc>Maximizes current browser window.</doc>
<status status="PASS" starttime="20211211 13:30:54.264" endtime="20211211 13:30:54.422"/>
</kw>
<kw name="Login With" library="base">
<kw name="Input Text" library="SeleniumLibrary">
<arg>css:input[name=login]</arg>
<arg>admin.desenv</arg>
<doc>Types the given ``text`` into the text field identified by ``locator``.</doc>
<msg timestamp="20211211 13:30:54.422" level="INFO">Typing text 'admin.desenv' into text field 'css:input[name=login]'.</msg>
<status status="PASS" starttime="20211211 13:30:54.422" endtime="20211211 13:30:54.789"/>
</kw>
<kw name="Input Text" library="SeleniumLibrary">
<arg>css:input[name=senha]</arg>
<arg>12345</arg>
<doc>Types the given ``text`` into the text field identified by ``locator``.</doc>
<msg timestamp="20211211 13:30:54.792" level="INFO">Typing text '12345' into text field 'css:input[name=senha]'.</msg>
<status status="PASS" starttime="20211211 13:30:54.791" endtime="20211211 13:30:54.989"/>
</kw>
<kw name="Click Element" library="SeleniumLibrary">
<arg>css:input[type=image]</arg>
<doc>Click the element identified by ``locator``.</doc>
<msg timestamp="20211211 13:30:54.990" level="INFO">Clicking element 'css:input[type=image]'.</msg>
<status status="PASS" starttime="20211211 13:30:54.989" endtime="20211211 13:30:56.435"/>
</kw>
<kw name="Evidencia" library="base">
<arg>login</arg>
<kw name="Evaluate" library="BuiltIn">
<var>${now}</var>
<arg>'{dt.day}.{dt.month}.{dt.year}.{dt.hour}.{dt.minute}.{dt.second}'.format(dt=datetime.datetime.now())</arg>
<arg>modules=datetime</arg>
<doc>Evaluates the given expression in Python and returns the result.</doc>
<msg timestamp="20211211 13:30:56.436" level="INFO">${now} = 11.12.2021.13.30.56</msg>
<status status="PASS" starttime="20211211 13:30:56.436" endtime="20211211 13:30:56.436"/>
</kw>
<kw name="Capture Page Screenshot" library="SeleniumLibrary">
<arg>${nome}-${now}.png</arg>
<doc>Takes a screenshot of the current page and embeds it into a log file.</doc>
<msg timestamp="20211211 13:30:56.791" level="INFO" html="true">&lt;/td&gt;&lt;/tr&gt;&lt;tr&gt;&lt;td colspan="3"&gt;&lt;a href="login-11.12.2021.13.30.56.png"&gt;&lt;img src="login-11.12.2021.13.30.56.png" width="800px"&gt;&lt;/a&gt;</msg>
<status status="PASS" starttime="20211211 13:30:56.436" endtime="20211211 13:30:56.791"/>
</kw>
<status status="PASS" starttime="20211211 13:30:56.435" endtime="20211211 13:30:56.791"/>
</kw>
<status status="PASS" starttime="20211211 13:30:54.422" endtime="20211211 13:30:56.791"/>
</kw>
<status status="PASS" starttime="20211211 13:30:49.628" endtime="20211211 13:30:56.791"/>
</kw>
<kw name="Click Element" library="SeleniumLibrary">
<arg>xpath=//a[contains(text(),'Principal')]</arg>
<doc>Click the element identified by ``locator``.</doc>
<msg timestamp="20211211 13:30:56.791" level="INFO">Clicking element 'xpath=//a[contains(text(),'Principal')]'.</msg>
<status status="PASS" starttime="20211211 13:30:56.791" endtime="20211211 13:30:57.601"/>
</kw>
<kw name="Click Element" library="SeleniumLibrary">
<arg>xpath=//a[contains(@href, 'pre_cadastro.php')]</arg>
<doc>Click the element identified by ``locator``.</doc>
<msg timestamp="20211211 13:30:57.602" level="INFO">Clicking element 'xpath=//a[contains(@href, 'pre_cadastro.php')]'.</msg>
<status status="PASS" starttime="20211211 13:30:57.601" endtime="20211211 13:30:59.020"/>
</kw>
<kw name="Input Text" library="SeleniumLibrary">
<arg>css=#prptermo_pesquisa</arg>
<arg>${termo}</arg>
<doc>Types the given ``text`` into the text field identified by ``locator``.</doc>
<msg timestamp="20211211 13:30:59.022" level="INFO">Typing text '1051162274 ' into text field 'css=#prptermo_pesquisa'.</msg>
<status status="PASS" starttime="20211211 13:30:59.021" endtime="20211211 13:30:59.259"/>
</kw>
<kw name="Click Element" library="SeleniumLibrary">
<arg>xpath=//input[@name='pesquisar']</arg>
<doc>Click the element identified by ``locator``.</doc>
<msg timestamp="20211211 13:30:59.260" level="INFO">Clicking element 'xpath=//input[@name='pesquisar']'.</msg>
<status status="PASS" starttime="20211211 13:30:59.260" endtime="20211211 13:31:00.291"/>
</kw>
<kw name="Click Element" library="SeleniumLibrary">
<arg>css=.it_link</arg>
<doc>Click the element identified by ``locator``.</doc>
<msg timestamp="20211211 13:31:00.292" level="INFO">Clicking element 'css=.it_link'.</msg>
<status status="PASS" starttime="20211211 13:31:00.291" endtime="20211211 13:31:00.403"/>
</kw>
<kw name="Switch Window" library="SeleniumLibrary">
<arg>NEW</arg>
<doc>Switches to browser window matching ``locator``.</doc>
<status status="PASS" starttime="20211211 13:31:00.404" endtime="20211211 13:31:00.422"/>
</kw>
<kw name="Get Location" library="SeleniumLibrary">
<doc>Returns the current browser window URL.</doc>
<status status="PASS" starttime="20211211 13:31:00.422" endtime="20211211 13:31:09.698"/>
</kw>
<kw name="Click Element" library="SeleniumLibrary">
<arg>id=bt_gerar</arg>
<doc>Click the element identified by ``locator``.</doc>
<msg timestamp="20211211 13:31:09.699" level="INFO">Clicking element 'id=bt_gerar'.</msg>
<status status="PASS" starttime="20211211 13:31:09.699" endtime="20211211 13:31:28.739"/>
</kw>
<kw name="Sleep" library="BuiltIn">
<arg>5</arg>
<doc>Pauses the test executed for the given time.</doc>
<msg timestamp="20211211 13:31:33.750" level="INFO">Slept 5 seconds</msg>
<status status="PASS" starttime="20211211 13:31:28.739" endtime="20211211 13:31:33.750"/>
</kw>
<kw name="Evidencia" library="base">
<arg>contratoGerado</arg>
<kw name="Evaluate" library="BuiltIn">
<var>${now}</var>
<arg>'{dt.day}.{dt.month}.{dt.year}.{dt.hour}.{dt.minute}.{dt.second}'.format(dt=datetime.datetime.now())</arg>
<arg>modules=datetime</arg>
<doc>Evaluates the given expression in Python and returns the result.</doc>
<msg timestamp="20211211 13:31:33.751" level="INFO">${now} = 11.12.2021.13.31.33</msg>
<status status="PASS" starttime="20211211 13:31:33.751" endtime="20211211 13:31:33.751"/>
</kw>
<kw name="Capture Page Screenshot" library="SeleniumLibrary">
<arg>${nome}-${now}.png</arg>
<doc>Takes a screenshot of the current page and embeds it into a log file.</doc>
<msg timestamp="20211211 13:31:34.214" level="INFO" html="true">&lt;/td&gt;&lt;/tr&gt;&lt;tr&gt;&lt;td colspan="3"&gt;&lt;a href="contratoGerado-11.12.2021.13.31.33.png"&gt;&lt;img src="contratoGerado-11.12.2021.13.31.33.png" width="800px"&gt;&lt;/a&gt;</msg>
<status status="PASS" starttime="20211211 13:31:33.751" endtime="20211211 13:31:34.214"/>
</kw>
<status status="PASS" starttime="20211211 13:31:33.751" endtime="20211211 13:31:34.214"/>
</kw>
<kw name="Encerra Sessão" library="base">
<kw name="Evidencia" library="base">
<arg>fimProcessamento</arg>
<kw name="Evaluate" library="BuiltIn">
<var>${now}</var>
<arg>'{dt.day}.{dt.month}.{dt.year}.{dt.hour}.{dt.minute}.{dt.second}'.format(dt=datetime.datetime.now())</arg>
<arg>modules=datetime</arg>
<doc>Evaluates the given expression in Python and returns the result.</doc>
<msg timestamp="20211211 13:31:34.214" level="INFO">${now} = 11.12.2021.13.31.34</msg>
<status status="PASS" starttime="20211211 13:31:34.214" endtime="20211211 13:31:34.214"/>
</kw>
<kw name="Capture Page Screenshot" library="SeleniumLibrary">
<arg>${nome}-${now}.png</arg>
<doc>Takes a screenshot of the current page and embeds it into a log file.</doc>
<msg timestamp="20211211 13:31:34.460" level="INFO" html="true">&lt;/td&gt;&lt;/tr&gt;&lt;tr&gt;&lt;td colspan="3"&gt;&lt;a href="fimProcessamento-11.12.2021.13.31.34.png"&gt;&lt;img src="fimProcessamento-11.12.2021.13.31.34.png" width="800px"&gt;&lt;/a&gt;</msg>
<status status="PASS" starttime="20211211 13:31:34.214" endtime="20211211 13:31:34.461"/>
</kw>
<status status="PASS" starttime="20211211 13:31:34.214" endtime="20211211 13:31:34.461"/>
</kw>
<kw name="Close Browser" library="SeleniumLibrary">
<doc>Closes the current browser.</doc>
<status status="PASS" starttime="20211211 13:31:34.461" endtime="20211211 13:31:36.706"/>
</kw>
<status status="PASS" starttime="20211211 13:31:34.214" endtime="20211211 13:31:36.708"/>
</kw>
<status status="PASS" starttime="20211211 13:30:47.187" endtime="20211211 13:31:36.709"/>
</kw>
<kw name="Continue For Loop" library="BuiltIn">
<doc>Skips the current for loop iteration and continues from the next.</doc>
<msg timestamp="20211211 13:31:36.710" level="INFO">Continuing for loop from the next iteration.</msg>
<status status="PASS" starttime="20211211 13:31:36.710" endtime="20211211 13:31:36.711"/>
</kw>
<status status="PASS" starttime="20211211 13:28:19.532" endtime="20211211 13:31:36.711"/>
</iter>
<iter>
<var name="${var}">1</var>
<kw name="Nova Sessão" library="base">
<kw name="Open Browser" library="SeleniumLibrary">
<arg>${url}</arg>
<arg>chrome</arg>
<doc>Opens a new browser instance to the optional ``url``.</doc>
<msg timestamp="20211211 13:31:36.716" level="INFO">Opening browser 'chrome' to base url 'https://hom1-intranet.sascar.com.br/sistemaWeb/index.php'.</msg>
<status status="PASS" starttime="20211211 13:31:36.714" endtime="20211211 13:31:41.578"/>
</kw>
<kw name="Maximize Browser Window" library="SeleniumLibrary">
<doc>Maximizes current browser window.</doc>
<status status="PASS" starttime="20211211 13:31:41.578" endtime="20211211 13:31:41.735"/>
</kw>
<kw name="Login With" library="base">
<kw name="Input Text" library="SeleniumLibrary">
<arg>css:input[name=login]</arg>
<arg>admin.desenv</arg>
<doc>Types the given ``text`` into the text field identified by ``locator``.</doc>
<msg timestamp="20211211 13:31:41.735" level="INFO">Typing text 'admin.desenv' into text field 'css:input[name=login]'.</msg>
<status status="PASS" starttime="20211211 13:31:41.735" endtime="20211211 13:31:42.110"/>
</kw>
<kw name="Input Text" library="SeleniumLibrary">
<arg>css:input[name=senha]</arg>
<arg>12345</arg>
<doc>Types the given ``text`` into the text field identified by ``locator``.</doc>
<msg timestamp="20211211 13:31:42.111" level="INFO">Typing text '12345' into text field 'css:input[name=senha]'.</msg>
<status status="PASS" starttime="20211211 13:31:42.110" endtime="20211211 13:31:42.282"/>
</kw>
<kw name="Click Element" library="SeleniumLibrary">
<arg>css:input[type=image]</arg>
<doc>Click the element identified by ``locator``.</doc>
<msg timestamp="20211211 13:31:42.283" level="INFO">Clicking element 'css:input[type=image]'.</msg>
<status status="PASS" starttime="20211211 13:31:42.282" endtime="20211211 13:31:43.998"/>
</kw>
<kw name="Evidencia" library="base">
<arg>login</arg>
<kw name="Evaluate" library="BuiltIn">
<var>${now}</var>
<arg>'{dt.day}.{dt.month}.{dt.year}.{dt.hour}.{dt.minute}.{dt.second}'.format(dt=datetime.datetime.now())</arg>
<arg>modules=datetime</arg>
<doc>Evaluates the given expression in Python and returns the result.</doc>
<msg timestamp="20211211 13:31:43.999" level="INFO">${now} = 11.12.2021.13.31.43</msg>
<status status="PASS" starttime="20211211 13:31:43.999" endtime="20211211 13:31:44.000"/>
</kw>
<kw name="Capture Page Screenshot" library="SeleniumLibrary">
<arg>${nome}-${now}.png</arg>
<doc>Takes a screenshot of the current page and embeds it into a log file.</doc>
<msg timestamp="20211211 13:31:44.444" level="INFO" html="true">&lt;/td&gt;&lt;/tr&gt;&lt;tr&gt;&lt;td colspan="3"&gt;&lt;a href="login-11.12.2021.13.31.43.png"&gt;&lt;img src="login-11.12.2021.13.31.43.png" width="800px"&gt;&lt;/a&gt;</msg>
<status status="PASS" starttime="20211211 13:31:44.000" endtime="20211211 13:31:44.444"/>
</kw>
<status status="PASS" starttime="20211211 13:31:43.998" endtime="20211211 13:31:44.444"/>
</kw>
<status status="PASS" starttime="20211211 13:31:41.735" endtime="20211211 13:31:44.444"/>
</kw>
<status status="PASS" starttime="20211211 13:31:36.712" endtime="20211211 13:31:44.444"/>
</kw>
<kw name="Classe Contrato" library="base">
<var>${classe}</var>
<kw name="Set Variable" library="BuiltIn">
<var>${classe2}</var>
<arg>2</arg>
<doc>Returns the given values which can then be assigned to a variables.</doc>
<msg timestamp="20211211 13:31:44.444" level="INFO">${classe2} = 2</msg>
<status status="PASS" starttime="20211211 13:31:44.444" endtime="20211211 13:31:44.444"/>
</kw>
<kw name="Set Variable" library="BuiltIn">
<var>${classe4}</var>
<arg>4</arg>
<doc>Returns the given values which can then be assigned to a variables.</doc>
<msg timestamp="20211211 13:31:44.444" level="INFO">${classe4} = 4</msg>
<status status="PASS" starttime="20211211 13:31:44.444" endtime="20211211 13:31:44.444"/>
</kw>
<kw name="Set Variable" library="BuiltIn">
<var>${classe5}</var>
<arg>5</arg>
<doc>Returns the given values which can then be assigned to a variables.</doc>
<msg timestamp="20211211 13:31:44.444" level="INFO">${classe5} = 5</msg>
<status status="PASS" starttime="20211211 13:31:44.444" endtime="20211211 13:31:44.444"/>
</kw>
<kw name="Set Variable" library="BuiltIn">
<var>${classe6}</var>
<arg>6</arg>
<doc>Returns the given values which can then be assigned to a variables.</doc>
<msg timestamp="20211211 13:31:44.444" level="INFO">${classe6} = 6</msg>
<status status="PASS" starttime="20211211 13:31:44.444" endtime="20211211 13:31:44.444"/>
</kw>
<kw name="Set Variable" library="BuiltIn">
<var>${classe7}</var>
<arg>7</arg>
<doc>Returns the given values which can then be assigned to a variables.</doc>
<msg timestamp="20211211 13:31:44.444" level="INFO">${classe7} = 7</msg>
<status status="PASS" starttime="20211211 13:31:44.444" endtime="20211211 13:31:44.444"/>
</kw>
<kw name="Set Variable" library="BuiltIn">
<var>${classe8}</var>
<arg>8</arg>
<doc>Returns the given values which can then be assigned to a variables.</doc>
<msg timestamp="20211211 13:31:44.444" level="INFO">${classe8} = 8</msg>
<status status="PASS" starttime="20211211 13:31:44.444" endtime="20211211 13:31:44.444"/>
</kw>
<kw name="Set Variable" library="BuiltIn">
<var>${classe9}</var>
<arg>9</arg>
<doc>Returns the given values which can then be assigned to a variables.</doc>
<msg timestamp="20211211 13:31:44.444" level="INFO">${classe9} = 9</msg>
<status status="PASS" starttime="20211211 13:31:44.444" endtime="20211211 13:31:44.444"/>
</kw>
<kw name="Set Variable" library="BuiltIn">
<var>${classe10}</var>
<arg>10</arg>
<doc>Returns the given values which can then be assigned to a variables.</doc>
<msg timestamp="20211211 13:31:44.444" level="INFO">${classe10} = 10</msg>
<status status="PASS" starttime="20211211 13:31:44.444" endtime="20211211 13:31:44.444"/>
</kw>
<kw name="Set Variable" library="BuiltIn">
<var>${classe11}</var>
<arg>11</arg>
<doc>Returns the given values which can then be assigned to a variables.</doc>
<msg timestamp="20211211 13:31:44.444" level="INFO">${classe11} = 11</msg>
<status status="PASS" starttime="20211211 13:31:44.444" endtime="20211211 13:31:44.444"/>
</kw>
<kw name="Evaluate" library="BuiltIn">
<var>${random}</var>
<arg>random.randint(4, 11)</arg>
<doc>Evaluates the given expression in Python and returns the result.</doc>
<msg timestamp="20211211 13:31:44.444" level="INFO">${random} = 8</msg>
<status status="PASS" starttime="20211211 13:31:44.444" endtime="20211211 13:31:44.444"/>
</kw>
<if>
<branch type="IF" condition="'${random}' == '${classe2}'">
<kw name="Set Variable" library="BuiltIn">
<var>${classe.nome}</var>
<arg>CCO - MONITORAMENTO LOGÍSTICO</arg>
<doc>Returns the given values which can then be assigned to a variables.</doc>
<status status="NOT RUN" starttime="20211211 13:31:44.444" endtime="20211211 13:31:44.444"/>
</kw>
<kw name="Set Variable" library="BuiltIn">
<var>${classe.valorMonit}</var>
<arg>5000</arg>
<doc>Returns the given values which can then be assigned to a variables.</doc>
<status status="NOT RUN" starttime="20211211 13:31:44.444" endtime="20211211 13:31:44.444"/>
</kw>
<kw name="Set Variable" library="BuiltIn">
<var>${classe.valorServ}</var>
<arg>5000</arg>
<doc>Returns the given values which can then be assigned to a variables.</doc>
<status status="NOT RUN" starttime="20211211 13:31:44.444" endtime="20211211 13:31:44.444"/>
</kw>
<kw name="Set Variable" library="BuiltIn">
<var>${classe.valorTax}</var>
<arg>2500</arg>
<doc>Returns the given values which can then be assigned to a variables.</doc>
<status status="NOT RUN" starttime="20211211 13:31:44.444" endtime="20211211 13:31:44.444"/>
</kw>
<status status="NOT RUN" starttime="20211211 13:31:44.444" endtime="20211211 13:31:44.444"/>
</branch>
<status status="PASS" starttime="20211211 13:31:44.444" endtime="20211211 13:31:44.444"/>
</if>
<if>
<branch type="IF" condition="'${random}' == '${classe4}'">
<kw name="Set Variable" library="BuiltIn">
<var>${classe.nome}</var>
<arg>GPS/GSM</arg>
<doc>Returns the given values which can then be assigned to a variables.</doc>
<status status="NOT RUN" starttime="20211211 13:31:44.444" endtime="20211211 13:31:44.444"/>
</kw>
<kw name="Set Variable" library="BuiltIn">
<var>${classe.valorMonit}</var>
<arg>7000</arg>
<doc>Returns the given values which can then be assigned to a variables.</doc>
<status status="NOT RUN" starttime="20211211 13:31:44.444" endtime="20211211 13:31:44.444"/>
</kw>
<kw name="Set Variable" library="BuiltIn">
<var>${classe.valorServ}</var>
<arg>7000</arg>
<doc>Returns the given values which can then be assigned to a variables.</doc>
<status status="NOT RUN" starttime="20211211 13:31:44.444" endtime="20211211 13:31:44.444"/>
</kw>
<kw name="Set Variable" library="BuiltIn">
<var>${classe.valorTax}</var>
<arg>8500</arg>
<doc>Returns the given values which can then be assigned to a variables.</doc>
<status status="NOT RUN" starttime="20211211 13:31:44.444" endtime="20211211 13:31:44.444"/>
</kw>
<status status="NOT RUN" starttime="20211211 13:31:44.444" endtime="20211211 13:31:44.444"/>
</branch>
<status status="PASS" starttime="20211211 13:31:44.444" endtime="20211211 13:31:44.444"/>
</if>
<if>
<branch type="IF" condition="'${random}' == '${classe5}'">
<kw name="Set Variable" library="BuiltIn">
<var>${classe.nome}</var>
<arg>GSM/GPS PLUS</arg>
<doc>Returns the given values which can then be assigned to a variables.</doc>
<status status="NOT RUN" starttime="20211211 13:31:44.444" endtime="20211211 13:31:44.444"/>
</kw>
<kw name="Set Variable" library="BuiltIn">
<var>${classe.valorMonit}</var>
<arg>6000</arg>
<doc>Returns the given values which can then be assigned to a variables.</doc>
<status status="NOT RUN" starttime="20211211 13:31:44.444" endtime="20211211 13:31:44.444"/>
</kw>
<kw name="Set Variable" library="BuiltIn">
<var>${classe.valorServ}</var>
<arg>6000</arg>
<doc>Returns the given values which can then be assigned to a variables.</doc>
<status status="NOT RUN" starttime="20211211 13:31:44.444" endtime="20211211 13:31:44.444"/>
</kw>
<kw name="Set Variable" library="BuiltIn">
<var>${classe.valorTax}</var>
<arg>9000</arg>
<doc>Returns the given values which can then be assigned to a variables.</doc>
<status status="NOT RUN" starttime="20211211 13:31:44.444" endtime="20211211 13:31:44.444"/>
</kw>
<status status="NOT RUN" starttime="20211211 13:31:44.444" endtime="20211211 13:31:44.444"/>
</branch>
<status status="PASS" starttime="20211211 13:31:44.444" endtime="20211211 13:31:44.444"/>
</if>
<if>
<branch type="IF" condition="'${random}' == '${classe6}'">
<kw name="Set Variable" library="BuiltIn">
<var>${classe.nome}</var>
<arg>RF NACIONAL</arg>
<doc>Returns the given values which can then be assigned to a variables.</doc>
<status status="NOT RUN" starttime="20211211 13:31:44.444" endtime="20211211 13:31:44.444"/>
</kw>
<kw name="Set Variable" library="BuiltIn">
<var>${classe.valorMonit}</var>
<arg>5500</arg>
<doc>Returns the given values which can then be assigned to a variables.</doc>
<status status="NOT RUN" starttime="20211211 13:31:44.444" endtime="20211211 13:31:44.444"/>
</kw>
<kw name="Set Variable" library="BuiltIn">
<var>${classe.valorServ}</var>
<arg>5500</arg>
<doc>Returns the given values which can then be assigned to a variables.</doc>
<status status="NOT RUN" starttime="20211211 13:31:44.444" endtime="20211211 13:31:44.444"/>
</kw>
<kw name="Set Variable" library="BuiltIn">
<var>${classe.valorTax}</var>
<arg>18000</arg>
<doc>Returns the given values which can then be assigned to a variables.</doc>
<status status="NOT RUN" starttime="20211211 13:31:44.444" endtime="20211211 13:31:44.444"/>
</kw>
<status status="NOT RUN" starttime="20211211 13:31:44.444" endtime="20211211 13:31:44.444"/>
</branch>
<status status="PASS" starttime="20211211 13:31:44.444" endtime="20211211 13:31:44.444"/>
</if>
<if>
<branch type="IF" condition="'${random}' == '${classe7}'">
<kw name="Set Variable" library="BuiltIn">
<var>${classe.nome}</var>
<arg>SASCARGA</arg>
<doc>Returns the given values which can then be assigned to a variables.</doc>
<status status="NOT RUN" starttime="20211211 13:31:44.444" endtime="20211211 13:31:44.444"/>
</kw>
<kw name="Set Variable" library="BuiltIn">
<var>${classe.valorMonit}</var>
<arg>10000</arg>
<doc>Returns the given values which can then be assigned to a variables.</doc>
<status status="NOT RUN" starttime="20211211 13:31:44.444" endtime="20211211 13:31:44.444"/>
</kw>
<kw name="Set Variable" library="BuiltIn">
<var>${classe.valorServ}</var>
<arg>10000</arg>
<doc>Returns the given values which can then be assigned to a variables.</doc>
<status status="NOT RUN" starttime="20211211 13:31:44.444" endtime="20211211 13:31:44.444"/>
</kw>
<kw name="Set Variable" library="BuiltIn">
<var>${classe.valorTax}</var>
<arg>11590</arg>
<doc>Returns the given values which can then be assigned to a variables.</doc>
<status status="NOT RUN" starttime="20211211 13:31:44.444" endtime="20211211 13:31:44.444"/>
</kw>
<status status="NOT RUN" starttime="20211211 13:31:44.444" endtime="20211211 13:31:44.444"/>
</branch>
<status status="PASS" starttime="20211211 13:31:44.444" endtime="20211211 13:31:44.444"/>
</if>
<if>
<branch type="IF" condition="'${random}' == '${classe8}'">
<kw name="Set Variable" library="BuiltIn">
<var>${classe.nome}</var>
<arg>SASCARGA FULL SAT 500</arg>
<doc>Returns the given values which can then be assigned to a variables.</doc>
<msg timestamp="20211211 13:31:44.444" level="INFO">${classe.nome} = SASCARGA FULL SAT 500</msg>
<status status="PASS" starttime="20211211 13:31:44.444" endtime="20211211 13:31:44.444"/>
</kw>
<kw name="Set Variable" library="BuiltIn">
<var>${classe.valorMonit}</var>
<arg>18300</arg>
<doc>Returns the given values which can then be assigned to a variables.</doc>
<msg timestamp="20211211 13:31:44.444" level="INFO">${classe.valorMonit} = 18300</msg>
<status status="PASS" starttime="20211211 13:31:44.444" endtime="20211211 13:31:44.444"/>
</kw>
<kw name="Set Variable" library="BuiltIn">
<var>${classe.valorServ}</var>
<arg>18300</arg>
<doc>Returns the given values which can then be assigned to a variables.</doc>
<msg timestamp="20211211 13:31:44.444" level="INFO">${classe.valorServ} = 18300</msg>
<status status="PASS" starttime="20211211 13:31:44.444" endtime="20211211 13:31:44.444"/>
</kw>
<kw name="Set Variable" library="BuiltIn">
<var>${classe.valorTax}</var>
<arg>12900</arg>
<doc>Returns the given values which can then be assigned to a variables.</doc>
<msg timestamp="20211211 13:31:44.444" level="INFO">${classe.valorTax} = 12900</msg>
<status status="PASS" starttime="20211211 13:31:44.444" endtime="20211211 13:31:44.444"/>
</kw>
<status status="PASS" starttime="20211211 13:31:44.444" endtime="20211211 13:31:44.444"/>
</branch>
<status status="PASS" starttime="20211211 13:31:44.444" endtime="20211211 13:31:44.444"/>
</if>
<if>
<branch type="IF" condition="'${random}' == '${classe9}'">
<kw name="Set Variable" library="BuiltIn">
<var>${classe.nome}</var>
<arg>SASMDT</arg>
<doc>Returns the given values which can then be assigned to a variables.</doc>
<status status="NOT RUN" starttime="20211211 13:31:44.444" endtime="20211211 13:31:44.444"/>
</kw>
<kw name="Set Variable" library="BuiltIn">
<var>${classe.valorMonit}</var>
<arg>10500</arg>
<doc>Returns the given values which can then be assigned to a variables.</doc>
<status status="NOT RUN" starttime="20211211 13:31:44.444" endtime="20211211 13:31:44.444"/>
</kw>
<kw name="Set Variable" library="BuiltIn">
<var>${classe.valorServ}</var>
<arg>10500</arg>
<doc>Returns the given values which can then be assigned to a variables.</doc>
<status status="NOT RUN" starttime="20211211 13:31:44.444" endtime="20211211 13:31:44.444"/>
</kw>
<kw name="Set Variable" library="BuiltIn">
<var>${classe.valorTax}</var>
<arg>10000</arg>
<doc>Returns the given values which can then be assigned to a variables.</doc>
<status status="NOT RUN" starttime="20211211 13:31:44.444" endtime="20211211 13:31:44.444"/>
</kw>
<status status="NOT RUN" starttime="20211211 13:31:44.444" endtime="20211211 13:31:44.444"/>
</branch>
<status status="PASS" starttime="20211211 13:31:44.444" endtime="20211211 13:31:44.444"/>
</if>
<if>
<branch type="IF" condition="'${random}' == '${classe10}'">
<kw name="Set Variable" library="BuiltIn">
<var>${classe.nome}</var>
<arg>SASTM FULL SAT III</arg>
<doc>Returns the given values which can then be assigned to a variables.</doc>
<status status="NOT RUN" starttime="20211211 13:31:44.444" endtime="20211211 13:31:44.444"/>
</kw>
<kw name="Set Variable" library="BuiltIn">
<var>${classe.valorMonit}</var>
<arg>27000</arg>
<doc>Returns the given values which can then be assigned to a variables.</doc>
<status status="NOT RUN" starttime="20211211 13:31:44.444" endtime="20211211 13:31:44.444"/>
</kw>
<kw name="Set Variable" library="BuiltIn">
<var>${classe.valorServ}</var>
<arg>27000</arg>
<doc>Returns the given values which can then be assigned to a variables.</doc>
<status status="NOT RUN" starttime="20211211 13:31:44.444" endtime="20211211 13:31:44.444"/>
</kw>
<kw name="Set Variable" library="BuiltIn">
<var>${classe.valorTax}</var>
<arg>13000</arg>
<doc>Returns the given values which can then be assigned to a variables.</doc>
<status status="NOT RUN" starttime="20211211 13:31:44.444" endtime="20211211 13:31:44.444"/>
</kw>
<status status="NOT RUN" starttime="20211211 13:31:44.444" endtime="20211211 13:31:44.444"/>
</branch>
<status status="PASS" starttime="20211211 13:31:44.444" endtime="20211211 13:31:44.444"/>
</if>
<if>
<branch type="IF" condition="'${random}' == '${classe11}'">
<kw name="Set Variable" library="BuiltIn">
<var>${classe.nome}</var>
<arg>SASMDT COM TELEMETRIA</arg>
<doc>Returns the given values which can then be assigned to a variables.</doc>
<status status="NOT RUN" starttime="20211211 13:31:44.444" endtime="20211211 13:31:44.444"/>
</kw>
<kw name="Evaluate" library="BuiltIn">
<var>${classe.valorMonit}</var>
<arg>random.randint(8000, 22000)</arg>
<doc>Evaluates the given expression in Python and returns the result.</doc>
<status status="NOT RUN" starttime="20211211 13:31:44.444" endtime="20211211 13:31:44.444"/>
</kw>
<kw name="Evaluate" library="BuiltIn">
<var>${classe.valorServ}</var>
<arg>random.randint(8000, 22000)</arg>
<doc>Evaluates the given expression in Python and returns the result.</doc>
<status status="NOT RUN" starttime="20211211 13:31:44.444" endtime="20211211 13:31:44.444"/>
</kw>
<kw name="Evaluate" library="BuiltIn">
<var>${classe.valorTax}</var>
<arg>random.randint(5000, 15000)</arg>
<doc>Evaluates the given expression in Python and returns the result.</doc>
<status status="NOT RUN" starttime="20211211 13:31:44.444" endtime="20211211 13:31:44.444"/>
</kw>
<status status="NOT RUN" starttime="20211211 13:31:44.444" endtime="20211211 13:31:44.444"/>
</branch>
<status status="PASS" starttime="20211211 13:31:44.444" endtime="20211211 13:31:44.444"/>
</if>
<msg timestamp="20211211 13:31:44.444" level="INFO">${classe} = {'nome': 'SASCARGA FULL SAT 500', 'valorMonit': '18300', 'valorServ': '18300', 'valorTax': '12900'}</msg>
<status status="PASS" starttime="20211211 13:31:44.444" endtime="20211211 13:31:44.444"/>
</kw>
<kw name="Novo Contrato PF" library="base">
<var>${termo}</var>
<arg>${classe.nome}</arg>
<arg>${classe.valorMonit}</arg>
<arg>${classe.valorServ}</arg>
<arg>${classe.valorTax}</arg>
<kw name="Cpf" library="FakerLibrary">
<var>${cpf}</var>
<msg timestamp="20211211 13:31:44.464" level="INFO">${cpf} = 685.407.129-11</msg>
<status status="PASS" starttime="20211211 13:31:44.463" endtime="20211211 13:31:44.464"/>
</kw>
<kw name="Rg" library="FakerLibrary">
<var>${rg}</var>
<doc>Brazilian RG, return plain numbers.
Check:  https://www.ngmatematica.com/2014/02/como-determinar-o-digito-verificador-do.html</doc>
<msg timestamp="20211211 13:31:44.464" level="INFO">${rg} = 54812307X</msg>
<status status="PASS" starttime="20211211 13:31:44.464" endtime="20211211 13:31:44.464"/>
</kw>
<kw name="Name" library="FakerLibrary">
<var>${nome}</var>
<doc>:example 'John Doe'</doc>
<msg timestamp="20211211 13:31:44.464" level="INFO">${nome} = Ian Nunes</msg>
<status status="PASS" starttime="20211211 13:31:44.464" endtime="20211211 13:31:44.464"/>
</kw>
<kw name="Name" library="FakerLibrary">
<var>${nomeMae}</var>
<doc>:example 'John Doe'</doc>
<msg timestamp="20211211 13:31:44.464" level="INFO">${nomeMae} = Maria Luiza Ramos</msg>
<status status="PASS" starttime="20211211 13:31:44.464" endtime="20211211 13:31:44.464"/>
</kw>
<kw name="Email" library="FakerLibrary">
<var>${email}</var>
<msg timestamp="20211211 13:31:44.464" level="INFO">${email} = aragaobenicio@hotmail.com</msg>
<status status="PASS" starttime="20211211 13:31:44.464" endtime="20211211 13:31:44.464"/>
</kw>
<kw name="Email" library="FakerLibrary">
<var>${emailFinanceiro}</var>
<msg timestamp="20211211 13:31:44.464" level="INFO">${emailFinanceiro} = da-motamelissa@gmail.com</msg>
<status status="PASS" starttime="20211211 13:31:44.464" endtime="20211211 13:31:44.464"/>
</kw>
<kw name="Ean" library="FakerLibrary">
<var>${chassi}</var>
<doc>Generate an EAN barcode of the specified ``length``.</doc>
<msg timestamp="20211211 13:31:44.464" level="INFO">${chassi} = 1923395802976</msg>
<status status="PASS" starttime="20211211 13:31:44.464" endtime="20211211 13:31:44.464"/>
</kw>
<kw name="Ean 8" library="FakerLibrary">
<var>${placa}</var>
<doc>Generate an EAN-8 barcode.</doc>
<msg timestamp="20211211 13:31:44.464" level="INFO">${placa} = 03391563</msg>
<status status="PASS" starttime="20211211 13:31:44.464" endtime="20211211 13:31:44.464"/>
</kw>
<kw name="Phone Number" library="FakerLibrary">
<var>${fone1}</var>
<msg timestamp="20211211 13:31:44.464" level="INFO">${fone1} = +55 (084) 4918-0250</msg>
<status status="PASS" starttime="20211211 13:31:44.464" endtime="20211211 13:31:44.464"/>
</kw>
<kw name="Phone Number" library="FakerLibrary">
<var>${fone2}</var>
<msg timestamp="20211211 13:31:44.464" level="INFO">${fone2} = +55 81 8333-4019</msg>
<status status="PASS" starttime="20211211 13:31:44.464" endtime="20211211 13:31:44.464"/>
</kw>
<kw name="Phone Number" library="FakerLibrary">
<var>${fone3}</var>
<msg timestamp="20211211 13:31:44.464" level="INFO">${fone3} = (011) 5402-5038</msg>
<status status="PASS" starttime="20211211 13:31:44.464" endtime="20211211 13:31:44.464"/>
</kw>
<kw name="Year" library="FakerLibrary">
<var>${ano}</var>
[...]
<arg>css=#prpoptante_simples</arg>
<arg>Sim</arg>
<doc>Selects options from selection list ``locator`` by ``labels``.</doc>
<msg timestamp="20211211 13:35:18.516" level="INFO">Selecting options from selection list 'css=#prpoptante_simples' by label Sim.</msg>
<status status="PASS" starttime="20211211 13:35:18.515" endtime="20211211 13:35:18.798"/>
</kw>
<kw name="Input Text" library="SeleniumLibrary">
<arg>css=#prplocatario_jur</arg>
<arg>${contratante}</arg>
<doc>Types the given ``text`` into the text field identified by ``locator``.</doc>
<msg timestamp="20211211 13:35:18.799" level="INFO">Typing text 'Sr. Danilo da Mota' into text field 'css=#prplocatario_jur'.</msg>
<status status="PASS" starttime="20211211 13:35:18.798" endtime="20211211 13:35:19.067"/>
</kw>
<kw name="Select From List By Label" library="SeleniumLibrary">
<arg>css=#prpinscricao_uf</arg>
<arg>PR</arg>
<doc>Selects options from selection list ``locator`` by ``labels``.</doc>
<msg timestamp="20211211 13:35:19.067" level="INFO">Selecting options from selection list 'css=#prpinscricao_uf' by label PR.</msg>
<status status="PASS" starttime="20211211 13:35:19.067" endtime="20211211 13:35:19.226"/>
</kw>
<kw name="Input Text" library="SeleniumLibrary">
<arg>css=#prpno_cep1</arg>
<arg>80620210</arg>
<doc>Types the given ``text`` into the text field identified by ``locator``.</doc>
<msg timestamp="20211211 13:35:19.226" level="INFO">Typing text '80620210' into text field 'css=#prpno_cep1'.</msg>
<status status="PASS" starttime="20211211 13:35:19.226" endtime="20211211 13:35:19.460"/>
</kw>
<kw name="Input Text" library="SeleniumLibrary">
<arg>css=#prpno_endereco1</arg>
<arg>1234</arg>
<doc>Types the given ``text`` into the text field identified by ``locator``.</doc>
<msg timestamp="20211211 13:35:19.460" level="INFO">Typing text '1234' into text field 'css=#prpno_endereco1'.</msg>
<status status="PASS" starttime="20211211 13:35:19.460" endtime="20211211 13:35:19.733"/>
</kw>
<kw name="Input Text" library="SeleniumLibrary">
<arg>css=#prpcompl1</arg>
<arg>bloco 1 ap 1</arg>
<doc>Types the given ``text`` into the text field identified by ``locator``.</doc>
<msg timestamp="20211211 13:35:19.734" level="INFO">Typing text 'bloco 1 ap 1' into text field 'css=#prpcompl1'.</msg>
<status status="PASS" starttime="20211211 13:35:19.734" endtime="20211211 13:35:19.978"/>
</kw>
<kw name="Input Text" library="SeleniumLibrary">
<arg>css=#prpfone1</arg>
<arg>${fone1}</arg>
<doc>Types the given ``text`` into the text field identified by ``locator``.</doc>
<msg timestamp="20211211 13:35:19.979" level="INFO">Typing text '(031) 5433 0671' into text field 'css=#prpfone1'.</msg>
<status status="PASS" starttime="20211211 13:35:19.979" endtime="20211211 13:35:20.207"/>
</kw>
<kw name="Input Text" library="SeleniumLibrary">
<arg>css=#prpfone2</arg>
<arg>${fone2}</arg>
<doc>Types the given ``text`` into the text field identified by ``locator``.</doc>
<msg timestamp="20211211 13:35:20.208" level="INFO">Typing text '+55 (084) 7389 4935' into text field 'css=#prpfone2'.</msg>
<status status="PASS" starttime="20211211 13:35:20.207" endtime="20211211 13:35:20.485"/>
</kw>
<kw name="Input Text" library="SeleniumLibrary">
<arg>css=#prpfone3</arg>
<arg>${fone3}</arg>
<doc>Types the given ``text`` into the text field identified by ``locator``.</doc>
<msg timestamp="20211211 13:35:20.487" level="INFO">Typing text '+55 61 4067 4944' into text field 'css=#prpfone3'.</msg>
<status status="PASS" starttime="20211211 13:35:20.486" endtime="20211211 13:35:20.818"/>
</kw>
<kw name="Input Text" library="SeleniumLibrary">
<arg>css=#prpemail</arg>
<arg>${email}</arg>
<doc>Types the given ``text`` into the text field identified by ``locator``.</doc>
<msg timestamp="20211211 13:35:20.819" level="INFO">Typing text 'ymoura@ig.com.br' into text field 'css=#prpemail'.</msg>
<status status="PASS" starttime="20211211 13:35:20.818" endtime="20211211 13:35:20.992"/>
</kw>
<kw name="Input Text" library="SeleniumLibrary">
<arg>css=#prpemail_nfe</arg>
<arg>${emailFinanceiro}</arg>
<doc>Types the given ``text`` into the text field identified by ``locator``.</doc>
<msg timestamp="20211211 13:35:20.993" level="INFO">Typing text 'julia56@da.com' into text field 'css=#prpemail_nfe'.</msg>
<status status="PASS" starttime="20211211 13:35:20.992" endtime="20211211 13:35:21.156"/>
</kw>
<kw name="Click Element" library="SeleniumLibrary">
<arg>xpath=//input[@id='copiar_dados_cobranca']</arg>
<doc>Click the element identified by ``locator``.</doc>
<msg timestamp="20211211 13:35:21.157" level="INFO">Clicking element 'xpath=//input[@id='copiar_dados_cobranca']'.</msg>
<status status="PASS" starttime="20211211 13:35:21.156" endtime="20211211 13:35:21.239"/>
</kw>
<kw name="Click Element" library="SeleniumLibrary">
<arg>xpath=//input[@id='copiar_dados']</arg>
<doc>Click the element identified by ``locator``.</doc>
<msg timestamp="20211211 13:35:21.239" level="INFO">Clicking element 'xpath=//input[@id='copiar_dados']'.</msg>
<status status="PASS" starttime="20211211 13:35:21.239" endtime="20211211 13:35:21.326"/>
</kw>
<kw name="Input Text" library="SeleniumLibrary">
<arg>css=#prpchassi</arg>
<arg>${chassi}</arg>
<doc>Types the given ``text`` into the text field identified by ``locator``.</doc>
<msg timestamp="20211211 13:35:21.327" level="INFO">Typing text '7768579283226' into text field 'css=#prpchassi'.</msg>
<status status="PASS" starttime="20211211 13:35:21.326" endtime="20211211 13:35:21.463"/>
</kw>
<kw name="Input Text" library="SeleniumLibrary">
<arg>css=#prpplaca</arg>
<arg>${placa}</arg>
<doc>Types the given ``text`` into the text field identified by ``locator``.</doc>
<msg timestamp="20211211 13:35:21.463" level="INFO">Typing text '82346331' into text field 'css=#prpplaca'.</msg>
<status status="PASS" starttime="20211211 13:35:21.463" endtime="20211211 13:35:21.597"/>
</kw>
<kw name="Select From List By Label" library="SeleniumLibrary">
<arg>id=prpmcaoid</arg>
<arg>8.160 DRC</arg>
<doc>Selects options from selection list ``locator`` by ``labels``.</doc>
<msg timestamp="20211211 13:35:21.597" level="INFO">Selecting options from selection list 'id=prpmcaoid' by label 8.160 DRC.</msg>
<status status="PASS" starttime="20211211 13:35:21.597" endtime="20211211 13:35:21.710"/>
</kw>
<kw name="Sleep" library="BuiltIn">
<arg>2</arg>
<doc>Pauses the test executed for the given time.</doc>
<msg timestamp="20211211 13:35:23.720" level="INFO">Slept 2 seconds</msg>
<status status="PASS" starttime="20211211 13:35:21.710" endtime="20211211 13:35:23.721"/>
</kw>
<kw name="Select From List By Label" library="SeleniumLibrary">
<arg>id=prpmlooid</arg>
<arg>TESTE</arg>
<doc>Selects options from selection list ``locator`` by ``labels``.</doc>
<msg timestamp="20211211 13:35:23.723" level="INFO">Selecting options from selection list 'id=prpmlooid' by label TESTE.</msg>
<status status="PASS" starttime="20211211 13:35:23.722" endtime="20211211 13:35:24.141"/>
</kw>
<kw name="Input Text" library="SeleniumLibrary">
<arg>css=#prpno_ano</arg>
<arg>2017</arg>
<doc>Types the given ``text`` into the text field identified by ``locator``.</doc>
<msg timestamp="20211211 13:35:24.145" level="INFO">Typing text '2017' into text field 'css=#prpno_ano'.</msg>
<status status="PASS" starttime="20211211 13:35:24.143" endtime="20211211 13:35:24.349"/>
</kw>
<kw name="Input Text" library="SeleniumLibrary">
<arg>css=#prpcor</arg>
<arg>${cor}</arg>
<doc>Types the given ``text`` into the text field identified by ``locator``.</doc>
<msg timestamp="20211211 13:35:24.350" level="INFO">Typing text 'Roxo brasilis' into text field 'css=#prpcor'.</msg>
<status status="PASS" starttime="20211211 13:35:24.350" endtime="20211211 13:35:24.577"/>
</kw>
<kw name="Input Text" library="SeleniumLibrary">
<arg>css=#prprenavam</arg>
<arg>${chassi}</arg>
<doc>Types the given ``text`` into the text field identified by ``locator``.</doc>
<msg timestamp="20211211 13:35:24.577" level="INFO">Typing text '7768579283226' into text field 'css=#prprenavam'.</msg>
<status status="PASS" starttime="20211211 13:35:24.577" endtime="20211211 13:35:24.736"/>
</kw>
<kw name="Click Element" library="SeleniumLibrary">
<arg>xpath=//input[@id='bt_add_veiculo']</arg>
<doc>Click the element identified by ``locator``.</doc>
<msg timestamp="20211211 13:35:24.737" level="INFO">Clicking element 'xpath=//input[@id='bt_add_veiculo']'.</msg>
<status status="PASS" starttime="20211211 13:35:24.736" endtime="20211211 13:35:24.826"/>
</kw>
<kw name="Sleep" library="BuiltIn">
<arg>2</arg>
<doc>Pauses the test executed for the given time.</doc>
<msg timestamp="20211211 13:35:26.833" level="INFO">Slept 2 seconds</msg>
<status status="PASS" starttime="20211211 13:35:24.826" endtime="20211211 13:35:26.834"/>
</kw>
<kw name="Select From List By Label" library="SeleniumLibrary">
<arg>id=execcontas</arg>
<arg>ALINE CAVALCANTE TEIXEIRA</arg>
<doc>Selects options from selection list ``locator`` by ``labels``.</doc>
<msg timestamp="20211211 13:35:26.835" level="INFO">Selecting options from selection list 'id=execcontas' by label ALINE CAVALCANTE TEIXEIRA.</msg>
<status status="PASS" starttime="20211211 13:35:26.834" endtime="20211211 13:35:29.633"/>
</kw>
<kw name="Sleep" library="BuiltIn">
<arg>4</arg>
<doc>Pauses the test executed for the given time.</doc>
<msg timestamp="20211211 13:35:33.650" level="INFO">Slept 4 seconds</msg>
<status status="PASS" starttime="20211211 13:35:29.636" endtime="20211211 13:35:33.650"/>
</kw>
<kw name="Select From List By Label" library="SeleniumLibrary">
<arg>css=#prpforcoid</arg>
<arg>Dinheiro</arg>
<doc>Selects options from selection list ``locator`` by ``labels``.</doc>
<msg timestamp="20211211 13:35:33.653" level="INFO">Selecting options from selection list 'css=#prpforcoid' by label Dinheiro.</msg>
<status status="PASS" starttime="20211211 13:35:33.652" endtime="20211211 13:35:33.959"/>
</kw>
<kw name="Sleep" library="BuiltIn">
<arg>4</arg>
<doc>Pauses the test executed for the given time.</doc>
<msg timestamp="20211211 13:35:37.981" level="INFO">Slept 4 seconds</msg>
<status status="PASS" starttime="20211211 13:35:33.959" endtime="20211211 13:35:37.982"/>
</kw>
<kw name="Select From List By Label" library="SeleniumLibrary">
<arg>id=prpdia_vcto_boleto</arg>
<arg>28</arg>
<doc>Selects options from selection list ``locator`` by ``labels``.</doc>
<msg timestamp="20211211 13:35:37.984" level="INFO">Selecting options from selection list 'id=prpdia_vcto_boleto' by label 28.</msg>
<status status="PASS" starttime="20211211 13:35:37.983" endtime="20211211 13:35:38.431"/>
</kw>
<kw name="Select From List By Label" library="SeleniumLibrary">
<arg>id=prpeqcoid</arg>
<arg>${tipoContrato}</arg>
<doc>Selects options from selection list ``locator`` by ``labels``.</doc>
<msg timestamp="20211211 13:35:38.434" level="INFO">Selecting options from selection list 'id=prpeqcoid' by label SASMDT COM TELEMETRIA.</msg>
<status status="PASS" starttime="20211211 13:35:38.432" endtime="20211211 13:35:38.823"/>
</kw>
<kw name="Select From List By Label" library="SeleniumLibrary">
<arg>id=prpcpvoid</arg>
<arg>999 x</arg>
<doc>Selects options from selection list ``locator`` by ``labels``.</doc>
<msg timestamp="20211211 13:35:38.825" level="INFO">Selecting options from selection list 'id=prpcpvoid' by label 999 x.</msg>
<kw name="Capture Page Screenshot" library="SeleniumLibrary">
<doc>Takes a screenshot of the current page and embeds it into a log file.</doc>
<msg timestamp="20211211 13:35:39.411" level="INFO" html="true">&lt;/td&gt;&lt;/tr&gt;&lt;tr&gt;&lt;td colspan="3"&gt;&lt;a href="selenium-screenshot-6.png"&gt;&lt;img src="selenium-screenshot-6.png" width="800px"&gt;&lt;/a&gt;</msg>
<status status="PASS" starttime="20211211 13:35:39.087" endtime="20211211 13:35:39.411"/>
</kw>
<msg timestamp="20211211 13:35:39.431" level="FAIL">UnexpectedAlertPresentException: Alert Text: A compatibilidade entre o veículo, modelo TESTE, ano 2017 e a classe SASMDT COM TELEMETRIA ainda não foi homologada. 

Message: unexpected alert open: {Alert text : A compatibilidade entre o veículo, modelo TESTE, ano 2017 e a classe SASMDT COM TELEMETRIA ainda não foi homologada. 
}
  (Session info: chrome=96.0.4664.93)
Stacktrace:
Backtrace:
	Ordinal0 [0x00B76903+2517251]
	Ordinal0 [0x00B0F8E1+2095329]
	Ordinal0 [0x00A12848+1058888]
	Ordinal0 [0x00A659FB+1399291]
	Ordinal0 [0x00A5639B+1336219]
	Ordinal0 [0x00A327A7+1189799]
	Ordinal0 [0x00A33609+1193481]
	GetHandleVerifier [0x00D05904+1577972]
	GetHandleVerifier [0x00DB0B97+2279047]
	GetHandleVerifier [0x00C06D09+534521]
	GetHandleVerifier [0x00C05DB9+530601]
	Ordinal0 [0x00B14FF9+2117625]
	Ordinal0 [0x00B198A8+2136232]
	Ordinal0 [0x00B199E2+2136546]
	Ordinal0 [0x00B23541+2176321]
	BaseThreadInitThunk [0x77A4FA29+25]
	RtlGetAppContainerNamedObjectPath [0x77B97A9E+286]
	RtlGetAppContainerNamedObjectPath [0x77B97A6E+238]
</msg>
<status status="FAIL" starttime="20211211 13:35:38.824" endtime="20211211 13:35:39.431"/>
</kw>
<kw name="Sleep" library="BuiltIn">
<arg>5</arg>
<doc>Pauses the test executed for the given time.</doc>
<status status="NOT RUN" starttime="20211211 13:35:39.431" endtime="20211211 13:35:39.431"/>
</kw>
<kw name="Input Text" library="SeleniumLibrary">
<arg>css=#prpvl_servico</arg>
<arg>${valorService}</arg>
<doc>Types the given ``text`` into the text field identified by ``locator``.</doc>
<status status="NOT RUN" starttime="20211211 13:35:39.431" endtime="20211211 13:35:39.431"/>
</kw>
<kw name="Input Text" library="SeleniumLibrary">
<arg>id=prpvl_monitoramento</arg>
<arg>${valorMonitoramento}</arg>
<doc>Types the given ``text`` into the text field identified by ``locator``.</doc>
<status status="NOT RUN" starttime="20211211 13:35:39.431" endtime="20211211 13:35:39.431"/>
</kw>
<kw name="Input Text" library="SeleniumLibrary">
<arg>id=valorTaxaInstalacao</arg>
<arg>${valorTaxa}</arg>
<doc>Types the given ``text`` into the text field identified by ``locator``.</doc>
<status status="NOT RUN" starttime="20211211 13:35:39.431" endtime="20211211 13:35:39.431"/>
</kw>
<kw name="Select From List By Label" library="SeleniumLibrary">
<arg>id=prpprazo_contrato</arg>
<arg>24</arg>
<doc>Selects options from selection list ``locator`` by ``labels``.</doc>
<status status="NOT RUN" starttime="20211211 13:35:39.431" endtime="20211211 13:35:39.431"/>
</kw>
<kw name="Input Text" library="SeleniumLibrary">
<arg>css=#prcnome_aut</arg>
<arg>${nome}</arg>
<doc>Types the given ``text`` into the text field identified by ``locator``.</doc>
<status status="NOT RUN" starttime="20211211 13:35:39.431" endtime="20211211 13:35:39.431"/>
</kw>
<kw name="Input Text" library="SeleniumLibrary">
<arg>css=#prccpf_aut</arg>
<arg>${cpf}</arg>
<doc>Types the given ``text`` into the text field identified by ``locator``.</doc>
<status status="NOT RUN" starttime="20211211 13:35:39.431" endtime="20211211 13:35:39.431"/>
</kw>
<kw name="Input Text" library="SeleniumLibrary">
<arg>css=#prcrg_aut</arg>
<arg>${rg}</arg>
<doc>Types the given ``text`` into the text field identified by ``locator``.</doc>
<status status="NOT RUN" starttime="20211211 13:35:39.431" endtime="20211211 13:35:39.431"/>
</kw>
<kw name="Input Text" library="SeleniumLibrary">
<arg>css=#prcfone_res_aut</arg>
<arg>${fone1}</arg>
<doc>Types the given ``text`` into the text field identified by ``locator``.</doc>
<status status="NOT RUN" starttime="20211211 13:35:39.431" endtime="20211211 13:35:39.431"/>
</kw>
<kw name="Click Element" library="SeleniumLibrary">
<arg>css=#bt_add_aut</arg>
<doc>Click the element identified by ``locator``.</doc>
<status status="NOT RUN" starttime="20211211 13:35:39.431" endtime="20211211 13:35:39.431"/>
</kw>
<kw name="Sleep" library="BuiltIn">
<arg>2</arg>
<doc>Pauses the test executed for the given time.</doc>
<status status="NOT RUN" starttime="20211211 13:35:39.431" endtime="20211211 13:35:39.431"/>
</kw>
<kw name="Click Element" library="SeleniumLibrary">
<arg>css=#replicar_aut</arg>
<doc>Click the element identified by ``locator``.</doc>
<status status="NOT RUN" starttime="20211211 13:35:39.431" endtime="20211211 13:35:39.431"/>
</kw>
<kw name="Select From List By Label" library="SeleniumLibrary">
<arg>id=replicar_aut</arg>
<arg>Todos</arg>
<doc>Selects options from selection list ``locator`` by ``labels``.</doc>
<status status="NOT RUN" starttime="20211211 13:35:39.431" endtime="20211211 13:35:39.431"/>
</kw>
<kw name="Sleep" library="BuiltIn">
<arg>5</arg>
<doc>Pauses the test executed for the given time.</doc>
<status status="NOT RUN" starttime="20211211 13:35:39.431" endtime="20211211 13:35:39.431"/>
</kw>
<kw name="Click Element" library="SeleniumLibrary">
<arg>css=#chk_prpinscricao</arg>
<doc>Click the element identified by ``locator``.</doc>
<status status="NOT RUN" starttime="20211211 13:35:39.431" endtime="20211211 13:35:39.431"/>
</kw>
<kw name="Click Element" library="SeleniumLibrary">
<arg>css=#bt_confirmar</arg>
<doc>Click the element identified by ``locator``.</doc>
<status status="NOT RUN" starttime="20211211 13:35:39.431" endtime="20211211 13:35:39.431"/>
</kw>
<kw name="Get WebElement" library="SeleniumLibrary">
<var>${contrato}</var>
<arg>css:.tdc &gt; td:nth-child(7)</arg>
<doc>Returns the first WebElement matching the given ``locator``.</doc>
<status status="NOT RUN" starttime="20211211 13:35:39.431" endtime="20211211 13:35:39.431"/>
</kw>
<kw name="Click Element" library="SeleniumLibrary">
<arg>css=.tdc &gt; td:nth-child(7)</arg>
<doc>Click the element identified by ``locator``.</doc>
<status status="NOT RUN" starttime="20211211 13:35:39.431" endtime="20211211 13:35:39.431"/>
</kw>
<kw name="Evidencia" library="base">
<arg>contrato.${contrato.text}</arg>
<status status="NOT RUN" starttime="20211211 13:35:39.431" endtime="20211211 13:35:39.431"/>
</kw>
<status status="FAIL" starttime="20211211 13:35:12.968" endtime="20211211 13:35:39.431"/>
</kw>
<kw name="Geração de contrato" library="base">
<arg>${termo}</arg>
<status status="NOT RUN" starttime="20211211 13:35:39.431" endtime="20211211 13:35:39.431"/>
</kw>
<kw name="Continue For Loop" library="BuiltIn">
<doc>Skips the current for loop iteration and continues from the next.</doc>
<status status="NOT RUN" starttime="20211211 13:35:39.431" endtime="20211211 13:35:39.431"/>
</kw>
<status status="FAIL" starttime="20211211 13:35:05.577" endtime="20211211 13:35:39.431"/>
</iter>
<status status="FAIL" starttime="20211211 13:33:30.372" endtime="20211211 13:35:39.431"/>
</for>
<status status="FAIL" starttime="20211211 13:33:30.369" endtime="20211211 13:35:39.441">UnexpectedAlertPresentException: Alert Text: A compatibilidade entre o veículo, modelo TESTE, ano 2017 e a classe SASMDT COM TELEMETRIA ainda não foi homologada. 

Message: unexpected alert open: {Alert text : A compatibilidade entre o veículo, modelo TESTE, ano 2017 e a classe SASMDT COM TELEMETRIA ainda não foi homologada. 
}
  (Session info: chrome=96.0.4664.93)
Stacktrace:
Backtrace:
	Ordinal0 [0x00B76903+2517251]
	Ordinal0 [0x00B0F8E1+2095329]
	Ordinal0 [0x00A12848+1058888]
	Ordinal0 [0x00A659FB+1399291]
	Ordinal0 [0x00A5639B+1336219]
	Ordinal0 [0x00A327A7+1189799]
	Ordinal0 [0x00A33609+1193481]
	GetHandleVerifier [0x00D05904+1577972]
	GetHandleVerifier [0x00DB0B97+2279047]
	GetHandleVerifier [0x00C06D09+534521]
	GetHandleVerifier [0x00C05DB9+530601]
	Ordinal0 [0x00B14FF9+2117625]
	Ordinal0 [0x00B198A8+2136232]
	Ordinal0 [0x00B199E2+2136546]
	Ordinal0 [0x00B23541+2176321]
	BaseThreadInitThunk [0x77A4FA29+25]
	RtlGetAppContainerNamedObjectPath [0x77B97A9E+286]
	RtlGetAppContainerNamedObjectPath [0x77B97A6E+238]
</status>
</test>
<status status="FAIL" starttime="20211211 13:28:18.392" endtime="20211211 13:35:39.468"/>
</suite>
<statistics>
<total>
<stat pass="1" fail="1" skip="0">All Tests</stat>
</total>
<tag>
</tag>
<suite>
<stat pass="1" fail="1" skip="0" id="s1" name="Cadastro">Cadastro</stat>
</suite>
</statistics>
<errors>
</errors>
</robot>
